*[name] green_tree [pos] 40.4 0.0 -476.0 [scale] 4.3 3.6 4.3 [rotation] 0 63 -2
*[name] green_tree [pos] 47.5 0.0 -474.0 [scale] 4.6 4.3 4.6 [rotation] 0 89 2
*[name] green_tree [pos] 40.4 0.0 -474.0 [scale] 4.2 5.0 4.2 [rotation] 0 46 -1
*[name] green_tree [pos] 37.4 0.0 -472.0 [scale] 4.6 4.3 4.6 [rotation] 0 56 -1
*[name] green_tree [pos] 47.5 0.0 -470.0 [scale] 3.3 3.3 3.3 [rotation] 0 57 -4
*[name] green_tree [pos] 44.5 0.0 -470.0 [scale] 4.8 4.7 4.8 [rotation] 0 19 2
*[name] green_tree [pos] 40.4 0.0 -470.0 [scale] 4.2 4.4 4.2 [rotation] 0 55 -0
*[name] green_tree [pos] 39.4 0.0 -470.0 [scale] 3.3 3.2 3.3 [rotation] 0 2 3
*[name] green_tree [pos] 34.4 0.0 -470.0 [scale] 3.9 4.5 3.9 [rotation] 0 6 -2
*[name] green_tree [pos] 37.4 0.0 -465.9 [scale] 5.0 4.1 5.0 [rotation] 0 0 1
*[name] green_tree [pos] 35.4 0.0 -463.9 [scale] 4.6 4.8 4.6 [rotation] 0 2 1
*[name] green_tree [pos] 49.6 0.0 -461.9 [scale] 4.6 5.1 4.6 [rotation] 0 2 4
*[name] green_tree [pos] 35.4 0.0 -457.9 [scale] 3.1 3.5 3.1 [rotation] 0 89 5
*[name] green_tree [pos] 49.6 0.0 -455.9 [scale] 5.0 4.5 5.0 [rotation] 0 56 1
*[name] green_tree [pos] 47.5 0.0 -437.8 [scale] 4.4 4.0 4.4 [rotation] 0 8 3
*[name] green_tree [pos] 34.4 0.0 -437.8 [scale] 4.2 3.6 4.2 [rotation] 0 56 -4
*[name] herring [pos] 40.4 0.0 -427.8 [scale] 1.0 1.0 1.0 [rotation] 0 0 0
*[name] herring [pos] 40.4 0.0 -405.7 [scale] 1.0 1.0 1.0 [rotation] 0 0 0
*[name] herring [pos] 40.4 0.0 -391.6 [scale] 1.0 1.0 1.0 [rotation] 0 0 0
*[name] herring [pos] 42.5 0.0 -379.6 [scale] 1.0 1.0 1.0 [rotation] 0 0 0
*[name] herring [pos] 48.5 0.0 -361.5 [scale] 1.0 1.0 1.0 [rotation] 0 0 0
*[name] herring [pos] 51.6 0.0 -327.4 [scale] 1.0 1.0 1.0 [rotation] 0 0 0
*[name] herring [pos] 50.6 0.0 -321.3 [scale] 1.0 1.0 1.0 [rotation] 0 0 0
*[name] herring [pos] 44.5 0.0 -299.2 [scale] 1.0 1.0 1.0 [rotation] 0 0 0
*[name] herring [pos] 39.4 0.0 -281.2 [scale] 1.0 1.0 1.0 [rotation] 0 0 0
*[name] herring [pos] 38.4 0.0 -259.1 [scale] 1.0 1.0 1.0 [rotation] 0 0 0
*[name] green_tree [pos] 33.4 0.0 -243.0 [scale] 4.6 5.3 4.6 [rotation] 0 29 3
*[name] green_tree [pos] 33.4 0.0 -237.0 [scale] 4.5 4.3 4.5 [rotation] 0 37 0
*[name] green_tree [pos] 34.4 0.0 -231.0 [scale] 4.7 4.7 4.7 [rotation] 0 12 1
*[name] green_tree [pos] 34.4 0.0 -229.0 [scale] 3.1 2.7 3.1 [rotation] 0 50 -4
*[name] green_tree [pos] 47.5 0.0 -226.9 [scale] 4.6 5.0 4.6 [rotation] 0 6 3
*[name] herring [pos] 42.5 0.0 -226.9 [scale] 1.0 1.0 1.0 [rotation] 0 0 0
*[name] green_tree [pos] 35.4 0.0 -226.9 [scale] 4.5 5.1 4.5 [rotation] 0 36 -1
*[name] green_tree [pos] 47.5 0.0 -222.9 [scale] 4.9 5.1 4.9 [rotation] 0 23 1
*[name] green_tree [pos] 31.3 0.0 -222.9 [scale] 4.2 5.2 4.2 [rotation] 0 56 -1
*[name] green_tree [pos] 35.4 0.0 -220.9 [scale] 4.1 5.2 4.1 [rotation] 0 20 -2
*[name] green_tree [pos] 31.3 0.0 -220.9 [scale] 3.5 3.9 3.5 [rotation] 0 76 -4
*[name] green_tree [pos] 48.5 0.0 -218.9 [scale] 3.1 4.0 3.1 [rotation] 0 63 -4
*[name] herring [pos] 42.5 0.0 -218.9 [scale] 1.0 1.0 1.0 [rotation] 0 0 0
*[name] green_tree [pos] 36.4 0.0 -216.9 [scale] 3.3 3.0 3.3 [rotation] 0 19 4
*[name] green_tree [pos] 48.5 0.0 -214.9 [scale] 4.6 4.3 4.6 [rotation] 0 67 1
*[name] green_tree [pos] 36.4 0.0 -214.9 [scale] 4.9 4.3 4.9 [rotation] 0 89 4
*[name] green_tree [pos] 36.4 0.0 -212.9 [scale] 4.3 3.9 4.3 [rotation] 0 40 -3
*[name] green_tree [pos] 34.4 0.0 -212.9 [scale] 3.2 2.7 3.2 [rotation] 0 58 2
*[name] green_tree [pos] 51.6 0.0 -208.9 [scale] 5.0 6.2 5.0 [rotation] 0 90 -3
*[name] green_tree [pos] 36.4 0.0 -208.9 [scale] 4.0 4.9 4.0 [rotation] 0 29 0
*[name] green_tree [pos] 34.4 0.0 -208.9 [scale] 4.6 3.8 4.6 [rotation] 0 59 4
*[name] herring [pos] 44.5 0.0 -206.9 [scale] 1.0 1.0 1.0 [rotation] 0 0 0
*[name] green_tree [pos] 38.4 0.0 -204.9 [scale] 3.6 4.4 3.6 [rotation] 0 80 -4
*[name] green_tree [pos] 54.6 0.0 -198.8 [scale] 3.3 3.7 3.3 [rotation] 0 58 -4
*[name] green_tree [pos] 53.6 0.0 -198.8 [scale] 4.5 5.1 4.5 [rotation] 0 0 -1
*[name] green_tree [pos] 35.4 0.0 -198.8 [scale] 4.7 4.8 4.7 [rotation] 0 57 5
*[name] green_tree [pos] 57.6 0.0 -196.8 [scale] 4.0 3.8 4.0 [rotation] 0 61 -0
*[name] green_tree [pos] 51.6 0.0 -196.8 [scale] 3.3 3.7 3.3 [rotation] 0 67 1
*[name] green_tree [pos] 55.6 0.0 -190.8 [scale] 4.0 3.4 4.0 [rotation] 0 17 -2
*[name] green_tree [pos] 53.6 0.0 -190.8 [scale] 3.2 3.9 3.2 [rotation] 0 25 -1
*[name] green_tree [pos] 58.7 0.0 -188.8 [scale] 4.4 3.9 4.4 [rotation] 0 42 4
*[name] green_tree [pos] 53.6 0.0 -188.8 [scale] 4.6 3.9 4.6 [rotation] 0 87 1
*[name] green_tree [pos] 54.6 0.0 -184.8 [scale] 4.5 5.7 4.5 [rotation] 0 86 1
*[name] herring [pos] 49.6 0.0 -144.6 [scale] 1.0 1.0 1.0 [rotation] 0 0 0
*[name] green_tree [pos] 35.4 0.0 -140.6 [scale] 3.8 4.2 3.8 [rotation] 0 52 4
*[name] green_tree [pos] 34.4 0.0 -138.6 [scale] 4.7 4.4 4.7 [rotation] 0 37 5
*[name] green_tree [pos] 34.4 0.0 -136.6 [scale] 4.9 4.3 4.9 [rotation] 0 57 -1
*[name] herring [pos] 50.6 0.0 -134.6 [scale] 1.0 1.0 1.0 [rotation] 0 0 0
*[name] green_tree [pos] 36.4 0.0 -134.6 [scale] 3.4 4.2 3.4 [rotation] 0 70 -2
*[name] green_tree [pos] 35.4 0.0 -134.6 [scale] 4.3 3.6 4.3 [rotation] 0 62 -1
*[name] green_tree [pos] 37.4 0.0 -126.5 [scale] 3.4 3.0 3.4 [rotation] 0 20 5
*[name] green_tree [pos] 36.4 0.0 -120.5 [scale] 3.5 3.2 3.5 [rotation] 0 50 5
*[name] green_tree [pos] 32.4 0.0 -114.5 [scale] 3.3 3.5 3.3 [rotation] 0 53 1
*[name] green_tree [pos] 35.4 0.0 -110.5 [scale] 3.2 2.8 3.2 [rotation] 0 43 4
*[name] herring [pos] 48.5 0.0 -96.4 [scale] 1.0 1.0 1.0 [rotation] 0 0 0
*[name] green_tree [pos] 58.7 0.0 -92.4 [scale] 3.9 4.8 3.9 [rotation] 0 85 -1
*[name] green_tree [pos] 36.4 0.0 -92.4 [scale] 3.1 3.4 3.1 [rotation] 0 73 -2
*[name] green_tree [pos] 56.6 0.0 -90.4 [scale] 3.8 4.2 3.8 [rotation] 0 53 -4
*[name] green_tree [pos] 34.4 0.0 -82.3 [scale] 4.3 4.0 4.3 [rotation] 0 39 4
*[name] green_tree [pos] 54.6 0.0 -78.3 [scale] 3.9 4.4 3.9 [rotation] 0 77 2
*[name] green_tree [pos] 33.4 0.0 -76.3 [scale] 4.7 4.7 4.7 [rotation] 0 61 -5
*[name] green_tree [pos] 56.6 0.0 -74.3 [scale] 4.8 4.5 4.8 [rotation] 0 51 5
*[name] green_tree [pos] 55.6 0.0 -74.3 [scale] 3.9 3.2 3.9 [rotation] 0 84 4
*[name] green_tree [pos] 31.3 0.0 -68.3 [scale] 4.9 6.0 4.9 [rotation] 0 21 5
*[name] green_tree [pos] 28.3 0.0 -68.3 [scale] 3.9 3.2 3.9 [rotation] 0 24 4
*[name] green_tree [pos] 54.6 0.0 -66.3 [scale] 4.3 5.2 4.3 [rotation] 0 82 -2
*[name] green_tree [pos] 35.4 0.0 -66.3 [scale] 3.3 3.2 3.3 [rotation] 0 11 1
*[name] green_tree [pos] 32.4 0.0 -60.3 [scale] 3.0 3.9 3.0 [rotation] 0 23 4
*[name] green_tree [pos] 54.6 0.0 -58.2 [scale] 3.8 4.8 3.8 [rotation] 0 78 -2
*[name] herring [pos] 45.5 0.0 -56.2 [scale] 1.0 1.0 1.0 [rotation] 0 0 0
*[name] green_tree [pos] 55.6 0.0 -54.2 [scale] 3.4 3.5 3.4 [rotation] 0 25 2
*[name] green_tree [pos] 34.4 0.0 -52.2 [scale] 4.0 3.6 4.0 [rotation] 0 47 -1
*[name] herring [pos] 44.5 0.0 -50.2 [scale] 1.0 1.0 1.0 [rotation] 0 0 0
*[name] green_tree [pos] 53.6 0.0 -48.2 [scale] 3.2 3.7 3.2 [rotation] 0 38 0
*[name] herring [pos] 43.5 0.0 -44.2 [scale] 1.0 1.0 1.0 [rotation] 0 0 0
*[name] green_tree [pos] 32.4 0.0 -44.2 [scale] 4.6 5.3 4.6 [rotation] 0 35 -1
*[name] green_tree [pos] 31.3 0.0 -44.2 [scale] 4.1 3.9 4.1 [rotation] 0 63 2
*[name] green_tree [pos] 50.6 0.0 -42.2 [scale] 4.3 5.2 4.3 [rotation] 0 21 2
*[name] green_tree [pos] 34.4 0.0 -38.2 [scale] 4.6 4.8 4.6 [rotation] 0 46 -3
*[name] green_tree [pos] 34.4 0.0 -36.2 [scale] 3.8 3.8 3.8 [rotation] 0 42 1
*[name] green_tree [pos] 51.6 0.0 -32.1 [scale] 4.6 5.4 4.6 [rotation] 0 25 -2
*[name] green_tree [pos] 34.4 0.0 -32.1 [scale] 4.9 5.9 4.9 [rotation] 0 67 -5
*[name] green_tree [pos] 30.3 0.0 -30.1 [scale] 4.1 3.7 4.1 [rotation] 0 51 -1
*[name] green_tree [pos] 50.6 0.0 -28.1 [scale] 4.7 6.0 4.7 [rotation] 0 73 -1
*[name] green_tree [pos] 49.6 0.0 -28.1 [scale] 3.5 3.7 3.5 [rotation] 0 7 4
*[name] green_tree [pos] 34.4 0.0 -28.1 [scale] 3.7 3.5 3.7 [rotation] 0 49 -4
*[name] green_tree [pos] 49.6 0.0 -26.1 [scale] 4.6 3.8 4.6 [rotation] 0 28 -3
*[name] herring [pos] 44.5 0.0 -26.1 [scale] 1.0 1.0 1.0 [rotation] 0 0 0
*[name] green_tree [pos] 36.4 0.0 -24.1 [scale] 3.9 4.6 3.9 [rotation] 0 76 -2
*[name] green_tree [pos] 39.4 0.0 -22.1 [scale] 4.0 3.5 4.0 [rotation] 0 53 -0
*[name] green_tree [pos] 36.4 0.0 -22.1 [scale] 4.8 4.7 4.8 [rotation] 0 45 -0
*[name] green_tree [pos] 50.6 0.0 -20.1 [scale] 4.0 3.4 4.0 [rotation] 0 78 -1
*[name] green_tree [pos] 49.6 0.0 -20.1 [scale] 3.0 3.4 3.0 [rotation] 0 70 -2
*[name] green_tree [pos] 36.4 0.0 -20.1 [scale] 3.4 4.1 3.4 [rotation] 0 14 0
*[name] green_tree [pos] 35.4 0.0 -18.1 [scale] 3.3 3.9 3.3 [rotation] 0 58 5
*[name] green_tree [pos] 49.6 0.0 -14.1 [scale] 4.5 3.6 4.5 [rotation] 0 44 -2
*[name] green_tree [pos] 48.5 0.0 -14.1 [scale] 3.3 2.7 3.3 [rotation] 0 66 -4
*[name] green_tree [pos] 38.4 0.0 -14.1 [scale] 3.8 3.5 3.8 [rotation] 0 50 4
*[name] green_tree [pos] 50.6 0.0 -10.0 [scale] 3.6 3.6 3.6 [rotation] 0 26 -2
*[name] green_tree [pos] 37.4 0.0 -8.0 [scale] 3.2 2.6 3.2 [rotation] 0 53 -2

*[name] finish [pos] 42 0.0 -435.0 [scale] 6 4 4 [rotation] 0 0 0
*[name] start [pos] 45 0.0 -4.0 [scale] 4 3 3 [rotation] 0 0 0
