This file contains any messages produced by compilers while
running configure, to aid debugging if configure makes a mistake.

It was created by configure, which was
generated by GNU Autoconf 2.61.  Invocation command line was

  $ ./configure 

## --------- ##
## Platform. ##
## --------- ##

hostname = Torandis
uname -m = i686
uname -r = 2.6.20-16-386
uname -s = Linux
uname -v = #2 Fri Aug 31 00:51:58 UTC 2007

/usr/bin/uname -p = unknown
/bin/uname -X     = unknown

/bin/arch              = i686
/usr/bin/arch -k       = unknown
/usr/convex/getsysinfo = unknown
/usr/bin/hostinfo      = unknown
/bin/machine           = unknown
/usr/bin/oslevel       = unknown
/bin/universe          = unknown

PATH: /usr/local/sbin
PATH: /usr/local/bin
PATH: /usr/sbin
PATH: /usr/bin
PATH: /sbin
PATH: /bin
PATH: /usr/bin/X11
PATH: /usr/games
PATH: /usr/lib/jvm/java-6-sun/bin


## ----------- ##
## Core tests. ##
## ----------- ##

configure:1832: checking build system type
configure:1850: result: i686-pc-linux-gnu
configure:1872: checking host system type
configure:1887: result: i686-pc-linux-gnu
configure:1909: checking target system type
configure:1924: result: i686-pc-linux-gnu
configure:1967: checking for a BSD-compatible install
configure:2023: result: /usr/bin/install -c
configure:2034: checking whether build environment is sane
configure:2077: result: yes
configure:2105: checking for a thread-safe mkdir -p
configure:2144: result: /bin/mkdir -p
configure:2157: checking for gawk
configure:2187: result: no
configure:2157: checking for mawk
configure:2173: found /usr/bin/mawk
configure:2184: result: mawk
configure:2195: checking whether make sets $(MAKE)
configure:2216: result: yes
configure:2406: checking whether to enable maintainer-specific portions of Makefiles
configure:2415: result: no
configure:2442: checking for a BSD-compatible install
configure:2498: result: /usr/bin/install -c
configure:2557: checking for gcc
configure:2573: found /usr/bin/gcc
configure:2584: result: gcc
configure:2822: checking for C compiler version
configure:2829: gcc --version >&5
gcc (GCC) 4.1.2 (Ubuntu 4.1.2-0ubuntu4)
Copyright (C) 2006 Free Software Foundation, Inc.
This is free software; see the source for copying conditions.  There is NO
warranty; not even for MERCHANTABILITY or FITNESS FOR A PARTICULAR PURPOSE.

configure:2832: $? = 0
configure:2839: gcc -v >&5
Using built-in specs.
Target: i486-linux-gnu
Configured with: ../src/configure -v --enable-languages=c,c++,fortran,objc,obj-c++,treelang --prefix=/usr --enable-shared --with-system-zlib --libexecdir=/usr/lib --without-included-gettext --enable-threads=posix --enable-nls --program-suffix=-4.1 --enable-__cxa_atexit --enable-clocale=gnu --enable-libstdcxx-debug --enable-mpfr --enable-checking=release i486-linux-gnu
Thread model: posix
gcc version 4.1.2 (Ubuntu 4.1.2-0ubuntu4)
configure:2842: $? = 0
configure:2849: gcc -V >&5
gcc: '-V' option must have argument
configure:2852: $? = 1
configure:2875: checking for C compiler default output file name
configure:2902: gcc    conftest.c  >&5
configure:2905: $? = 0
configure:2943: result: a.out
configure:2960: checking whether the C compiler works
configure:2970: ./a.out
configure:2973: $? = 0
configure:2990: result: yes
configure:2997: checking whether we are cross compiling
configure:2999: result: no
configure:3002: checking for suffix of executables
configure:3009: gcc -o conftest    conftest.c  >&5
configure:3012: $? = 0
configure:3036: result: 
configure:3042: checking for suffix of object files
configure:3068: gcc -c   conftest.c >&5
configure:3071: $? = 0
configure:3094: result: o
configure:3098: checking whether we are using the GNU C compiler
configure:3127: gcc -c   conftest.c >&5
configure:3133: $? = 0
configure:3150: result: yes
configure:3155: checking whether gcc accepts -g
configure:3185: gcc -c -g  conftest.c >&5
configure:3191: $? = 0
configure:3290: result: yes
configure:3307: checking for gcc option to accept ISO C89
configure:3381: gcc  -c -g -O2  conftest.c >&5
configure:3387: $? = 0
configure:3410: result: none needed
configure:3439: checking for style of include used by make
configure:3467: result: GNU
configure:3492: checking dependency style of gcc
configure:3583: result: gcc3
configure:3656: checking for g++
configure:3672: found /usr/bin/g++
configure:3683: result: g++
configure:3714: checking for C++ compiler version
configure:3721: g++ --version >&5
g++ (GCC) 4.1.2 (Ubuntu 4.1.2-0ubuntu4)
Copyright (C) 2006 Free Software Foundation, Inc.
This is free software; see the source for copying conditions.  There is NO
warranty; not even for MERCHANTABILITY or FITNESS FOR A PARTICULAR PURPOSE.

configure:3724: $? = 0
configure:3731: g++ -v >&5
Using built-in specs.
Target: i486-linux-gnu
Configured with: ../src/configure -v --enable-languages=c,c++,fortran,objc,obj-c++,treelang --prefix=/usr --enable-shared --with-system-zlib --libexecdir=/usr/lib --without-included-gettext --enable-threads=posix --enable-nls --program-suffix=-4.1 --enable-__cxa_atexit --enable-clocale=gnu --enable-libstdcxx-debug --enable-mpfr --enable-checking=release i486-linux-gnu
Thread model: posix
gcc version 4.1.2 (Ubuntu 4.1.2-0ubuntu4)
configure:3734: $? = 0
configure:3741: g++ -V >&5
g++: '-V' option must have argument
configure:3744: $? = 1
configure:3747: checking whether we are using the GNU C++ compiler
configure:3776: g++ -c   conftest.cpp >&5
configure:3782: $? = 0
configure:3799: result: yes
configure:3804: checking whether g++ accepts -g
configure:3834: g++ -c -g  conftest.cpp >&5
configure:3840: $? = 0
configure:3939: result: yes
configure:3964: checking dependency style of g++
configure:4055: result: gcc3
configure:4114: checking for ranlib
configure:4130: found /usr/bin/ranlib
configure:4141: result: ranlib
configure:4174: checking how to run the C preprocessor
configure:4214: gcc -E  conftest.c
configure:4220: $? = 0
configure:4251: gcc -E  conftest.c
conftest.c:10:28: error: ac_nonexistent.h: No such file or directory
configure:4257: $? = 1
configure: failed program was:
| /* confdefs.h.  */
| #define PACKAGE_NAME ""
| #define PACKAGE_TARNAME ""
| #define PACKAGE_VERSION ""
| #define PACKAGE_STRING ""
| #define PACKAGE_BUGREPORT ""
| #define PACKAGE "etracer"
| #define VERSION "SVN Development"
| /* end confdefs.h.  */
| #include <ac_nonexistent.h>
configure:4290: result: gcc -E
configure:4319: gcc -E  conftest.c
configure:4325: $? = 0
configure:4356: gcc -E  conftest.c
conftest.c:10:28: error: ac_nonexistent.h: No such file or directory
configure:4362: $? = 1
configure: failed program was:
| /* confdefs.h.  */
| #define PACKAGE_NAME ""
| #define PACKAGE_TARNAME ""
| #define PACKAGE_VERSION ""
| #define PACKAGE_STRING ""
| #define PACKAGE_BUGREPORT ""
| #define PACKAGE "etracer"
| #define VERSION "SVN Development"
| /* end confdefs.h.  */
| #include <ac_nonexistent.h>
configure:4400: checking for grep that handles long lines and -e
configure:4474: result: /bin/grep
configure:4479: checking for egrep
configure:4557: result: /bin/grep -E
configure:4562: checking for ANSI C header files
configure:4592: gcc -c -g -O2  conftest.c >&5
configure:4598: $? = 0
configure:4697: gcc -o conftest -g -O2   conftest.c  >&5
configure:4700: $? = 0
configure:4706: ./conftest
configure:4709: $? = 0
configure:4726: result: yes
configure:4750: checking for sys/types.h
configure:4771: gcc -c -g -O2  conftest.c >&5
configure:4777: $? = 0
configure:4793: result: yes
configure:4750: checking for sys/stat.h
configure:4771: gcc -c -g -O2  conftest.c >&5
configure:4777: $? = 0
configure:4793: result: yes
configure:4750: checking for stdlib.h
configure:4771: gcc -c -g -O2  conftest.c >&5
configure:4777: $? = 0
configure:4793: result: yes
configure:4750: checking for string.h
configure:4771: gcc -c -g -O2  conftest.c >&5
configure:4777: $? = 0
configure:4793: result: yes
configure:4750: checking for memory.h
configure:4771: gcc -c -g -O2  conftest.c >&5
configure:4777: $? = 0
configure:4793: result: yes
configure:4750: checking for strings.h
configure:4771: gcc -c -g -O2  conftest.c >&5
configure:4777: $? = 0
configure:4793: result: yes
configure:4750: checking for inttypes.h
configure:4771: gcc -c -g -O2  conftest.c >&5
configure:4777: $? = 0
configure:4793: result: yes
configure:4750: checking for stdint.h
configure:4771: gcc -c -g -O2  conftest.c >&5
configure:4777: $? = 0
configure:4793: result: yes
configure:4750: checking for unistd.h
configure:4771: gcc -c -g -O2  conftest.c >&5
configure:4777: $? = 0
configure:4793: result: yes
configure:4821: checking sys/time.h usability
configure:4838: gcc -c -g -O2  conftest.c >&5
configure:4844: $? = 0
configure:4858: result: yes
configure:4862: checking sys/time.h presence
configure:4877: gcc -E  conftest.c
configure:4883: $? = 0
configure:4897: result: yes
configure:4925: checking for sys/time.h
configure:4933: result: yes
configure:4811: checking for unistd.h
configure:4817: result: yes
configure:4947: checking for an ANSI C-conforming const
configure:5022: gcc -c -g -O2  conftest.c >&5
configure:5028: $? = 0
configure:5043: result: yes
configure:5053: checking whether time.h and sys/time.h may both be included
configure:5083: gcc -c -g -O2  conftest.c >&5
configure:5089: $? = 0
configure:5104: result: yes
configure:5121: checking for getcwd
configure:5177: gcc -o conftest -g -O2   conftest.c  >&5
configure:5183: $? = 0
configure:5201: result: yes
configure:5121: checking for gettimeofday
configure:5177: gcc -o conftest -g -O2   conftest.c  >&5
configure:5183: $? = 0
configure:5201: result: yes
configure:5121: checking for strdup
configure:5177: gcc -o conftest -g -O2   conftest.c  >&5
conftest.c:48: warning: conflicting types for built-in function 'strdup'
configure:5183: $? = 0
configure:5201: result: yes
configure:5217: checking for finite
configure:5273: gcc -o conftest -g -O2   conftest.c  >&5
conftest.c:49: warning: conflicting types for built-in function 'finite'
configure:5279: $? = 0
configure:5297: result: yes
configure:5217: checking for isnan
configure:5273: gcc -o conftest -g -O2   conftest.c  >&5
conftest.c:50: warning: conflicting types for built-in function 'isnan'
configure:5279: $? = 0
configure:5297: result: yes
configure:5312: checking for _finite
configure:5368: gcc -o conftest -g -O2   conftest.c  >&5
/tmp/cc8oXPeh.o: In function `main':
/home/torandi/builds/etracer/conftest.c:62: undefined reference to `_finite'
collect2: ld returned 1 exit status
configure:5374: $? = 1
configure: failed program was:
| /* confdefs.h.  */
| #define PACKAGE_NAME ""
| #define PACKAGE_TARNAME ""
| #define PACKAGE_VERSION ""
| #define PACKAGE_STRING ""
| #define PACKAGE_BUGREPORT ""
| #define PACKAGE "etracer"
| #define VERSION "SVN Development"
| #define STDC_HEADERS 1
| #define HAVE_SYS_TYPES_H 1
| #define HAVE_SYS_STAT_H 1
| #define HAVE_STDLIB_H 1
| #define HAVE_STRING_H 1
| #define HAVE_MEMORY_H 1
| #define HAVE_STRINGS_H 1
| #define HAVE_INTTYPES_H 1
| #define HAVE_STDINT_H 1
| #define HAVE_UNISTD_H 1
| #define HAVE_SYS_TIME_H 1
| #define HAVE_UNISTD_H 1
| #define TIME_WITH_SYS_TIME 1
| #define HAVE_GETCWD 1
| #define HAVE_GETTIMEOFDAY 1
| #define HAVE_STRDUP 1
| #define HAVE_FINITE 1
| #define HAVE_ISNAN 1
| /* end confdefs.h.  */
| /* Define _finite to an innocuous variant, in case <limits.h> declares _finite.
|    For example, HP-UX 11i <limits.h> declares gettimeofday.  */
| #define _finite innocuous__finite
| 
| /* System header to define __stub macros and hopefully few prototypes,
|     which can conflict with char _finite (); below.
|     Prefer <limits.h> to <assert.h> if __STDC__ is defined, since
|     <limits.h> exists even on freestanding compilers.  */
| 
| #ifdef __STDC__
| # include <limits.h>
| #else
| # include <assert.h>
| #endif
| 
| #undef _finite
| 
| /* Override any GCC internal prototype to avoid an error.
|    Use char because int might match the return type of a GCC
|    builtin and then its argument prototype would still apply.  */
| #ifdef __cplusplus
| extern "C"
| #endif
| char _finite ();
| /* The GNU C library defines this for functions which it implements
|     to always fail with ENOSYS.  Some functions are actually named
|     something starting with __ and the normal name is an alias.  */
| #if defined __stub__finite || defined __stub____finite
| choke me
| #endif
| 
| int
| main ()
| {
| return _finite ();
|   ;
|   return 0;
| }
configure:5392: result: no
configure:5312: checking for _isnan
configure:5368: gcc -o conftest -g -O2   conftest.c  >&5
/tmp/ccyEZ3Em.o: In function `main':
/home/torandi/builds/etracer/conftest.c:62: undefined reference to `_isnan'
collect2: ld returned 1 exit status
configure:5374: $? = 1
configure: failed program was:
| /* confdefs.h.  */
| #define PACKAGE_NAME ""
| #define PACKAGE_TARNAME ""
| #define PACKAGE_VERSION ""
| #define PACKAGE_STRING ""
| #define PACKAGE_BUGREPORT ""
| #define PACKAGE "etracer"
| #define VERSION "SVN Development"
| #define STDC_HEADERS 1
| #define HAVE_SYS_TYPES_H 1
| #define HAVE_SYS_STAT_H 1
| #define HAVE_STDLIB_H 1
| #define HAVE_STRING_H 1
| #define HAVE_MEMORY_H 1
| #define HAVE_STRINGS_H 1
| #define HAVE_INTTYPES_H 1
| #define HAVE_STDINT_H 1
| #define HAVE_UNISTD_H 1
| #define HAVE_SYS_TIME_H 1
| #define HAVE_UNISTD_H 1
| #define TIME_WITH_SYS_TIME 1
| #define HAVE_GETCWD 1
| #define HAVE_GETTIMEOFDAY 1
| #define HAVE_STRDUP 1
| #define HAVE_FINITE 1
| #define HAVE_ISNAN 1
| /* end confdefs.h.  */
| /* Define _isnan to an innocuous variant, in case <limits.h> declares _isnan.
|    For example, HP-UX 11i <limits.h> declares gettimeofday.  */
| #define _isnan innocuous__isnan
| 
| /* System header to define __stub macros and hopefully few prototypes,
|     which can conflict with char _isnan (); below.
|     Prefer <limits.h> to <assert.h> if __STDC__ is defined, since
|     <limits.h> exists even on freestanding compilers.  */
| 
| #ifdef __STDC__
| # include <limits.h>
| #else
| # include <assert.h>
| #endif
| 
| #undef _isnan
| 
| /* Override any GCC internal prototype to avoid an error.
|    Use char because int might match the return type of a GCC
|    builtin and then its argument prototype would still apply.  */
| #ifdef __cplusplus
| extern "C"
| #endif
| char _isnan ();
| /* The GNU C library defines this for functions which it implements
|     to always fail with ENOSYS.  Some functions are actually named
|     something starting with __ and the normal name is an alias.  */
| #if defined __stub__isnan || defined __stub____isnan
| choke me
| #endif
| 
| int
| main ()
| {
| return _isnan ();
|   ;
|   return 0;
| }
configure:5392: result: no
configure:5417: checking ieeefp.h usability
configure:5434: gcc -c -g -O2  conftest.c >&5
conftest.c:61:20: error: ieeefp.h: No such file or directory
configure:5440: $? = 1
configure: failed program was:
| /* confdefs.h.  */
| #define PACKAGE_NAME ""
| #define PACKAGE_TARNAME ""
| #define PACKAGE_VERSION ""
| #define PACKAGE_STRING ""
| #define PACKAGE_BUGREPORT ""
| #define PACKAGE "etracer"
| #define VERSION "SVN Development"
| #define STDC_HEADERS 1
| #define HAVE_SYS_TYPES_H 1
| #define HAVE_SYS_STAT_H 1
| #define HAVE_STDLIB_H 1
| #define HAVE_STRING_H 1
| #define HAVE_MEMORY_H 1
| #define HAVE_STRINGS_H 1
| #define HAVE_INTTYPES_H 1
| #define HAVE_STDINT_H 1
| #define HAVE_UNISTD_H 1
| #define HAVE_SYS_TIME_H 1
| #define HAVE_UNISTD_H 1
| #define TIME_WITH_SYS_TIME 1
| #define HAVE_GETCWD 1
| #define HAVE_GETTIMEOFDAY 1
| #define HAVE_STRDUP 1
| #define HAVE_FINITE 1
| #define HAVE_ISNAN 1
| /* end confdefs.h.  */
| #include <stdio.h>
| #ifdef HAVE_SYS_TYPES_H
| # include <sys/types.h>
| #endif
| #ifdef HAVE_SYS_STAT_H
| # include <sys/stat.h>
| #endif
| #ifdef STDC_HEADERS
| # include <stdlib.h>
| # include <stddef.h>
| #else
| # ifdef HAVE_STDLIB_H
| #  include <stdlib.h>
| # endif
| #endif
| #ifdef HAVE_STRING_H
| # if !defined STDC_HEADERS && defined HAVE_MEMORY_H
| #  include <memory.h>
| # endif
| # include <string.h>
| #endif
| #ifdef HAVE_STRINGS_H
| # include <strings.h>
| #endif
| #ifdef HAVE_INTTYPES_H
| # include <inttypes.h>
| #endif
| #ifdef HAVE_STDINT_H
| # include <stdint.h>
| #endif
| #ifdef HAVE_UNISTD_H
| # include <unistd.h>
| #endif
| #include <ieeefp.h>
configure:5454: result: no
configure:5458: checking ieeefp.h presence
configure:5473: gcc -E  conftest.c
conftest.c:28:20: error: ieeefp.h: No such file or directory
configure:5479: $? = 1
configure: failed program was:
| /* confdefs.h.  */
| #define PACKAGE_NAME ""
| #define PACKAGE_TARNAME ""
| #define PACKAGE_VERSION ""
| #define PACKAGE_STRING ""
| #define PACKAGE_BUGREPORT ""
| #define PACKAGE "etracer"
| #define VERSION "SVN Development"
| #define STDC_HEADERS 1
| #define HAVE_SYS_TYPES_H 1
| #define HAVE_SYS_STAT_H 1
| #define HAVE_STDLIB_H 1
| #define HAVE_STRING_H 1
| #define HAVE_MEMORY_H 1
| #define HAVE_STRINGS_H 1
| #define HAVE_INTTYPES_H 1
| #define HAVE_STDINT_H 1
| #define HAVE_UNISTD_H 1
| #define HAVE_SYS_TIME_H 1
| #define HAVE_UNISTD_H 1
| #define TIME_WITH_SYS_TIME 1
| #define HAVE_GETCWD 1
| #define HAVE_GETTIMEOFDAY 1
| #define HAVE_STRDUP 1
| #define HAVE_FINITE 1
| #define HAVE_ISNAN 1
| /* end confdefs.h.  */
| #include <ieeefp.h>
configure:5493: result: no
configure:5521: checking for ieeefp.h
configure:5529: result: no
configure:5587: checking for Win32 platform
configure:5609: result: no
configure:5617: checking for X
configure:5787: gcc -o conftest -g -O2   conftest.c -lX11  >&5
configure:5793: $? = 0
configure:5852: result: libraries , headers 
configure:6013: gcc -o conftest -g -O2   conftest.c   -lX11 >&5
configure:6019: $? = 0
configure:6176: checking for gethostbyname
configure:6232: gcc -o conftest -g -O2   conftest.c  >&5
configure:6238: $? = 0
configure:6255: result: yes
configure:6400: checking for connect
configure:6456: gcc -o conftest -g -O2   conftest.c  >&5
configure:6462: $? = 0
configure:6479: result: yes
configure:6551: checking for remove
configure:6607: gcc -o conftest -g -O2   conftest.c  >&5
configure:6613: $? = 0
configure:6630: result: yes
configure:6702: checking for shmat
configure:6758: gcc -o conftest -g -O2   conftest.c  >&5
configure:6764: $? = 0
configure:6781: result: yes
configure:6862: checking for IceConnectionNumber in -lICE
configure:6897: gcc -o conftest -g -O2   conftest.c -lICE   >&5
configure:6903: $? = 0
configure:6921: result: yes
configure:6936: checking for main in -ldl
configure:6965: gcc -o conftest -g -O2   conftest.c -ldl   >&5
configure:6971: $? = 0
configure:6989: result: yes
configure:6995: checking for main in -lm
configure:7024: gcc -o conftest -g -O2   conftest.c -lm   >&5
configure:7030: $? = 0
configure:7048: result: yes
configure:7091: checking for location of tclConfig.sh
configure:7121: result: /usr/lib/tcl8.4/tclConfig.sh
configure:7184: checking for sdl-config
configure:7202: found /usr/bin/sdl-config
configure:7215: result: /usr/bin/sdl-config
configure:7224: checking for SDL - version >= 1.2.0
configure:7321: gcc -o conftest -g -O2 -I/usr/include/SDL -D_GNU_SOURCE=1 -D_REENTRANT   conftest.c  -L/usr/lib -lSDL >&5
configure:7324: $? = 0
configure:7330: ./conftest
configure:7333: $? = 0
configure:7354: result: yes
configure:7463: checking for SDL_JoystickOpen
configure:7519: gcc -o conftest -g -O2   conftest.c   -lSM -lICE  -lX11 -lXi -lXext -lXmu -lXt   -ldl -lm -L/usr/lib -lSDL >&5
configure:7525: $? = 0
configure:7543: result: yes
configure:7561: checking for Mix_OpenAudio in -lSDL_mixer
configure:7596: gcc -o conftest -g -O2   conftest.c -lSDL_mixer    -lSM -lICE  -lX11 -lXi -lXext -lXmu -lXt   -ldl -lm -L/usr/lib -lSDL >&5
configure:7602: $? = 0
configure:7620: result: yes
configure:7678: checking for GL library
configure:7702: gcc -o conftest -g -O2   conftest.c   -lSM -lICE  -lX11 -lXi -lXext -lXmu -lXt   -ldl -lm -L/usr/lib -lSDL -lSDL_mixer  -lGL >&5
configure:7708: $? = 0
configure:7724: result: yes
configure:8193: checking for GLU library
configure:8217: gcc -o conftest -g -O2   conftest.c   -lSM -lICE  -lX11 -lXi -lXext -lXmu -lXt   -ldl -lm -L/usr/lib -lSDL -lSDL_mixer  -lGL -lGLU >&5
configure:8223: $? = 0
configure:8239: result: yes
configure:8340: checking for GL/gl.h
configure:8355: gcc -E    -DTUXRACER_NO_ASSERT=1 -DHAVE_SDL_MIXER=1 conftest.c
configure:8361: $? = 0
configure:8375: result: yes
configure:8641: checking for GL/glext.h
configure:8662: gcc -c -g -O2    -DTUXRACER_NO_ASSERT=1 -DHAVE_SDL_MIXER=1 conftest.c >&5
configure:8668: $? = 0
configure:8684: result: yes
configure:8716: checking whether glext.h is recent enough
configure:8739: result: yes
configure:8768: checking for libpng12
configure:8771: result: yes
configure:9097: checking for freetype-config
configure:9115: found /usr/local/bin/freetype-config
configure:9128: result: /usr/local/bin/freetype-config
configure:9138: checking for FreeType -- version >= 7.0.1
configure:9229: gcc -o conftest -g -O2 -I/usr/local/include/freetype2 -I/usr/local/include   conftest.c -L/usr/local/lib -Wl,--rpath -Wl,/usr/local/lib -lfreetype -lz  >&5
configure:9232: $? = 0
configure:9238: ./conftest
configure:9241: $? = 0
configure:9264: result: yes
configure:9481: creating ./config.status

## ---------------------- ##
## Running config.status. ##
## ---------------------- ##

This file was extended by config.status, which was
generated by GNU Autoconf 2.61.  Invocation command line was

  CONFIG_FILES    = 
  CONFIG_HEADERS  = 
  CONFIG_LINKS    = 
  CONFIG_COMMANDS = 
  $ ./config.status 

on Torandis

config.status:678: creating Makefile
config.status:678: creating src/Makefile
config.status:678: creating data/Makefile
config.status:678: creating config.h
config.status:960: executing depfiles commands

## ---------------- ##
## Cache variables. ##
## ---------------- ##

ac_cv_build=i686-pc-linux-gnu
ac_cv_c_compiler_gnu=yes
ac_cv_c_const=yes
ac_cv_cxx_compiler_gnu=yes
ac_cv_env_CCC_set=
ac_cv_env_CCC_value=
ac_cv_env_CC_set=
ac_cv_env_CC_value=
ac_cv_env_CFLAGS_set=
ac_cv_env_CFLAGS_value=
ac_cv_env_CPPFLAGS_set=
ac_cv_env_CPPFLAGS_value=
ac_cv_env_CPP_set=
ac_cv_env_CPP_value=
ac_cv_env_CXXFLAGS_set=
ac_cv_env_CXXFLAGS_value=
ac_cv_env_CXX_set=
ac_cv_env_CXX_value=
ac_cv_env_LDFLAGS_set=
ac_cv_env_LDFLAGS_value=
ac_cv_env_LIBS_set=
ac_cv_env_LIBS_value=
ac_cv_env_XMKMF_set=
ac_cv_env_XMKMF_value=
ac_cv_env_build_alias_set=
ac_cv_env_build_alias_value=
ac_cv_env_host_alias_set=
ac_cv_env_host_alias_value=
ac_cv_env_target_alias_set=
ac_cv_env_target_alias_value=
ac_cv_func_SDL_JoystickOpen=yes
ac_cv_func__finite=no
ac_cv_func__isnan=no
ac_cv_func_connect=yes
ac_cv_func_finite=yes
ac_cv_func_getcwd=yes
ac_cv_func_gethostbyname=yes
ac_cv_func_gettimeofday=yes
ac_cv_func_isnan=yes
ac_cv_func_remove=yes
ac_cv_func_shmat=yes
ac_cv_func_strdup=yes
ac_cv_have_x='have_x=yes	ac_x_includes='\'''\''	ac_x_libraries='\'''\'''
ac_cv_header_GL_glext_h=yes
ac_cv_header_ieeefp_h=no
ac_cv_header_inttypes_h=yes
ac_cv_header_memory_h=yes
ac_cv_header_stdc=yes
ac_cv_header_stdint_h=yes
ac_cv_header_stdlib_h=yes
ac_cv_header_string_h=yes
ac_cv_header_strings_h=yes
ac_cv_header_sys_stat_h=yes
ac_cv_header_sys_time_h=yes
ac_cv_header_sys_types_h=yes
ac_cv_header_time=yes
ac_cv_header_unistd_h=yes
ac_cv_host=i686-pc-linux-gnu
ac_cv_lib_ICE_IceConnectionNumber=yes
ac_cv_lib_SDL_mixer_Mix_OpenAudio=yes
ac_cv_lib_dl_main=yes
ac_cv_lib_m_main=yes
ac_cv_objext=o
ac_cv_path_EGREP='/bin/grep -E'
ac_cv_path_FT2_CONFIG=/usr/local/bin/freetype-config
ac_cv_path_GREP=/bin/grep
ac_cv_path_SDL_CONFIG=/usr/bin/sdl-config
ac_cv_path_install='/usr/bin/install -c'
ac_cv_path_mkdir=/bin/mkdir
ac_cv_prog_AWK=mawk
ac_cv_prog_CPP='gcc -E'
ac_cv_prog_ac_ct_CC=gcc
ac_cv_prog_ac_ct_CXX=g++
ac_cv_prog_ac_ct_RANLIB=ranlib
ac_cv_prog_cc_c89=
ac_cv_prog_cc_g=yes
ac_cv_prog_cxx_g=yes
ac_cv_prog_make_make_set=yes
ac_cv_target=i686-pc-linux-gnu
am_cv_CC_dependencies_compiler_type=gcc3
am_cv_CXX_dependencies_compiler_type=gcc3

## ----------------- ##
## Output variables. ##
## ----------------- ##

ACLOCAL='${SHELL} /home/torandi/builds/etracer/missing --run aclocal-1.10'
AMDEPBACKSLASH='\'
AMDEP_FALSE='#'
AMDEP_TRUE=''
AMTAR='${SHELL} /home/torandi/builds/etracer/missing --run tar'
AUTOCONF='${SHELL} /home/torandi/builds/etracer/missing --run autoconf'
AUTOHEADER='${SHELL} /home/torandi/builds/etracer/missing --run autoheader'
AUTOMAKE='${SHELL} /home/torandi/builds/etracer/missing --run automake-1.10'
AWK='mawk'
CC='gcc'
CCDEPMODE='depmode=gcc3'
CFLAGS='-g -O2  -I/usr/include/SDL -D_GNU_SOURCE=1 -D_REENTRANT'
CPP='gcc -E'
CPPFLAGS='  -DTUXRACER_NO_ASSERT=1 -DHAVE_SDL_MIXER=1 '
CXX='g++'
CXXDEPMODE='depmode=gcc3'
CXXFLAGS='-g -O2  -I/usr/include/SDL -D_GNU_SOURCE=1 -D_REENTRANT -I/usr/include/tcl8.4/tcl-private/generic -I/usr/include/tcl8.4 -I/usr/include/libpng12   -I/usr/local/include/freetype2 -I/usr/local/include'
CYGPATH_W='echo'
DEFS='-DHAVE_CONFIG_H'
DEPDIR='.deps'
ECHO_C=''
ECHO_N='-n'
ECHO_T=''
EGREP='/bin/grep -E'
EXEEXT=''
FT2_CFLAGS='-I/usr/local/include/freetype2 -I/usr/local/include'
FT2_CONFIG='/usr/local/bin/freetype-config'
FT2_LIBS='-L/usr/local/lib -Wl,--rpath -Wl,/usr/local/lib -lfreetype -lz'
GREP='/bin/grep'
INSTALL_DATA='${INSTALL} -m 644'
INSTALL_PROGRAM='${INSTALL}'
INSTALL_SCRIPT='${INSTALL}'
INSTALL_STRIP_PROGRAM='$(install_sh) -c -s'
LDFLAGS=''
LIBOBJS=''
LIBS='  -lSM -lICE  -lX11 -lXi -lXext -lXmu -lXt   -ldl -lm -L/usr/lib -lSDL -lSDL_mixer  -lGL -lGLU -L/usr/lib -ltcl8.4${TCL_DBGX} -ldl  -lpthread -lieee -lm -lpng12   -L/usr/local/lib -Wl,--rpath -Wl,/usr/local/lib -lfreetype -lz'
LTLIBOBJS=''
MAINT='#'
MAINTAINER_MODE_FALSE=''
MAINTAINER_MODE_TRUE='#'
MAKEINFO='${SHELL} /home/torandi/builds/etracer/missing --run makeinfo'
OBJEXT='o'
PACKAGE='etracer'
PACKAGE_BUGREPORT=''
PACKAGE_NAME=''
PACKAGE_STRING=''
PACKAGE_TARNAME=''
PACKAGE_VERSION=''
PATH_SEPARATOR=':'
RANLIB='ranlib'
SDL_CFLAGS='-I/usr/include/SDL -D_GNU_SOURCE=1 -D_REENTRANT'
SDL_CONFIG='/usr/bin/sdl-config'
SDL_LIBS='-L/usr/lib -lSDL'
SET_MAKE=''
SHELL='/bin/bash'
STRIP=''
TR_CFLAGS=' -I/usr/include/SDL -D_GNU_SOURCE=1 -D_REENTRANT'
TR_CPPFLAGS=' -DTUXRACER_NO_ASSERT=1 -DHAVE_SDL_MIXER=1 '
TR_CXXFLAGS=' -I/usr/include/SDL -D_GNU_SOURCE=1 -D_REENTRANT'
TR_LIBS=' -lSM -lICE  -lX11 -lXi -lXext -lXmu -lXt   -ldl -lm -L/usr/lib -lSDL -lSDL_mixer  -lGL -lGLU'
VERSION='SVN Development'
XMKMF=''
X_CFLAGS=''
X_EXTRA_LIBS=''
X_LIBS=''
X_PRE_LIBS=' -lSM -lICE'
ac_ct_CC='gcc'
ac_ct_CXX='g++'
am__fastdepCC_FALSE='#'
am__fastdepCC_TRUE=''
am__fastdepCXX_FALSE='#'
am__fastdepCXX_TRUE=''
am__include='include'
am__isrc=''
am__leading_dot='.'
am__quote=''
am__tar='${AMTAR} chof - "$$tardir"'
am__untar='${AMTAR} xf -'
bindir='${exec_prefix}/bin'
build='i686-pc-linux-gnu'
build_alias=''
build_cpu='i686'
build_os='linux-gnu'
build_vendor='pc'
datadir='${datarootdir}'
datarootdir='${prefix}/share'
docdir='${datarootdir}/doc/${PACKAGE}'
dvidir='${docdir}'
exec_prefix='${prefix}'
host='i686-pc-linux-gnu'
host_alias=''
host_cpu='i686'
host_os='linux-gnu'
host_vendor='pc'
htmldir='${docdir}'
includedir='${prefix}/include'
infodir='${datarootdir}/info'
install_sh='$(SHELL) /home/torandi/builds/etracer/install-sh'
libdir='${exec_prefix}/lib'
libexecdir='${exec_prefix}/libexec'
localedir='${datarootdir}/locale'
localstatedir='${prefix}/var'
mandir='${datarootdir}/man'
mkdir_p='/bin/mkdir -p'
oldincludedir='/usr/include'
pdfdir='${docdir}'
ppdatadir='${datarootdir}/etracer'
prefix='/usr/local'
program_transform_name='s,x,x,'
psdir='${docdir}'
sbindir='${exec_prefix}/sbin'
sharedstatedir='${prefix}/com'
sysconfdir='${prefix}/etc'
target='i686-pc-linux-gnu'
target_alias=''
target_cpu='i686'
target_os='linux-gnu'
target_vendor='pc'

## ----------- ##
## confdefs.h. ##
## ----------- ##

#define PACKAGE_NAME ""
#define PACKAGE_TARNAME ""
#define PACKAGE_VERSION ""
#define PACKAGE_STRING ""
#define PACKAGE_BUGREPORT ""
#define PACKAGE "etracer"
#define VERSION "SVN Development"
#define STDC_HEADERS 1
#define HAVE_SYS_TYPES_H 1
#define HAVE_SYS_STAT_H 1
#define HAVE_STDLIB_H 1
#define HAVE_STRING_H 1
#define HAVE_MEMORY_H 1
#define HAVE_STRINGS_H 1
#define HAVE_INTTYPES_H 1
#define HAVE_STDINT_H 1
#define HAVE_UNISTD_H 1
#define HAVE_SYS_TIME_H 1
#define HAVE_UNISTD_H 1
#define TIME_WITH_SYS_TIME 1
#define HAVE_GETCWD 1
#define HAVE_GETTIMEOFDAY 1
#define HAVE_STRDUP 1
#define HAVE_FINITE 1
#define HAVE_ISNAN 1
#define HAVE_SDL_JOYSTICKOPEN 1
#define HAVE_GL_GLEXT_H 1

configure: exit 0
