# generated from Milkshape file by MLoader

*[S] 0  [vertices] 14 [triangles] 24 [bodies] 1 [tex] 0 [smooth] 0 [mat] 0

# Vertices:
*[S] 1 [v] 0.5554 0.0091 0.0087 
*[S] 1 [v] 0.5554 2.0286 0.0087 
*[S] 1 [v] 0.2964 0.0091 0.4488 
*[S] 1 [v] 0.2964 2.0286 0.4488 
*[S] 1 [v] -0.2217 0.0091 0.4488 
*[S] 1 [v] -0.2217 2.0286 0.4488 
*[S] 1 [v] -0.4807 0.0091 0.0087 
*[S] 1 [v] -0.4807 2.0286 0.0087 
*[S] 1 [v] -0.2217 0.0091 -0.4314 
*[S] 1 [v] -0.2217 2.0286 -0.4314 
*[S] 1 [v] 0.2964 0.0091 -0.4314 
*[S] 1 [v] 0.2964 2.0286 -0.4314 
*[S] 1 [v] 0.0374 2.0286 0.0087 
*[S] 1 [v] 0.0374 0.0091 0.0087 

# Triangles:
*[S] 2 [v] 0 2 13 [N] 0.0000 -1.0000 0.0000 
*[S] 2 [v] 1 12 3 [N] 0.0000 1.0000 0.0000 
*[S] 2 [v] 0 1 2 [N] 0.8618 0.0000 0.5072 
*[S] 2 [v] 1 3 2 [N] 0.8618 0.0000 0.5072 
*[S] 2 [v] 2 4 13 [N] 0.0000 -1.0000 0.0000 
*[S] 2 [v] 3 12 5 [N] 0.0000 1.0000 0.0000 
*[S] 2 [v] 2 3 5 [N] 0.0000 0.0000 1.0000 
*[S] 2 [v] 2 5 4 [N] 0.0000 0.0000 1.0000 
*[S] 2 [v] 4 6 13 [N] 0.0000 -1.0000 0.0000 
*[S] 2 [v] 5 12 7 [N] 0.0000 1.0000 0.0000 
*[S] 2 [v] 4 5 6 [N] -0.8618 0.0000 0.5072 
*[S] 2 [v] 5 7 6 [N] -0.8618 0.0000 0.5072 
*[S] 2 [v] 6 8 13 [N] 0.0000 -1.0000 0.0000 
*[S] 2 [v] 7 12 9 [N] 0.0000 1.0000 0.0000 
*[S] 2 [v] 6 7 9 [N] -0.8618 0.0000 -0.5072 
*[S] 2 [v] 6 9 8 [N] -0.8618 0.0000 -0.5072 
*[S] 2 [v] 8 10 13 [N] 0.0000 -1.0000 0.0000 
*[S] 2 [v] 9 12 11 [N] 0.0000 1.0000 0.0000 
*[S] 2 [v] 8 9 10 [N] 0.0000 0.0000 -1.0000 
*[S] 2 [v] 9 11 10 [N] 0.0000 0.0000 -1.0000 
*[S] 2 [v] 10 0 13 [N] 0.0000 -1.0000 0.0000 
*[S] 2 [v] 11 12 1 [N] 0.0000 1.0000 0.0000 
*[S] 2 [v] 10 11 1 [N] 0.8618 0.0000 -0.5072 
*[S] 2 [v] 10 1 0 [N] 0.8618 0.0000 -0.5072 

# Bodies: 
*[S] 4 [type] 2 [rad] 0.6 [coll] 1 [bottom] 0 0 0 [top] 0 2.0 0
