# generated from Milkshape file by MLoader

*[S] 0 [vertices] 16 [triangles] 24 [quads] 0 [tex] 1 [smooth] 0 [mat] 1

# Vertices:
*[S] 1  [v] 0.0000 5.0000 -3.0000 
*[S] 1  [v] 0.0000 5.0000 3.0000 
*[S] 1  [v] 2.0000 2.0000 -3.0000 
*[S] 1  [v] 2.0000 2.0000 3.0000 
*[S] 1  [v] -2.0000 2.0000 -3.0000 
*[S] 1  [v] -2.0000 2.0000 3.0000 
*[S] 1  [v] 0.0000 3.0000 3.0000 
*[S] 1  [v] 0.0000 3.0000 -3.0000 
*[S] 1  [v] -2.0000 2.0000 3.0000 
*[S] 1  [v] -2.0000 0.0000 3.0000 
*[S] 1  [v] 2.0000 2.0000 3.0000 
*[S] 1  [v] 2.0000 0.0000 3.0000 
*[S] 1  [v] 2.0000 2.0000 -3.0000 
*[S] 1  [v] 2.0000 0.0000 -3.0000 
*[S] 1  [v] -2.0000 2.0000 -3.0000 
*[S] 1  [v] -2.0000 0.0000 -3.0000 
#
# Triangles:
*[S] 2  [v] 0 2 7 [a] 0.00 0.00 0.00 [b] 0.00 0.00 0.00 [N] 0.0000 0.0000 -1.0000 
*[S] 2  [v] 1 6 3 [a] 0.00 0.00 0.00 [b] 0.00 0.00 0.00 [N] 0.0000 0.0000 1.0000 
*[S] 2  [v] 0 1 2 [a] 0.00 0.00 0.33 [b] 1.00 0.00 1.00 [N] 0.8321 0.5547 0.0000 
*[S] 2  [v] 1 3 2 [a] 0.00 0.33 0.33 [b] 0.00 0.00 1.00 [N] 0.8321 0.5547 0.0000 
*[S] 2  [v] 2 4 7 [a] 0.00 0.00 0.00 [b] 0.00 0.00 0.00 [N] 0.0000 0.0000 -1.0000 
*[S] 2  [v] 3 6 5 [a] 0.00 0.00 0.00 [b] 0.00 0.00 0.00 [N] 0.0000 0.0000 1.0000 
*[S] 2  [v] 2 3 5 [a] 0.33 0.33 0.67 [b] 1.00 0.00 0.00 [N] 0.0000 -1.0000 0.0000 
*[S] 2  [v] 2 5 4 [a] 0.33 0.67 0.67 [b] 1.00 0.00 1.00 [N] 0.0000 -1.0000 0.0000 
*[S] 2  [v] 4 0 7 [a] 0.00 0.00 0.00 [b] 0.00 0.00 0.00 [N] 0.0000 0.0000 -1.0000 
*[S] 2  [v] 5 6 1 [a] 0.00 0.00 0.00 [b] 0.00 0.00 0.00 [N] 0.0000 0.0000 1.0000 
*[S] 2  [v] 4 5 0 [a] 0.67 0.67 1.00 [b] 1.00 0.00 1.00 [N] -0.8321 0.5547 0.0000 
*[S] 2  [v] 5 1 0 [a] 0.67 1.00 1.00 [b] 0.00 0.00 1.00 [N] -0.8321 0.5547 0.0000 
*[S] 2  [v] 8 9 10 [a] 0.00 0.00 1.00 [b] 0.00 1.00 0.00 [N] 0.0000 0.0000 1.0000 
*[S] 2  [v] 9 11 10 [a] 0.00 1.00 1.00 [b] 1.00 1.00 0.00 [N] 0.0000 0.0000 1.0000 
*[S] 2  [v] 10 11 12 [a] 0.00 0.00 1.00 [b] 0.00 1.00 0.00 [N] 1.0000 0.0000 0.0000 
*[S] 2  [v] 11 13 12 [a] 0.00 1.00 1.00 [b] 1.00 1.00 0.00 [N] 1.0000 0.0000 0.0000 
*[S] 2  [v] 12 13 14 [a] 0.00 0.00 1.00 [b] 0.00 1.00 0.00 [N] 0.0000 0.0000 -1.0000 
*[S] 2  [v] 13 15 14 [a] 0.00 1.00 1.00 [b] 1.00 1.00 0.00 [N] 0.0000 0.0000 -1.0000 
*[S] 2  [v] 14 15 8 [a] 0.00 0.00 1.00 [b] 0.00 1.00 0.00 [N] -1.0000 0.0000 0.0000 
*[S] 2  [v] 15 9 8 [a] 0.00 1.00 1.00 [b] 1.00 1.00 0.00 [N] -1.0000 0.0000 0.0000 
*[S] 2  [v] 14 8 12 [a] 0.00 0.00 1.00 [b] 0.00 1.00 0.00 [N] 0.0000 1.0000 0.0000 
*[S] 2  [v] 8 10 12 [a] 0.00 1.00 1.00 [b] 1.00 1.00 0.00 [N] 0.0000 1.0000 0.0000 
*[S] 2  [v] 9 15 11 [a] 0.00 0.00 1.00 [b] 0.00 1.00 0.00 [N] 0.0000 -1.0000 0.0000 
*[S] 2  [v] 15 13 11 [a] 0.00 1.00 1.00 [b] 1.00 1.00 0.00 [N] 0.0000 -1.0000 0.0000 
#
*[S] 3 [amb] 0.5 0.1 0.1 1.0 [diff] 0.9 0.3 0.1 1.0 [spec] 0.0 0.0 0.0 1.0
