# tree description generated by treegen

*[S] 0 [vertices] 100 [triangles] 46 [quads] 4 [tex] 1 [mat] 1 [smooth] 0

# vertices:
*[S] 1 [v] 0.00 0.75 0.00
*[S] 1 [v] 0.16 0.54 -0.03
*[S] 1 [v] 0.21 0.46 -0.56
*[S] 1 [v] -0.10 0.54 -0.13
*[S] 1 [v] 0.00 0.75 0.00
*[S] 1 [v] 0.04 0.54 -0.17
*[S] 1 [v] -0.46 0.41 -0.37
*[S] 1 [v] -0.16 0.54 0.08
*[S] 1 [v] 0.00 0.75 0.00
*[S] 1 [v] -0.16 0.53 -0.08
*[S] 1 [v] -0.54 0.41 0.36
*[S] 1 [v] 0.01 0.53 0.18
*[S] 1 [v] 0.00 0.75 0.00
*[S] 1 [v] -0.13 0.55 0.12
*[S] 1 [v] 0.16 0.40 0.57
*[S] 1 [v] 0.17 0.55 0.04
*[S] 1 [v] 0.00 0.75 0.00
*[S] 1 [v] 0.06 0.52 0.15
*[S] 1 [v] 0.62 0.36 0.03
*[S] 1 [v] 0.07 0.52 -0.14
*[S] 1 [v] 0.00 1.05 0.00
*[S] 1 [v] 0.11 0.84 0.10
*[S] 1 [v] 0.38 0.67 -0.29
*[S] 1 [v] -0.07 0.84 -0.14
*[S] 1 [v] 0.00 1.05 0.00
*[S] 1 [v] 0.13 0.84 -0.07
*[S] 1 [v] -0.07 0.69 -0.52
*[S] 1 [v] -0.14 0.84 -0.03
*[S] 1 [v] 0.00 1.05 0.00
*[S] 1 [v] -0.02 0.83 -0.15
*[S] 1 [v] -0.55 0.70 -0.23
*[S] 1 [v] -0.12 0.83 0.10
*[S] 1 [v] 0.00 1.05 0.00
*[S] 1 [v] -0.14 0.84 -0.06
*[S] 1 [v] -0.47 0.71 0.36
*[S] 1 [v] 0.02 0.84 0.15
*[S] 1 [v] 0.00 1.05 0.00
*[S] 1 [v] -0.14 0.86 0.08
*[S] 1 [v] 0.07 0.70 0.52
*[S] 1 [v] 0.16 0.86 0.04
*[S] 1 [v] 0.00 1.05 0.00
*[S] 1 [v] 0.00 0.84 0.17
*[S] 1 [v] 0.52 0.71 0.21
*[S] 1 [v] 0.12 0.84 -0.12
*[S] 1 [v] 0.00 1.30 0.00
*[S] 1 [v] 0.08 1.16 0.08
*[S] 1 [v] 0.29 1.05 -0.19
*[S] 1 [v] -0.03 1.16 -0.11
*[S] 1 [v] 0.00 1.30 0.00
*[S] 1 [v] 0.08 1.15 -0.09
*[S] 1 [v] -0.20 1.07 -0.31
*[S] 1 [v] -0.11 1.15 0.03
*[S] 1 [v] 0.00 1.30 0.00
*[S] 1 [v] -0.09 1.14 -0.08
*[S] 1 [v] -0.33 1.04 0.21
*[S] 1 [v] 0.03 1.14 0.11
*[S] 1 [v] 0.00 1.30 0.00
*[S] 1 [v] -0.09 1.15 0.09
*[S] 1 [v] 0.19 1.06 0.30
*[S] 1 [v] 0.12 1.15 -0.04
*[S] 1 [v] 0.00 1.45 0.00
*[S] 1 [v] -0.01 1.34 0.08
*[S] 1 [v] 0.21 1.28 -0.01
*[S] 1 [v] -0.01 1.34 -0.08
*[S] 1 [v] 0.00 1.45 0.00
*[S] 1 [v] 0.07 1.34 -0.02
*[S] 1 [v] -0.01 1.25 -0.25
*[S] 1 [v] -0.07 1.34 -0.02
*[S] 1 [v] 0.00 1.45 0.00
*[S] 1 [v] -0.01 1.34 -0.09
*[S] 1 [v] -0.25 1.25 0.01
*[S] 1 [v] -0.01 1.34 0.09
*[S] 1 [v] 0.00 1.45 0.00
*[S] 1 [v] -0.07 1.35 0.03
*[S] 1 [v] 0.01 1.28 0.25
*[S] 1 [v] 0.07 1.35 0.02
*[S] 1 [v] 0.00 1.60 0.00
*[S] 1 [v] 0.06 1.52 0.05
*[S] 1 [v] 0.06 1.47 -0.11
*[S] 1 [v] -0.08 1.52 -0.02
*[S] 1 [v] 0.00 1.60 0.00
*[S] 1 [v] 0.07 1.52 -0.04
*[S] 1 [v] -0.09 1.46 -0.05
*[S] 1 [v] 0.00 1.52 0.08
*[S] 1 [v] 0.00 1.60 0.00
*[S] 1 [v] -0.06 1.51 -0.05
*[S] 1 [v] -0.07 1.45 0.12
*[S] 1 [v] 0.08 1.51 0.02
*[S] 1 [v] 0.00 1.60 0.00
*[S] 1 [v] -0.05 1.53 0.05
*[S] 1 [v] 0.10 1.47 0.06
*[S] 1 [v] 0.01 1.53 -0.06
*[S] 1 [v] -0.04 0.00 0.04
*[S] 1 [v] 0.04 0.00 0.04
*[S] 1 [v] 0.01 1.70 0.01
*[S] 1 [v] -0.01 1.70 0.01
*[S] 1 [v] -0.04 0.00 -0.04
*[S] 1 [v] 0.04 0.00 -0.04
*[S] 1 [v] 0.01 1.70 -0.01
*[S] 1 [v] -0.01 1.70 -0.01

# triangles:
*[S] 2 [v] 0 1 2 [t1] 0.00 0.25 [t2] 0.25 0.0 [t3] 1.00 0.25
*[S] 2 [v] 0 2 3 [t1] 0.00 0.25 [t2] 1.00 0.25 [t3] 0.25 0.50
*[S] 2 [v] 4 5 6 [t1] 0.00 0.25 [t2] 0.25 0.0 [t3] 1.00 0.25
*[S] 2 [v] 4 6 7 [t1] 0.00 0.25 [t2] 1.00 0.25 [t3] 0.25 0.50
*[S] 2 [v] 8 9 10 [t1] 0.00 0.25 [t2] 0.25 0.0 [t3] 1.00 0.25
*[S] 2 [v] 8 10 11 [t1] 0.00 0.25 [t2] 1.00 0.25 [t3] 0.25 0.50
*[S] 2 [v] 12 13 14 [t1] 0.00 0.25 [t2] 0.25 0.0 [t3] 1.00 0.25
*[S] 2 [v] 12 14 15 [t1] 0.00 0.25 [t2] 1.00 0.25 [t3] 0.25 0.50
*[S] 2 [v] 16 17 18 [t1] 0.00 0.25 [t2] 0.25 0.0 [t3] 1.00 0.25
*[S] 2 [v] 16 18 19 [t1] 0.00 0.25 [t2] 1.00 0.25 [t3] 0.25 0.50
*[S] 2 [v] 20 21 22 [t1] 0.00 0.25 [t2] 0.25 0.0 [t3] 1.00 0.25
*[S] 2 [v] 20 22 23 [t1] 0.00 0.25 [t2] 1.00 0.25 [t3] 0.25 0.50
*[S] 2 [v] 24 25 26 [t1] 0.00 0.25 [t2] 0.25 0.0 [t3] 1.00 0.25
*[S] 2 [v] 24 26 27 [t1] 0.00 0.25 [t2] 1.00 0.25 [t3] 0.25 0.50
*[S] 2 [v] 28 29 30 [t1] 0.00 0.25 [t2] 0.25 0.0 [t3] 1.00 0.25
*[S] 2 [v] 28 30 31 [t1] 0.00 0.25 [t2] 1.00 0.25 [t3] 0.25 0.50
*[S] 2 [v] 32 33 34 [t1] 0.00 0.25 [t2] 0.25 0.0 [t3] 1.00 0.25
*[S] 2 [v] 32 34 35 [t1] 0.00 0.25 [t2] 1.00 0.25 [t3] 0.25 0.50
*[S] 2 [v] 36 37 38 [t1] 0.00 0.25 [t2] 0.25 0.0 [t3] 1.00 0.25
*[S] 2 [v] 36 38 39 [t1] 0.00 0.25 [t2] 1.00 0.25 [t3] 0.25 0.50
*[S] 2 [v] 40 41 42 [t1] 0.00 0.25 [t2] 0.25 0.0 [t3] 1.00 0.25
*[S] 2 [v] 40 42 43 [t1] 0.00 0.25 [t2] 1.00 0.25 [t3] 0.25 0.50
*[S] 2 [v] 44 45 46 [t1] 0.00 0.25 [t2] 0.25 0.0 [t3] 1.00 0.25
*[S] 2 [v] 44 46 47 [t1] 0.00 0.25 [t2] 1.00 0.25 [t3] 0.25 0.50
*[S] 2 [v] 48 49 50 [t1] 0.00 0.25 [t2] 0.25 0.0 [t3] 1.00 0.25
*[S] 2 [v] 48 50 51 [t1] 0.00 0.25 [t2] 1.00 0.25 [t3] 0.25 0.50
*[S] 2 [v] 52 53 54 [t1] 0.00 0.25 [t2] 0.25 0.0 [t3] 1.00 0.25
*[S] 2 [v] 52 54 55 [t1] 0.00 0.25 [t2] 1.00 0.25 [t3] 0.25 0.50
*[S] 2 [v] 56 57 58 [t1] 0.00 0.25 [t2] 0.25 0.0 [t3] 1.00 0.25
*[S] 2 [v] 56 58 59 [t1] 0.00 0.25 [t2] 1.00 0.25 [t3] 0.25 0.50
*[S] 2 [v] 60 61 62 [t1] 0.00 0.25 [t2] 0.25 0.0 [t3] 1.00 0.25
*[S] 2 [v] 60 62 63 [t1] 0.00 0.25 [t2] 1.00 0.25 [t3] 0.25 0.50
*[S] 2 [v] 64 65 66 [t1] 0.00 0.25 [t2] 0.25 0.0 [t3] 1.00 0.25
*[S] 2 [v] 64 66 67 [t1] 0.00 0.25 [t2] 1.00 0.25 [t3] 0.25 0.50
*[S] 2 [v] 68 69 70 [t1] 0.00 0.25 [t2] 0.25 0.0 [t3] 1.00 0.25
*[S] 2 [v] 68 70 71 [t1] 0.00 0.25 [t2] 1.00 0.25 [t3] 0.25 0.50
*[S] 2 [v] 72 73 74 [t1] 0.00 0.25 [t2] 0.25 0.0 [t3] 1.00 0.25
*[S] 2 [v] 72 74 75 [t1] 0.00 0.25 [t2] 1.00 0.25 [t3] 0.25 0.50
*[S] 2 [v] 76 77 78 [t1] 0.00 0.25 [t2] 0.25 0.0 [t3] 1.00 0.25
*[S] 2 [v] 76 78 79 [t1] 0.00 0.25 [t2] 1.00 0.25 [t3] 0.25 0.50
*[S] 2 [v] 80 81 82 [t1] 0.00 0.25 [t2] 0.25 0.0 [t3] 1.00 0.25
*[S] 2 [v] 80 82 83 [t1] 0.00 0.25 [t2] 1.00 0.25 [t3] 0.25 0.50
*[S] 2 [v] 84 85 86 [t1] 0.00 0.25 [t2] 0.25 0.0 [t3] 1.00 0.25
*[S] 2 [v] 84 86 87 [t1] 0.00 0.25 [t2] 1.00 0.25 [t3] 0.25 0.50
*[S] 2 [v] 88 89 90 [t1] 0.00 0.25 [t2] 0.25 0.0 [t3] 1.00 0.25
*[S] 2 [v] 88 90 91 [t1] 0.00 0.25 [t2] 1.00 0.25 [t3] 0.25 0.50

# quads:
*[S] 3 [v] 92 93 94 95 [t1] 0.0 1.0 [t2] 0.0 0.9 [t3] 1.0 0.9 [t4] 1.0 1.0
*[S] 3 [v] 93 97 98 94 [t1] 0.0 1.0 [t2] 0.0 0.9 [t3] 1.0 0.9 [t4] 1.0 1.0
*[S] 3 [v] 97 96 99 98 [t1] 0.0 1.0 [t2] 0.0 0.9 [t3] 1.0 0.9 [t4] 1.0 1.0
*[S] 3 [v] 96 92 95 99 [t1] 0.0 1.0 [t2] 0.0 0.9 [t3] 1.0 0.9 [t4] 1.0 1.0
