# -------------- standard textures of Tuxracer 0.61 -------------------
# The textures with [shiny] 1 should be listed first 

*[name] ice [texture] ice.png [friction] 0.2 [depth] 0.0
	[col] 0 0 0 [sound] ice_sound [vol_type] 1 [part] 0 [shiny] 1

*[name] snow [texture] snow.png [friction] 0.35 [depth] 0.15
	[col] 255 255 255 [sound] snow_sound [vol_type] 1 [part] 1 [shiny] 0 
	[trackmarks] 1 [track_texture] snow_track.png

*[name] rock [texture] rock07.png [friction] 0.7 [depth] 0.0
	[col] 127 127 127 [sound] [vol_type] [part] 0

*[name] rock2 [texture] rock02.png [friction] 0.7 [depth] 0.0
	[col] 90 90 90 [sound] [vol_type] [part] 0

*[name] rockxx [texture] rock02.png [friction] 0.7 [depth] 0.0
	[col] 180 180 150 [sound] [vol_type] [part] 0

*[name] mud [texture] mud.png [friction] 0.5 [depth] 0.2
	[col] 180 120 60 [sound] [vol_type] [part] 0 
	[trackmarks] 1 [track_texture] mud_track.png

*[name] snowy_ice [texture] snowy_ice2.png [friction] 0.25 [depth] 0.1
	[col] 210 210 210 [sound] [vol_type] 1 [part] 0 [shiny] 0 
	[trackmarks] 1 [track_texture] ice_track.png

*[name] grass2 [texture] grass01.png [friction] 0.6 [depth] 0.05
	[col] 0 120 0 [sound] [vol_type] [part] 0 

*[name] sand01 [texture] sand01.png [friction] 0.6 [depth] 0.05
	[col] 240 240 0 [sound] [vol_type] [part] 0 

*[name] pave01 [texture] pave01.png [friction] 0.6 [depth] 0.05
	[col] 120 70 0 [sound] [vol_type] [part] 0 

# ---------------- more textures --------------------------------------

	