*[name] snowy_tree [pos] 40.4 0.0 -465.9 [scale] 5.3 4.5 5.3 [rotation] 0 59 3
*[name] snowy_tree [pos] 50.6 0.0 -463.9 [scale] 5.8 7.4 5.8 [rotation] 0 69 -1
*[name] snowy_tree [pos] 45.5 0.0 -463.9 [scale] 5.2 5.2 5.2 [rotation] 0 54 4
*[name] snowy_tree [pos] 48.5 0.0 -461.9 [scale] 4.6 3.9 4.6 [rotation] 0 76 2
*[name] snowy_tree [pos] 42.5 0.0 -461.9 [scale] 4.0 4.7 4.0 [rotation] 0 80 -4
*[name] snowy_tree [pos] 38.4 0.0 -461.9 [scale] 5.9 6.2 5.9 [rotation] 0 41 -4
*[name] snowy_tree [pos] 52.6 0.0 -459.9 [scale] 5.6 5.5 5.6 [rotation] 0 83 1
*[name] snowy_tree [pos] 41.5 0.0 -459.9 [scale] 5.4 5.6 5.4 [rotation] 0 36 -2
*[name] snowy_tree [pos] 54.6 0.0 -457.9 [scale] 5.1 4.2 5.1 [rotation] 0 11 -1
*[name] snowy_tree [pos] 38.4 0.0 -457.9 [scale] 4.0 5.0 4.0 [rotation] 0 80 1
*[name] snowy_tree [pos] 51.6 0.0 -455.9 [scale] 4.6 4.8 4.6 [rotation] 0 47 1
*[name] snowy_tree [pos] 34.4 0.0 -455.9 [scale] 5.1 5.0 5.1 [rotation] 0 24 1
*[name] snowy_tree [pos] 36.4 0.0 -453.9 [scale] 4.2 3.7 4.2 [rotation] 0 64 -5
*[name] snowy_tree [pos] 55.6 0.0 -451.9 [scale] 5.3 4.7 5.3 [rotation] 0 14 -0
*[name] snowy_tree [pos] 51.6 0.0 -449.9 [scale] 5.1 4.2 5.1 [rotation] 0 1 -3
*[name] herring [pos] 46.5 0.0 -427.8 [scale] 1.0 1.0 1.0 [rotation] 0 0 0
*[name] flag [pos] 38.4 0.0 -421.8 [scale] 1.0 1.0 1.0 [rotation] 0 0 0
*[name] flag [pos] 51.6 0.0 -419.7 [scale] 1.0 1.0 1.0 [rotation] 0 0 0
*[name] snowy_tree [pos] 31.3 0.0 -419.7 [scale] 5.1 5.1 5.1 [rotation] 0 52 -4
*[name] herring [pos] 44.5 0.0 -415.7 [scale] 1.0 1.0 1.0 [rotation] 0 0 0
*[name] flag [pos] 35.4 0.0 -415.7 [scale] 1.0 1.0 1.0 [rotation] 0 0 0
*[name] snowy_tree [pos] 28.3 0.0 -415.7 [scale] 4.9 5.7 4.9 [rotation] 0 50 -0
*[name] flag [pos] 48.5 0.0 -413.7 [scale] 1.0 1.0 1.0 [rotation] 0 0 0
*[name] snowy_tree [pos] 23.3 0.0 -411.7 [scale] 5.2 5.3 5.2 [rotation] 0 7 4
*[name] herring [pos] 40.4 0.0 -409.7 [scale] 1.0 1.0 1.0 [rotation] 0 0 0
*[name] flag [pos] 33.4 0.0 -409.7 [scale] 1.0 1.0 1.0 [rotation] 0 0 0
*[name] snowy_tree [pos] 52.6 0.0 -407.7 [scale] 5.9 6.4 5.9 [rotation] 0 44 -0
*[name] flag [pos] 46.5 0.0 -407.7 [scale] 1.0 1.0 1.0 [rotation] 0 0 0
*[name] snowy_tree [pos] 29.3 0.0 -407.7 [scale] 5.9 7.0 5.9 [rotation] 0 6 -5
*[name] snowy_tree [pos] 18.2 0.0 -407.7 [scale] 5.8 6.9 5.8 [rotation] 0 9 1
*[name] snowy_tree [pos] 18.2 0.0 -405.7 [scale] 5.9 5.4 5.9 [rotation] 0 1 -0
*[name] snowy_tree [pos] 24.3 0.0 -403.7 [scale] 4.7 3.8 4.7 [rotation] 0 63 4
*[name] snowy_tree [pos] 48.5 0.0 -401.7 [scale] 4.8 4.6 4.8 [rotation] 0 88 4
*[name] snowy_tree [pos] 27.3 0.0 -401.7 [scale] 6.0 6.3 6.0 [rotation] 0 32 1
*[name] flag [pos] 30.3 0.0 -399.7 [scale] 1.0 1.0 1.0 [rotation] 0 0 0
*[name] snowy_tree [pos] 51.6 0.0 -397.7 [scale] 5.9 6.0 5.9 [rotation] 0 41 4
*[name] snowy_tree [pos] 25.3 0.0 -397.7 [scale] 4.1 5.2 4.1 [rotation] 0 35 5
*[name] snowy_tree [pos] 19.2 0.0 -397.7 [scale] 5.4 5.5 5.4 [rotation] 0 4 1
*[name] snowy_tree [pos] 46.5 0.0 -395.6 [scale] 4.4 3.9 4.4 [rotation] 0 15 -3
*[name] flag [pos] 42.5 0.0 -395.6 [scale] 1.0 1.0 1.0 [rotation] 0 0 0
*[name] snowy_tree [pos] 48.5 0.0 -393.6 [scale] 4.8 4.2 4.8 [rotation] 0 56 2
*[name] snowy_tree [pos] 45.5 0.0 -391.6 [scale] 4.4 4.2 4.4 [rotation] 0 52 1
*[name] flag [pos] 28.3 0.0 -391.6 [scale] 1.0 1.0 1.0 [rotation] 0 0 0
*[name] snowy_tree [pos] 21.2 0.0 -391.6 [scale] 5.2 5.6 5.2 [rotation] 0 46 1
*[name] snowy_tree [pos] 24.3 0.0 -389.6 [scale] 4.2 5.1 4.2 [rotation] 0 14 -5
*[name] snowy_tree [pos] 42.5 0.0 -387.6 [scale] 4.6 5.1 4.6 [rotation] 0 85 -2
*[name] flag [pos] 39.4 0.0 -383.6 [scale] 1.0 1.0 1.0 [rotation] 0 0 0
*[name] flag [pos] 27.3 0.0 -383.6 [scale] 1.0 1.0 1.0 [rotation] 0 0 0
*[name] snowy_tree [pos] 22.2 0.0 -383.6 [scale] 5.1 4.9 5.1 [rotation] 0 29 -2
*[name] snowy_tree [pos] 44.5 0.0 -381.6 [scale] 5.6 5.4 5.6 [rotation] 0 78 5
*[name] herring [pos] 31.3 0.0 -381.6 [scale] 1.0 1.0 1.0 [rotation] 0 0 0
*[name] snowy_tree [pos] 52.6 0.0 -379.6 [scale] 5.0 4.1 5.0 [rotation] 0 14 4
*[name] snowy_tree [pos] 41.5 0.0 -377.6 [scale] 4.4 5.2 4.4 [rotation] 0 52 -1
*[name] snowy_tree [pos] 23.3 0.0 -377.6 [scale] 4.2 3.7 4.2 [rotation] 0 3 2
*[name] snowy_tree [pos] 17.2 0.0 -377.6 [scale] 5.4 5.8 5.4 [rotation] 0 23 3
*[name] flag [pos] 27.3 0.0 -375.6 [scale] 1.0 1.0 1.0 [rotation] 0 0 0
*[name] snowy_tree [pos] 47.5 0.0 -373.6 [scale] 4.8 4.9 4.8 [rotation] 0 74 2
*[name] snowy_tree [pos] 20.2 0.0 -373.6 [scale] 4.1 4.8 4.1 [rotation] 0 3 1
*[name] snowy_tree [pos] 43.5 0.0 -371.5 [scale] 4.2 4.1 4.2 [rotation] 0 77 4
*[name] flag [pos] 39.4 0.0 -371.5 [scale] 1.0 1.0 1.0 [rotation] 0 0 0
*[name] snowy_tree [pos] 53.6 0.0 -369.5 [scale] 5.4 6.3 5.4 [rotation] 0 79 -3
*[name] snowy_tree [pos] 17.2 0.0 -369.5 [scale] 5.5 4.5 5.5 [rotation] 0 7 5
*[name] herring [pos] 32.4 0.0 -367.5 [scale] 1.0 1.0 1.0 [rotation] 0 0 0
*[name] flag [pos] 27.3 0.0 -367.5 [scale] 1.0 1.0 1.0 [rotation] 0 0 0
*[name] snowy_tree [pos] 22.2 0.0 -367.5 [scale] 5.6 6.4 5.6 [rotation] 0 33 4
*[name] snowy_tree [pos] 48.5 0.0 -365.5 [scale] 5.6 5.7 5.6 [rotation] 0 52 0
*[name] snowy_tree [pos] 44.5 0.0 -365.5 [scale] 5.9 7.2 5.9 [rotation] 0 28 -1
*[name] flag [pos] 41.5 0.0 -365.5 [scale] 1.0 1.0 1.0 [rotation] 0 0 0
*[name] snowy_tree [pos] 26.3 0.0 -363.5 [scale] 4.5 3.9 4.5 [rotation] 0 6 -2
*[name] snowy_tree [pos] 47.5 0.0 -361.5 [scale] 5.8 4.9 5.8 [rotation] 0 78 -5
*[name] snowy_tree [pos] 20.2 0.0 -361.5 [scale] 4.9 5.7 4.9 [rotation] 0 80 -3
*[name] flag [pos] 43.5 0.0 -359.5 [scale] 1.0 1.0 1.0 [rotation] 0 0 0
*[name] snowy_tree [pos] 23.3 0.0 -359.5 [scale] 4.9 5.8 4.9 [rotation] 0 34 -3
*[name] snowy_tree [pos] 51.6 0.0 -357.5 [scale] 5.6 5.8 5.6 [rotation] 0 12 1
*[name] snowy_tree [pos] 48.5 0.0 -357.5 [scale] 4.2 4.5 4.2 [rotation] 0 44 4
*[name] snowy_tree [pos] 46.5 0.0 -357.5 [scale] 5.8 4.8 5.8 [rotation] 0 42 4
*[name] flag [pos] 30.3 0.0 -357.5 [scale] 1.0 1.0 1.0 [rotation] 0 0 0
*[name] snowy_tree [pos] 21.2 0.0 -357.5 [scale] 5.8 6.9 5.8 [rotation] 0 19 -4
*[name] snowy_tree [pos] 28.3 0.0 -355.5 [scale] 5.8 5.5 5.8 [rotation] 0 38 3
*[name] snowy_tree [pos] 24.3 0.0 -355.5 [scale] 4.8 4.5 4.8 [rotation] 0 74 3
*[name] flag [pos] 33.4 0.0 -353.5 [scale] 1.0 1.0 1.0 [rotation] 0 0 0
*[name] flag [pos] 45.5 0.0 -351.5 [scale] 1.0 1.0 1.0 [rotation] 0 0 0
*[name] snowy_tree [pos] 49.6 0.0 -349.5 [scale] 4.0 4.6 4.0 [rotation] 0 0 -1
*[name] snowy_tree [pos] 29.3 0.0 -349.5 [scale] 5.0 4.9 5.0 [rotation] 0 56 -2
*[name] snowy_tree [pos] 56.6 0.0 -347.4 [scale] 5.7 6.7 5.7 [rotation] 0 79 5
*[name] flag [pos] 36.4 0.0 -347.4 [scale] 1.0 1.0 1.0 [rotation] 0 0 0
*[name] snowy_tree [pos] 51.6 0.0 -343.4 [scale] 4.5 4.4 4.5 [rotation] 0 81 -3
*[name] flag [pos] 46.5 0.0 -343.4 [scale] 1.0 1.0 1.0 [rotation] 0 0 0
*[name] snowy_tree [pos] 32.4 0.0 -343.4 [scale] 4.9 4.8 4.9 [rotation] 0 1 -2
*[name] herring [pos] 43.5 0.0 -341.4 [scale] 1.0 1.0 1.0 [rotation] 0 0 0
*[name] snowy_tree [pos] 30.3 0.0 -341.4 [scale] 4.3 3.9 4.3 [rotation] 0 43 -4
*[name] snowy_tree [pos] 49.6 0.0 -339.4 [scale] 5.0 6.3 5.0 [rotation] 0 80 4
*[name] snowy_tree [pos] 34.4 0.0 -339.4 [scale] 4.4 5.1 4.4 [rotation] 0 65 -3
*[name] flag [pos] 37.4 0.0 -337.4 [scale] 1.0 1.0 1.0 [rotation] 0 0 0
*[name] snowy_tree [pos] 59.7 0.0 -335.4 [scale] 4.8 5.7 4.8 [rotation] 0 57 4
*[name] snowy_tree [pos] 52.6 0.0 -335.4 [scale] 4.2 3.9 4.2 [rotation] 0 16 4
*[name] flag [pos] 48.5 0.0 -335.4 [scale] 1.0 1.0 1.0 [rotation] 0 0 0
*[name] herring [pos] 44.5 0.0 -335.4 [scale] 1.0 1.0 1.0 [rotation] 0 0 0
*[name] snowy_tree [pos] 28.3 0.0 -335.4 [scale] 4.0 3.3 4.0 [rotation] 0 81 -2
*[name] snowy_tree [pos] 31.3 0.0 -333.4 [scale] 4.8 5.8 4.8 [rotation] 0 37 4
*[name] snowy_tree [pos] 34.4 0.0 -331.4 [scale] 4.3 4.4 4.3 [rotation] 0 17 -2
*[name] snowy_tree [pos] 51.6 0.0 -329.4 [scale] 5.3 6.0 5.3 [rotation] 0 34 -3
*[name] herring [pos] 45.5 0.0 -329.4 [scale] 1.0 1.0 1.0 [rotation] 0 0 0
*[name] snowy_tree [pos] 58.7 0.0 -327.4 [scale] 5.1 4.8 5.1 [rotation] 0 5 3
*[name] snowy_tree [pos] 53.6 0.0 -327.4 [scale] 5.9 7.1 5.9 [rotation] 0 86 -1
*[name] flag [pos] 49.6 0.0 -327.4 [scale] 1.0 1.0 1.0 [rotation] 0 0 0
*[name] flag [pos] 37.4 0.0 -327.4 [scale] 1.0 1.0 1.0 [rotation] 0 0 0
*[name] snowy_tree [pos] 32.4 0.0 -325.4 [scale] 5.0 5.5 5.0 [rotation] 0 27 1
*[name] snowy_tree [pos] 29.3 0.0 -325.4 [scale] 5.7 5.9 5.7 [rotation] 0 51 4
*[name] snowy_tree [pos] 62.7 0.0 -321.3 [scale] 5.0 5.2 5.0 [rotation] 0 10 4
*[name] flag [pos] 50.6 0.0 -321.3 [scale] 1.0 1.0 1.0 [rotation] 0 0 0
*[name] snowy_tree [pos] 35.4 0.0 -321.3 [scale] 4.5 4.8 4.5 [rotation] 0 71 -1
*[name] snowy_tree [pos] 31.3 0.0 -321.3 [scale] 5.9 7.6 5.9 [rotation] 0 67 1
*[name] snowy_tree [pos] 66.7 0.0 -319.3 [scale] 5.3 4.6 5.3 [rotation] 0 68 -3
*[name] flag [pos] 37.4 0.0 -317.3 [scale] 1.0 1.0 1.0 [rotation] 0 0 0
*[name] snowy_tree [pos] 54.6 0.0 -315.3 [scale] 4.8 5.7 4.8 [rotation] 0 88 -1
*[name] snowy_tree [pos] 34.4 0.0 -315.3 [scale] 5.2 6.6 5.2 [rotation] 0 68 -4
*[name] snowy_tree [pos] 60.7 0.0 -313.3 [scale] 5.1 4.2 5.1 [rotation] 0 64 -1
*[name] flag [pos] 51.6 0.0 -313.3 [scale] 1.0 1.0 1.0 [rotation] 0 0 0
*[name] snowy_tree [pos] 58.7 0.0 -309.3 [scale] 5.0 4.7 5.0 [rotation] 0 20 -5
*[name] flag [pos] 37.4 0.0 -307.3 [scale] 1.0 1.0 1.0 [rotation] 0 0 0
*[name] snowy_tree [pos] 30.3 0.0 -307.3 [scale] 5.5 5.3 5.5 [rotation] 0 87 -5
*[name] herring [pos] 42.5 0.0 -305.3 [scale] 1.0 1.0 1.0 [rotation] 0 0 0
*[name] snowy_tree [pos] 34.4 0.0 -305.3 [scale] 5.7 6.7 5.7 [rotation] 0 39 3
*[name] flag [pos] 55.6 0.0 -303.3 [scale] 1.0 1.0 1.0 [rotation] 0 0 0
*[name] snowy_tree [pos] 29.3 0.0 -301.3 [scale] 5.5 4.9 5.5 [rotation] 0 36 -1
*[name] flag [pos] 37.4 0.0 -299.2 [scale] 1.0 1.0 1.0 [rotation] 0 0 0
*[name] snowy_tree [pos] 29.3 0.0 -299.2 [scale] 4.6 4.1 4.6 [rotation] 0 55 2
*[name] snowy_tree [pos] 61.7 0.0 -297.2 [scale] 5.9 6.5 5.9 [rotation] 0 4 1
*[name] herring [pos] 44.5 0.0 -297.2 [scale] 1.0 1.0 1.0 [rotation] 0 0 0
*[name] snowy_tree [pos] 31.3 0.0 -297.2 [scale] 5.0 6.0 5.0 [rotation] 0 59 -5
*[name] snowy_tree [pos] 34.4 0.0 -293.2 [scale] 5.7 5.6 5.7 [rotation] 0 38 -1
*[name] snowy_tree [pos] 63.7 0.0 -291.2 [scale] 5.3 5.9 5.3 [rotation] 0 35 -1
*[name] flag [pos] 57.6 0.0 -291.2 [scale] 1.0 1.0 1.0 [rotation] 0 0 0
*[name] flag [pos] 37.4 0.0 -291.2 [scale] 1.0 1.0 1.0 [rotation] 0 0 0
*[name] herring [pos] 47.5 0.0 -289.2 [scale] 1.0 1.0 1.0 [rotation] 0 0 0
*[name] snowy_tree [pos] 61.7 0.0 -287.2 [scale] 5.9 5.8 5.9 [rotation] 0 36 3
*[name] herring [pos] 49.6 0.0 -269.1 [scale] 1.0 1.0 1.0 [rotation] 0 0 0
*[name] snowy_tree [pos] 40.4 0.0 -265.1 [scale] 4.2 5.2 4.2 [rotation] 0 56 4
*[name] herring [pos] 49.6 0.0 -263.1 [scale] 1.0 1.0 1.0 [rotation] 0 0 0
*[name] snowy_tree [pos] 68.8 0.0 -251.0 [scale] 4.0 3.3 4.0 [rotation] 0 23 -2
*[name] snowy_tree [pos] 64.7 0.0 -251.0 [scale] 4.4 5.4 4.4 [rotation] 0 1 -3
*[name] tree_barren [pos] 42.5 0.0 -251.0 [scale] 4.9 4.9 4.9 [rotation] 0 5 0
*[name] snowy_tree [pos] 48.5 0.0 -247.0 [scale] 5.4 7.0 5.4 [rotation] 0 76 -1
*[name] snowy_tree [pos] 66.7 0.0 -243.0 [scale] 4.1 4.6 4.1 [rotation] 0 68 -1
*[name] herring [pos] 60.7 0.0 -243.0 [scale] 1.0 1.0 1.0 [rotation] 0 0 0
*[name] snowy_tree [pos] 50.6 0.0 -241.0 [scale] 4.1 4.1 4.1 [rotation] 0 8 -1
*[name] herring [pos] 60.7 0.0 -237.0 [scale] 1.0 1.0 1.0 [rotation] 0 0 0
*[name] snowy_tree [pos] 48.5 0.0 -226.9 [scale] 5.6 4.6 5.6 [rotation] 0 71 -3
*[name] snowy_tree [pos] 68.8 0.0 -222.9 [scale] 5.8 7.2 5.8 [rotation] 0 3 -0
*[name] snowy_tree [pos] 67.8 0.0 -218.9 [scale] 5.6 4.6 5.6 [rotation] 0 47 -5
*[name] snowy_tree [pos] 48.5 0.0 -218.9 [scale] 4.8 5.5 4.8 [rotation] 0 81 -1
*[name] snowy_tree [pos] 45.5 0.0 -218.9 [scale] 5.7 5.6 5.7 [rotation] 0 40 1
*[name] snowy_tree [pos] 38.4 0.0 -214.9 [scale] 4.7 4.4 4.7 [rotation] 0 87 -1
*[name] herring [pos] 59.7 0.0 -212.9 [scale] 1.0 1.0 1.0 [rotation] 0 0 0
*[name] tree_barren [pos] 33.4 0.0 -210.9 [scale] 5.9 5.9 5.9 [rotation] 0 64 0
*[name] herring [pos] 51.6 0.0 -206.9 [scale] 1.0 1.0 1.0 [rotation] 0 0 0
*[name] herring [pos] 44.5 0.0 -204.9 [scale] 1.0 1.0 1.0 [rotation] 0 0 0
*[name] snowy_tree [pos] 31.3 0.0 -200.8 [scale] 5.6 4.5 5.6 [rotation] 0 10 4
*[name] herring [pos] 38.4 0.0 -198.8 [scale] 1.0 1.0 1.0 [rotation] 0 0 0
*[name] snowy_tree [pos] 30.3 0.0 -196.8 [scale] 4.8 6.1 4.8 [rotation] 0 86 -3
*[name] snowy_tree [pos] 47.5 0.0 -192.8 [scale] 4.2 5.1 4.2 [rotation] 0 11 -4
*[name] snowy_tree [pos] 23.3 0.0 -192.8 [scale] 4.7 5.8 4.7 [rotation] 0 18 4
*[name] tree_barren [pos] 55.6 0.0 -190.8 [scale] 5.9 5.9 5.9 [rotation] 0 52 0
*[name] snowy_tree [pos] 42.5 0.0 -188.8 [scale] 5.1 6.2 5.1 [rotation] 0 87 -1
*[name] snowy_tree [pos] 23.3 0.0 -184.8 [scale] 4.4 4.4 4.4 [rotation] 0 1 0
*[name] snowy_tree [pos] 27.3 0.0 -182.8 [scale] 5.4 6.9 5.4 [rotation] 0 80 2
*[name] snowy_tree [pos] 24.3 0.0 -178.7 [scale] 5.4 6.2 5.4 [rotation] 0 60 3
*[name] tree_barren [pos] 46.5 0.0 -170.7 [scale] 5.2 5.2 5.2 [rotation] 0 8 0
*[name] tree_barren [pos] 41.5 0.0 -170.7 [scale] 5.4 5.4 5.4 [rotation] 0 51 0
*[name] herring [pos] 32.4 0.0 -168.7 [scale] 1.0 1.0 1.0 [rotation] 0 0 0
*[name] herring [pos] 33.4 0.0 -162.7 [scale] 1.0 1.0 1.0 [rotation] 0 0 0
*[name] tree_barren [pos] 46.5 0.0 -158.7 [scale] 4.6 4.6 4.6 [rotation] 0 74 0
*[name] tree_barren [pos] 51.6 0.0 -156.7 [scale] 4.8 4.8 4.8 [rotation] 0 38 0
*[name] tree_barren [pos] 27.3 0.0 -150.6 [scale] 5.9 5.9 5.9 [rotation] 0 65 0
*[name] tree_barren [pos] 66.7 0.0 -146.6 [scale] 4.6 4.6 4.6 [rotation] 0 15 0
*[name] herring [pos] 43.5 0.0 -146.6 [scale] 1.0 1.0 1.0 [rotation] 0 0 0
*[name] snowy_tree [pos] 36.4 0.0 -144.6 [scale] 5.2 4.7 5.2 [rotation] 0 67 -4
*[name] snowy_tree [pos] 58.7 0.0 -142.6 [scale] 4.1 4.8 4.1 [rotation] 0 50 -2
*[name] snowy_tree [pos] 33.4 0.0 -142.6 [scale] 4.3 4.6 4.3 [rotation] 0 70 3
*[name] herring [pos] 46.5 0.0 -140.6 [scale] 1.0 1.0 1.0 [rotation] 0 0 0
*[name] snowy_tree [pos] 62.7 0.0 -138.6 [scale] 5.1 5.7 5.1 [rotation] 0 44 -3
*[name] snowy_tree [pos] 36.4 0.0 -138.6 [scale] 4.7 4.2 4.7 [rotation] 0 0 5
*[name] snowy_tree [pos] 37.4 0.0 -136.6 [scale] 4.5 5.2 4.5 [rotation] 0 49 0
*[name] tree_barren [pos] 69.8 0.0 -134.6 [scale] 5.1 5.1 5.1 [rotation] 0 84 0
*[name] snowy_tree [pos] 33.4 0.0 -134.6 [scale] 5.9 6.2 5.9 [rotation] 0 59 -2
*[name] herring [pos] 61.7 0.0 -122.5 [scale] 1.0 1.0 1.0 [rotation] 0 0 0
*[name] tree_barren [pos] 51.6 0.0 -110.5 [scale] 5.3 5.3 5.3 [rotation] 0 21 0
*[name] herring [pos] 67.8 0.0 -108.5 [scale] 1.0 1.0 1.0 [rotation] 0 0 0
*[name] snowy_tree [pos] 58.7 0.0 -106.4 [scale] 5.0 5.0 5.0 [rotation] 0 33 1
*[name] snowy_tree [pos] 61.7 0.0 -100.4 [scale] 4.2 5.4 4.2 [rotation] 0 74 -2
*[name] snowy_tree [pos] 59.7 0.0 -98.4 [scale] 5.0 5.5 5.0 [rotation] 0 8 -5
*[name] snowy_tree [pos] 57.6 0.0 -94.4 [scale] 4.5 4.9 4.5 [rotation] 0 20 1
*[name] snowy_tree [pos] 55.6 0.0 -88.4 [scale] 5.5 5.0 5.5 [rotation] 0 56 5
*[name] tree_barren [pos] 49.6 0.0 -86.4 [scale] 5.9 5.9 5.9 [rotation] 0 15 0
*[name] herring [pos] 62.7 0.0 -84.4 [scale] 1.0 1.0 1.0 [rotation] 0 0 0
*[name] tree_barren [pos] 72.8 0.0 -82.3 [scale] 5.0 5.0 5.0 [rotation] 0 42 0
*[name] snowy_tree [pos] 47.5 0.0 -78.3 [scale] 4.2 4.4 4.2 [rotation] 0 86 3
*[name] snowy_tree [pos] 42.5 0.0 -76.3 [scale] 5.5 6.1 5.5 [rotation] 0 90 -2
*[name] herring [pos] 57.6 0.0 -74.3 [scale] 1.0 1.0 1.0 [rotation] 0 0 0
*[name] snowy_tree [pos] 62.7 0.0 -72.3 [scale] 4.0 4.0 4.0 [rotation] 0 75 -4
*[name] snowy_tree [pos] 61.7 0.0 -68.3 [scale] 4.6 5.2 4.6 [rotation] 0 36 3
*[name] snowy_tree [pos] 42.5 0.0 -68.3 [scale] 4.5 4.7 4.5 [rotation] 0 71 0
*[name] tree_barren [pos] 67.8 0.0 -66.3 [scale] 4.1 4.1 4.1 [rotation] 0 1 0
*[name] snowy_tree [pos] 58.7 0.0 -66.3 [scale] 4.3 5.2 4.3 [rotation] 0 21 3
*[name] snowy_tree [pos] 53.6 0.0 -60.3 [scale] 5.6 4.9 5.6 [rotation] 0 86 -2
*[name] snowy_tree [pos] 40.4 0.0 -56.2 [scale] 5.3 4.4 5.3 [rotation] 0 71 1
*[name] tree_barren [pos] 62.7 0.0 -54.2 [scale] 5.6 5.6 5.6 [rotation] 0 49 0
*[name] tree_barren [pos] 55.6 0.0 -48.2 [scale] 4.4 4.4 4.4 [rotation] 0 74 0
*[name] herring [pos] 47.5 0.0 -48.2 [scale] 1.0 1.0 1.0 [rotation] 0 0 0
*[name] tree_barren [pos] 37.4 0.0 -48.2 [scale] 5.6 5.6 5.6 [rotation] 0 21 0
*[name] snowy_tree [pos] 39.4 0.0 -40.2 [scale] 4.4 4.9 4.4 [rotation] 0 34 -0
*[name] snowy_tree [pos] 39.4 0.0 -38.2 [scale] 4.6 5.5 4.6 [rotation] 0 22 1
*[name] snowy_tree [pos] 52.6 0.0 -36.2 [scale] 4.5 3.7 4.5 [rotation] 0 8 -2
*[name] herring [pos] 44.5 0.0 -36.2 [scale] 1.0 1.0 1.0 [rotation] 0 0 0
*[name] snowy_tree [pos] 38.4 0.0 -30.1 [scale] 4.1 3.8 4.1 [rotation] 0 12 -2
*[name] herring [pos] 45.5 0.0 -22.1 [scale] 1.0 1.0 1.0 [rotation] 0 0 0
*[name] snowy_tree [pos] 52.6 0.0 -16.1 [scale] 4.1 5.1 4.1 [rotation] 0 38 -5

*[name] finish [pos] 45.6 0.0 -440 [scale] 4 3 3 [rotation] 0 0 0
