*[name] green_tree [pos] 42.7 0.0 -560.0 [scale] 4.3 3.7 4.3 [rotation] 0 64 -3
*[name] flag [pos] 32.5 0.0 -560.0 [scale] 1.0 1.0 1.0 [rotation] 0 0 0
*[name] flag [pos] 31.5 0.0 -560.0 [scale] 1.0 1.0 1.0 [rotation] 0 0 0
*[name] flag [pos] 30.5 0.0 -560.0 [scale] 1.0 1.0 1.0 [rotation] 0 0 0
*[name] flag [pos] 29.5 0.0 -560.0 [scale] 1.0 1.0 1.0 [rotation] 0 0 0
*[name] flag [pos] 33.6 0.0 -558.0 [scale] 1.0 1.0 1.0 [rotation] 0 0 0
*[name] green_tree [pos] 32.5 0.0 -558.0 [scale] 4.1 3.7 4.1 [rotation] 0 16 -0
*[name] green_tree [pos] 29.5 0.0 -558.0 [scale] 3.2 2.7 3.2 [rotation] 0 81 3
*[name] flag [pos] 28.5 0.0 -558.0 [scale] 1.0 1.0 1.0 [rotation] 0 0 0
*[name] green_tree [pos] 26.4 0.0 -558.0 [scale] 4.9 6.0 4.9 [rotation] 0 85 -2
*[name] green_tree [pos] 53.9 0.0 -556.0 [scale] 3.4 3.5 3.4 [rotation] 0 85 3
*[name] green_tree [pos] 46.8 0.0 -556.0 [scale] 3.8 3.5 3.8 [rotation] 0 26 1
*[name] green_tree [pos] 34.6 0.0 -556.0 [scale] 4.2 4.0 4.2 [rotation] 0 46 -4
*[name] flag [pos] 33.6 0.0 -556.0 [scale] 1.0 1.0 1.0 [rotation] 0 0 0
*[name] flag [pos] 28.5 0.0 -556.0 [scale] 1.0 1.0 1.0 [rotation] 0 0 0
*[name] green_tree [pos] 22.4 0.0 -556.0 [scale] 3.3 3.3 3.3 [rotation] 0 72 3
*[name] green_tree [pos] 11.2 0.0 -556.0 [scale] 4.1 4.3 4.1 [rotation] 0 1 -4
*[name] green_tree [pos] 37.6 0.0 -554.0 [scale] 4.4 3.9 4.4 [rotation] 0 53 3
*[name] flag [pos] 34.6 0.0 -554.0 [scale] 1.0 1.0 1.0 [rotation] 0 0 0
*[name] flag [pos] 27.5 0.0 -554.0 [scale] 1.0 1.0 1.0 [rotation] 0 0 0
*[name] green_tree [pos] 19.3 0.0 -554.0 [scale] 3.5 3.7 3.5 [rotation] 0 51 -3
*[name] green_tree [pos] 34.6 0.0 -552.0 [scale] 3.7 3.9 3.7 [rotation] 0 44 1
*[name] green_tree [pos] 27.5 0.0 -552.0 [scale] 4.9 5.0 4.9 [rotation] 0 31 -2
*[name] green_tree [pos] 25.4 0.0 -552.0 [scale] 4.4 4.8 4.4 [rotation] 0 80 -2
*[name] green_tree [pos] 56.9 0.0 -550.0 [scale] 4.9 4.9 4.9 [rotation] 0 31 -4
*[name] flag [pos] 34.6 0.0 -550.0 [scale] 1.0 1.0 1.0 [rotation] 0 0 0
*[name] flag [pos] 27.5 0.0 -550.0 [scale] 1.0 1.0 1.0 [rotation] 0 0 0
*[name] green_tree [pos] 42.7 0.0 -548.0 [scale] 4.7 4.1 4.7 [rotation] 0 76 -1
*[name] flag [pos] 26.4 0.0 -548.0 [scale] 1.0 1.0 1.0 [rotation] 0 0 0
*[name] green_tree [pos] 21.4 0.0 -548.0 [scale] 4.3 5.3 4.3 [rotation] 0 45 -2
*[name] green_tree [pos] 15.3 0.0 -548.0 [scale] 3.1 2.6 3.1 [rotation] 0 13 -2
*[name] flag [pos] 36.6 0.0 -545.9 [scale] 1.0 1.0 1.0 [rotation] 0 0 0
*[name] green_tree [pos] 13.2 0.0 -545.9 [scale] 4.1 4.8 4.1 [rotation] 0 48 4
*[name] flag [pos] 38.6 0.0 -543.9 [scale] 1.0 1.0 1.0 [rotation] 0 0 0
*[name] flag [pos] 23.4 0.0 -543.9 [scale] 1.0 1.0 1.0 [rotation] 0 0 0
*[name] green_tree [pos] 48.8 0.0 -541.9 [scale] 3.4 2.8 3.4 [rotation] 0 46 -3
*[name] green_tree [pos] 44.7 0.0 -541.9 [scale] 3.9 4.8 3.9 [rotation] 0 44 -4
*[name] green_tree [pos] 17.3 0.0 -541.9 [scale] 3.9 3.9 3.9 [rotation] 0 34 -1
*[name] flag [pos] 40.7 0.0 -539.9 [scale] 1.0 1.0 1.0 [rotation] 0 0 0
*[name] flag [pos] 21.4 0.0 -539.9 [scale] 1.0 1.0 1.0 [rotation] 0 0 0
*[name] green_tree [pos] 18.3 0.0 -539.9 [scale] 4.6 5.3 4.6 [rotation] 0 43 1
*[name] green_tree [pos] 59.0 0.0 -537.9 [scale] 4.7 4.5 4.7 [rotation] 0 89 0
*[name] flag [pos] 41.7 0.0 -535.9 [scale] 1.0 1.0 1.0 [rotation] 0 0 0
*[name] flag [pos] 19.3 0.0 -535.9 [scale] 1.0 1.0 1.0 [rotation] 0 0 0
*[name] green_tree [pos] 15.3 0.0 -535.9 [scale] 3.4 3.5 3.4 [rotation] 0 78 -3
*[name] green_tree [pos] 52.9 0.0 -533.9 [scale] 4.1 3.3 4.1 [rotation] 0 49 -4
*[name] green_tree [pos] 10.2 0.0 -533.9 [scale] 4.4 3.7 4.4 [rotation] 0 8 4
*[name] flag [pos] 43.7 0.0 -531.9 [scale] 1.0 1.0 1.0 [rotation] 0 0 0
*[name] flag [pos] 18.3 0.0 -529.9 [scale] 1.0 1.0 1.0 [rotation] 0 0 0
*[name] green_tree [pos] 59.0 0.0 -527.9 [scale] 3.2 3.5 3.2 [rotation] 0 7 0
*[name] green_tree [pos] 46.8 0.0 -527.9 [scale] 3.9 4.2 3.9 [rotation] 0 58 4
*[name] flag [pos] 44.7 0.0 -527.9 [scale] 1.0 1.0 1.0 [rotation] 0 0 0
*[name] green_tree [pos] 42.7 0.0 -527.9 [scale] 4.9 3.9 4.9 [rotation] 0 29 2
*[name] green_tree [pos] 37.6 0.0 -527.9 [scale] 4.5 5.4 4.5 [rotation] 0 29 1
*[name] flag [pos] 34.6 0.0 -527.9 [scale] 1.0 1.0 1.0 [rotation] 0 0 0
*[name] flag [pos] 27.5 0.0 -527.9 [scale] 1.0 1.0 1.0 [rotation] 0 0 0
*[name] flag [pos] 16.3 0.0 -525.9 [scale] 1.0 1.0 1.0 [rotation] 0 0 0
*[name] green_tree [pos] 54.9 0.0 -521.9 [scale] 3.2 3.1 3.2 [rotation] 0 12 -2
*[name] green_tree [pos] 47.8 0.0 -521.9 [scale] 4.6 3.7 4.6 [rotation] 0 47 -1
*[name] flag [pos] 34.6 0.0 -521.9 [scale] 1.0 1.0 1.0 [rotation] 0 0 0
*[name] flag [pos] 27.5 0.0 -521.9 [scale] 1.0 1.0 1.0 [rotation] 0 0 0
*[name] herring [pos] 30.5 0.0 -519.9 [scale] 1.0 1.0 1.0 [rotation] 0 0 0
*[name] green_tree [pos] 23.4 0.0 -519.9 [scale] 3.0 2.5 3.0 [rotation] 0 47 2
*[name] green_tree [pos] 19.3 0.0 -519.9 [scale] 3.3 3.6 3.3 [rotation] 0 59 -3
*[name] green_tree [pos] 16.3 0.0 -519.9 [scale] 3.4 4.0 3.4 [rotation] 0 66 2
*[name] green_tree [pos] 11.2 0.0 -519.9 [scale] 3.6 3.6 3.6 [rotation] 0 52 -3
*[name] flag [pos] 34.6 0.0 -515.8 [scale] 1.0 1.0 1.0 [rotation] 0 0 0
*[name] flag [pos] 27.5 0.0 -515.8 [scale] 1.0 1.0 1.0 [rotation] 0 0 0
*[name] green_tree [pos] 10.2 0.0 -515.8 [scale] 3.8 4.8 3.8 [rotation] 0 85 -4
*[name] green_tree [pos] 43.7 0.0 -511.8 [scale] 4.4 4.1 4.4 [rotation] 0 68 3
*[name] green_tree [pos] 20.3 0.0 -511.8 [scale] 4.2 5.2 4.2 [rotation] 0 12 -1
*[name] flag [pos] 34.6 0.0 -509.8 [scale] 1.0 1.0 1.0 [rotation] 0 0 0
*[name] flag [pos] 27.5 0.0 -509.8 [scale] 1.0 1.0 1.0 [rotation] 0 0 0
*[name] green_tree [pos] 4.1 0.0 -509.8 [scale] 4.8 5.4 4.8 [rotation] 0 69 4
*[name] green_tree [pos] 58.0 0.0 -507.8 [scale] 4.4 4.2 4.4 [rotation] 0 57 3
*[name] green_tree [pos] 16.3 0.0 -507.8 [scale] 4.8 4.5 4.8 [rotation] 0 4 -4
*[name] flag [pos] 34.6 0.0 -505.8 [scale] 1.0 1.0 1.0 [rotation] 0 0 0
*[name] flag [pos] 27.5 0.0 -505.8 [scale] 1.0 1.0 1.0 [rotation] 0 0 0
*[name] green_tree [pos] 22.4 0.0 -505.8 [scale] 3.0 3.6 3.0 [rotation] 0 69 -2
*[name] herring [pos] 30.5 0.0 -503.8 [scale] 1.0 1.0 1.0 [rotation] 0 0 0
*[name] green_tree [pos] 18.3 0.0 -501.8 [scale] 3.3 3.2 3.3 [rotation] 0 48 1
*[name] green_tree [pos] 10.2 0.0 -501.8 [scale] 3.5 3.6 3.5 [rotation] 0 64 5
*[name] green_tree [pos] 41.7 0.0 -499.8 [scale] 4.5 4.6 4.5 [rotation] 0 70 -2
*[name] flag [pos] 34.6 0.0 -499.8 [scale] 1.0 1.0 1.0 [rotation] 0 0 0
*[name] flag [pos] 27.5 0.0 -499.8 [scale] 1.0 1.0 1.0 [rotation] 0 0 0
*[name] green_tree [pos] 49.8 0.0 -497.8 [scale] 3.7 4.7 3.7 [rotation] 0 64 -3
*[name] green_tree [pos] 7.1 0.0 -497.8 [scale] 4.1 4.3 4.1 [rotation] 0 14 -2
*[name] herring [pos] 30.5 0.0 -495.8 [scale] 1.0 1.0 1.0 [rotation] 0 0 0
*[name] green_tree [pos] 16.3 0.0 -495.8 [scale] 4.5 5.4 4.5 [rotation] 0 9 2
*[name] flag [pos] 34.6 0.0 -493.8 [scale] 1.0 1.0 1.0 [rotation] 0 0 0
*[name] flag [pos] 27.5 0.0 -493.8 [scale] 1.0 1.0 1.0 [rotation] 0 0 0
*[name] green_tree [pos] 15.3 0.0 -489.7 [scale] 3.1 2.7 3.1 [rotation] 0 69 -4
*[name] flag [pos] 35.6 0.0 -487.7 [scale] 1.0 1.0 1.0 [rotation] 0 0 0
*[name] flag [pos] 26.4 0.0 -487.7 [scale] 1.0 1.0 1.0 [rotation] 0 0 0
*[name] green_tree [pos] 45.8 0.0 -483.7 [scale] 4.9 5.2 4.9 [rotation] 0 36 -4
*[name] green_tree [pos] 8.1 0.0 -483.7 [scale] 4.7 6.0 4.7 [rotation] 0 60 -4
*[name] flag [pos] 36.6 0.0 -479.7 [scale] 1.0 1.0 1.0 [rotation] 0 0 0
*[name] flag [pos] 25.4 0.0 -479.7 [scale] 1.0 1.0 1.0 [rotation] 0 0 0
*[name] green_tree [pos] 10.2 0.0 -477.7 [scale] 3.8 3.8 3.8 [rotation] 0 6 -3
*[name] green_tree [pos] 4.1 0.0 -473.7 [scale] 4.7 5.8 4.7 [rotation] 0 43 -3
*[name] flag [pos] 37.6 0.0 -471.7 [scale] 1.0 1.0 1.0 [rotation] 0 0 0
*[name] flag [pos] 24.4 0.0 -471.7 [scale] 1.0 1.0 1.0 [rotation] 0 0 0
*[name] green_tree [pos] 14.2 0.0 -471.7 [scale] 4.5 4.0 4.5 [rotation] 0 42 -2
*[name] green_tree [pos] 6.1 0.0 -467.7 [scale] 4.3 4.8 4.3 [rotation] 0 53 -1
*[name] green_tree [pos] 48.8 0.0 -465.7 [scale] 3.8 4.4 3.8 [rotation] 0 5 -0
*[name] green_tree [pos] 44.7 0.0 -465.7 [scale] 4.7 5.7 4.7 [rotation] 0 50 3
*[name] flag [pos] 37.6 0.0 -463.7 [scale] 1.0 1.0 1.0 [rotation] 0 0 0
*[name] flag [pos] 24.4 0.0 -463.7 [scale] 1.0 1.0 1.0 [rotation] 0 0 0
*[name] green_tree [pos] 12.2 0.0 -461.6 [scale] 3.7 4.7 3.7 [rotation] 0 78 -3
*[name] flag [pos] 37.6 0.0 -455.6 [scale] 1.0 1.0 1.0 [rotation] 0 0 0
*[name] flag [pos] 24.4 0.0 -455.6 [scale] 1.0 1.0 1.0 [rotation] 0 0 0
*[name] green_tree [pos] 7.1 0.0 -455.6 [scale] 4.8 5.1 4.8 [rotation] 0 31 -2
*[name] green_tree [pos] 15.3 0.0 -453.6 [scale] 4.8 4.9 4.8 [rotation] 0 40 3
*[name] green_tree [pos] 41.7 0.0 -451.6 [scale] 3.5 4.4 3.5 [rotation] 0 90 -5
*[name] flag [pos] 37.6 0.0 -447.6 [scale] 1.0 1.0 1.0 [rotation] 0 0 0
*[name] flag [pos] 24.4 0.0 -447.6 [scale] 1.0 1.0 1.0 [rotation] 0 0 0
*[name] green_tree [pos] 49.8 0.0 -439.6 [scale] 3.2 3.3 3.2 [rotation] 0 32 2
*[name] flag [pos] 37.6 0.0 -439.6 [scale] 1.0 1.0 1.0 [rotation] 0 0 0
*[name] flag [pos] 24.4 0.0 -439.6 [scale] 1.0 1.0 1.0 [rotation] 0 0 0
*[name] green_tree [pos] 9.2 0.0 -439.6 [scale] 3.2 4.0 3.2 [rotation] 0 13 -0
*[name] green_tree [pos] 42.7 0.0 -433.5 [scale] 4.3 3.8 4.3 [rotation] 0 86 -0
*[name] green_tree [pos] 41.7 0.0 -433.5 [scale] 3.0 3.2 3.0 [rotation] 0 22 -1
*[name] flag [pos] 37.6 0.0 -431.5 [scale] 1.0 1.0 1.0 [rotation] 0 0 0
*[name] flag [pos] 24.4 0.0 -431.5 [scale] 1.0 1.0 1.0 [rotation] 0 0 0
*[name] green_tree [pos] 13.2 0.0 -429.5 [scale] 3.9 3.4 3.9 [rotation] 0 54 -1
*[name] flag [pos] 37.6 0.0 -423.5 [scale] 1.0 1.0 1.0 [rotation] 0 0 0
*[name] flag [pos] 24.4 0.0 -423.5 [scale] 1.0 1.0 1.0 [rotation] 0 0 0
*[name] flag [pos] 37.6 0.0 -417.5 [scale] 1.0 1.0 1.0 [rotation] 0 0 0
*[name] flag [pos] 24.4 0.0 -417.5 [scale] 1.0 1.0 1.0 [rotation] 0 0 0
*[name] flag [pos] 37.6 0.0 -413.5 [scale] 1.0 1.0 1.0 [rotation] 0 0 0
*[name] flag [pos] 24.4 0.0 -413.5 [scale] 1.0 1.0 1.0 [rotation] 0 0 0
*[name] green_tree [pos] 48.8 0.0 -411.5 [scale] 4.3 5.5 4.3 [rotation] 0 59 1
*[name] green_tree [pos] 6.1 0.0 -411.5 [scale] 3.7 3.1 3.7 [rotation] 0 33 1
*[name] flag [pos] 37.6 0.0 -407.5 [scale] 1.0 1.0 1.0 [rotation] 0 0 0
*[name] flag [pos] 24.4 0.0 -407.5 [scale] 1.0 1.0 1.0 [rotation] 0 0 0
*[name] green_tree [pos] 15.3 0.0 -399.4 [scale] 3.0 3.0 3.0 [rotation] 0 58 -4
*[name] tree_barren [pos] 47.8 0.0 -397.4 [scale] 5.7 5.7 5.7 [rotation] 0 89 0
*[name] tree_barren [pos] 44.7 0.0 -397.4 [scale] 5.7 5.7 5.7 [rotation] 0 82 0
*[name] tree_barren [pos] 33.6 0.0 -395.4 [scale] 5.9 5.9 5.9 [rotation] 0 1 0
*[name] tree_barren [pos] 28.5 0.0 -395.4 [scale] 4.8 4.8 4.8 [rotation] 0 51 0
*[name] green_tree [pos] 50.8 0.0 -393.4 [scale] 3.4 3.4 3.4 [rotation] 0 4 -3
*[name] tree_barren [pos] 13.2 0.0 -393.4 [scale] 5.8 5.8 5.8 [rotation] 0 26 0
*[name] tree_barren [pos] 43.7 0.0 -391.4 [scale] 5.2 5.2 5.2 [rotation] 0 32 0
*[name] tree_barren [pos] 38.6 0.0 -391.4 [scale] 4.8 4.8 4.8 [rotation] 0 19 0
*[name] tree_barren [pos] 23.4 0.0 -391.4 [scale] 5.4 5.4 5.4 [rotation] 0 6 0
*[name] green_tree [pos] 7.1 0.0 -391.4 [scale] 3.3 3.2 3.3 [rotation] 0 59 -0
*[name] green_tree [pos] 17.3 0.0 -389.4 [scale] 3.9 3.2 3.9 [rotation] 0 9 -0
*[name] green_tree [pos] 48.8 0.0 -387.4 [scale] 3.8 4.4 3.8 [rotation] 0 55 -3
*[name] green_tree [pos] 41.7 0.0 -387.4 [scale] 4.5 4.7 4.5 [rotation] 0 10 2
*[name] tree_barren [pos] 46.8 0.0 -385.4 [scale] 5.0 5.0 5.0 [rotation] 0 46 0
*[name] tree_barren [pos] 19.3 0.0 -385.4 [scale] 4.5 4.5 4.5 [rotation] 0 64 0
*[name] tree_barren [pos] 7.1 0.0 -385.4 [scale] 5.7 5.7 5.7 [rotation] 0 26 0
*[name] flag [pos] 34.6 0.0 -383.4 [scale] 1.0 1.0 1.0 [rotation] 0 0 0
*[name] herring [pos] 30.5 0.0 -383.4 [scale] 1.0 1.0 1.0 [rotation] 0 0 0
*[name] flag [pos] 25.4 0.0 -383.4 [scale] 1.0 1.0 1.0 [rotation] 0 0 0
*[name] tree_barren [pos] 11.2 0.0 -383.4 [scale] 5.9 5.9 5.9 [rotation] 0 68 0
*[name] tree_barren [pos] 51.9 0.0 -379.4 [scale] 5.2 5.2 5.2 [rotation] 0 50 0
*[name] tree_barren [pos] 47.8 0.0 -379.4 [scale] 4.2 4.2 4.2 [rotation] 0 89 0
*[name] tree_barren [pos] 44.7 0.0 -379.4 [scale] 5.5 5.5 5.5 [rotation] 0 73 0
*[name] tree_barren [pos] 14.2 0.0 -379.4 [scale] 4.1 4.1 4.1 [rotation] 0 82 0
*[name] tree_barren [pos] 10.2 0.0 -379.4 [scale] 4.4 4.4 4.4 [rotation] 0 64 0
*[name] flag [pos] 24.4 0.0 -377.3 [scale] 1.0 1.0 1.0 [rotation] 0 0 0
*[name] tree_barren [pos] 3.1 0.0 -377.3 [scale] 4.8 4.8 4.8 [rotation] 0 59 0
*[name] tree_barren [pos] 39.7 0.0 -375.3 [scale] 5.5 5.5 5.5 [rotation] 0 45 0
*[name] flag [pos] 37.6 0.0 -375.3 [scale] 1.0 1.0 1.0 [rotation] 0 0 0
*[name] tree_barren [pos] 12.2 0.0 -375.3 [scale] 4.3 4.3 4.3 [rotation] 0 9 0
*[name] tree_barren [pos] 50.8 0.0 -373.3 [scale] 4.5 4.5 4.5 [rotation] 0 69 0
*[name] tree_barren [pos] 44.7 0.0 -373.3 [scale] 4.6 4.6 4.6 [rotation] 0 88 0
*[name] herring [pos] 30.5 0.0 -373.3 [scale] 1.0 1.0 1.0 [rotation] 0 0 0
*[name] tree_barren [pos] 19.3 0.0 -373.3 [scale] 4.5 4.5 4.5 [rotation] 0 38 0
*[name] flag [pos] 24.4 0.0 -369.3 [scale] 1.0 1.0 1.0 [rotation] 0 0 0
*[name] flag [pos] 37.6 0.0 -367.3 [scale] 1.0 1.0 1.0 [rotation] 0 0 0
*[name] green_tree [pos] 7.1 0.0 -367.3 [scale] 4.3 5.0 4.3 [rotation] 0 84 4
*[name] tree_barren [pos] 20.3 0.0 -365.3 [scale] 4.9 4.9 4.9 [rotation] 0 72 0
*[name] herring [pos] 30.5 0.0 -363.3 [scale] 1.0 1.0 1.0 [rotation] 0 0 0
*[name] tree_barren [pos] 16.3 0.0 -363.3 [scale] 4.3 4.3 4.3 [rotation] 0 36 0
*[name] tree_barren [pos] 39.7 0.0 -359.3 [scale] 5.1 5.1 5.1 [rotation] 0 68 0
*[name] flag [pos] 37.6 0.0 -359.3 [scale] 1.0 1.0 1.0 [rotation] 0 0 0
*[name] flag [pos] 24.4 0.0 -359.3 [scale] 1.0 1.0 1.0 [rotation] 0 0 0
*[name] tree_barren [pos] 18.3 0.0 -357.3 [scale] 5.9 5.9 5.9 [rotation] 0 59 0
*[name] green_tree [pos] 48.8 0.0 -355.3 [scale] 4.5 5.2 4.5 [rotation] 0 43 3
*[name] green_tree [pos] 13.2 0.0 -355.3 [scale] 4.3 4.8 4.3 [rotation] 0 47 -5
*[name] tree_barren [pos] 7.1 0.0 -355.3 [scale] 4.6 4.6 4.6 [rotation] 0 23 0
*[name] flag [pos] 37.6 0.0 -351.3 [scale] 1.0 1.0 1.0 [rotation] 0 0 0
*[name] flag [pos] 24.4 0.0 -351.3 [scale] 1.0 1.0 1.0 [rotation] 0 0 0
*[name] flag [pos] 37.6 0.0 -343.2 [scale] 1.0 1.0 1.0 [rotation] 0 0 0
*[name] flag [pos] 24.4 0.0 -343.2 [scale] 1.0 1.0 1.0 [rotation] 0 0 0
*[name] green_tree [pos] 41.7 0.0 -341.2 [scale] 4.1 4.2 4.1 [rotation] 0 32 3
*[name] green_tree [pos] 7.1 0.0 -339.2 [scale] 3.5 3.9 3.5 [rotation] 0 67 -0
*[name] tree_barren [pos] 12.2 0.0 -337.2 [scale] 4.2 4.2 4.2 [rotation] 0 35 0
*[name] flag [pos] 37.6 0.0 -335.2 [scale] 1.0 1.0 1.0 [rotation] 0 0 0
*[name] flag [pos] 24.4 0.0 -335.2 [scale] 1.0 1.0 1.0 [rotation] 0 0 0
*[name] green_tree [pos] 49.8 0.0 -329.2 [scale] 3.4 2.8 3.4 [rotation] 0 24 2
*[name] green_tree [pos] 12.2 0.0 -329.2 [scale] 4.6 4.7 4.6 [rotation] 0 5 -1
*[name] flag [pos] 37.6 0.0 -327.2 [scale] 1.0 1.0 1.0 [rotation] 0 0 0
*[name] flag [pos] 24.4 0.0 -327.2 [scale] 1.0 1.0 1.0 [rotation] 0 0 0
*[name] tree_barren [pos] 8.1 0.0 -327.2 [scale] 4.4 4.4 4.4 [rotation] 0 2 0
*[name] green_tree [pos] 47.8 0.0 -321.1 [scale] 3.1 3.9 3.1 [rotation] 0 67 0
*[name] flag [pos] 37.6 0.0 -319.1 [scale] 1.0 1.0 1.0 [rotation] 0 0 0
*[name] flag [pos] 25.4 0.0 -319.1 [scale] 1.0 1.0 1.0 [rotation] 0 0 0
*[name] green_tree [pos] 42.7 0.0 -313.1 [scale] 4.5 4.5 4.5 [rotation] 0 15 -2
*[name] flag [pos] 37.6 0.0 -313.1 [scale] 1.0 1.0 1.0 [rotation] 0 0 0
*[name] flag [pos] 25.4 0.0 -313.1 [scale] 1.0 1.0 1.0 [rotation] 0 0 0
*[name] green_tree [pos] 14.2 0.0 -311.1 [scale] 3.8 3.9 3.8 [rotation] 0 48 4
*[name] green_tree [pos] 49.8 0.0 -309.1 [scale] 4.9 6.1 4.9 [rotation] 0 63 -3
*[name] green_tree [pos] 45.8 0.0 -309.1 [scale] 4.1 4.2 4.1 [rotation] 0 57 1
*[name] green_tree [pos] 7.1 0.0 -309.1 [scale] 4.6 5.7 4.6 [rotation] 0 58 -4
*[name] flag [pos] 37.6 0.0 -305.1 [scale] 1.0 1.0 1.0 [rotation] 0 0 0
*[name] flag [pos] 25.4 0.0 -305.1 [scale] 1.0 1.0 1.0 [rotation] 0 0 0
*[name] green_tree [pos] 44.7 0.0 -303.1 [scale] 4.0 4.1 4.0 [rotation] 0 48 1
*[name] tree_barren [pos] 10.2 0.0 -303.1 [scale] 5.6 5.6 5.6 [rotation] 0 67 0
*[name] green_tree [pos] 5.1 0.0 -303.1 [scale] 4.2 5.1 4.2 [rotation] 0 62 -2
*[name] flag [pos] 37.6 0.0 -299.1 [scale] 1.0 1.0 1.0 [rotation] 0 0 0
*[name] flag [pos] 25.4 0.0 -299.1 [scale] 1.0 1.0 1.0 [rotation] 0 0 0
*[name] green_tree [pos] 50.8 0.0 -295.1 [scale] 3.7 3.8 3.7 [rotation] 0 63 0
*[name] green_tree [pos] 40.7 0.0 -293.0 [scale] 4.5 3.8 4.5 [rotation] 0 1 -2
*[name] flag [pos] 37.6 0.0 -293.0 [scale] 1.0 1.0 1.0 [rotation] 0 0 0
*[name] flag [pos] 25.4 0.0 -293.0 [scale] 1.0 1.0 1.0 [rotation] 0 0 0
*[name] green_tree [pos] 12.2 0.0 -293.0 [scale] 3.1 3.9 3.1 [rotation] 0 15 2
*[name] green_tree [pos] 6.1 0.0 -293.0 [scale] 3.2 3.7 3.2 [rotation] 0 14 3
*[name] green_tree [pos] 44.7 0.0 -287.0 [scale] 3.7 4.8 3.7 [rotation] 0 54 5
*[name] flag [pos] 37.6 0.0 -287.0 [scale] 1.0 1.0 1.0 [rotation] 0 0 0
*[name] flag [pos] 25.4 0.0 -287.0 [scale] 1.0 1.0 1.0 [rotation] 0 0 0
*[name] flag [pos] 37.6 0.0 -279.0 [scale] 1.0 1.0 1.0 [rotation] 0 0 0
*[name] flag [pos] 25.4 0.0 -279.0 [scale] 1.0 1.0 1.0 [rotation] 0 0 0
*[name] green_tree [pos] 18.3 0.0 -277.0 [scale] 3.1 2.7 3.1 [rotation] 0 39 1
*[name] green_tree [pos] 7.1 0.0 -277.0 [scale] 4.4 4.1 4.4 [rotation] 0 31 -2
*[name] flag [pos] 37.6 0.0 -273.0 [scale] 1.0 1.0 1.0 [rotation] 0 0 0
*[name] flag [pos] 25.4 0.0 -273.0 [scale] 1.0 1.0 1.0 [rotation] 0 0 0
*[name] green_tree [pos] 52.9 0.0 -269.0 [scale] 3.2 2.6 3.2 [rotation] 0 54 -0
*[name] green_tree [pos] 42.7 0.0 -269.0 [scale] 4.0 3.8 4.0 [rotation] 0 0 -3
*[name] green_tree [pos] 12.2 0.0 -269.0 [scale] 3.8 3.1 3.8 [rotation] 0 45 -1
*[name] flag [pos] 36.6 0.0 -267.0 [scale] 1.0 1.0 1.0 [rotation] 0 0 0
*[name] flag [pos] 26.4 0.0 -267.0 [scale] 1.0 1.0 1.0 [rotation] 0 0 0
*[name] green_tree [pos] 47.8 0.0 -264.9 [scale] 4.9 5.6 4.9 [rotation] 0 13 -4
*[name] flag [pos] 35.6 0.0 -260.9 [scale] 1.0 1.0 1.0 [rotation] 0 0 0
*[name] flag [pos] 27.5 0.0 -260.9 [scale] 1.0 1.0 1.0 [rotation] 0 0 0
*[name] green_tree [pos] 4.1 0.0 -260.9 [scale] 3.8 3.6 3.8 [rotation] 0 74 2
*[name] flag [pos] 35.6 0.0 -256.9 [scale] 1.0 1.0 1.0 [rotation] 0 0 0
*[name] flag [pos] 27.5 0.0 -256.9 [scale] 1.0 1.0 1.0 [rotation] 0 0 0
*[name] green_tree [pos] 19.3 0.0 -254.9 [scale] 3.6 3.6 3.6 [rotation] 0 63 -1
*[name] green_tree [pos] 14.2 0.0 -254.9 [scale] 4.1 3.5 4.1 [rotation] 0 86 -3
*[name] green_tree [pos] 45.8 0.0 -252.9 [scale] 3.8 3.6 3.8 [rotation] 0 44 0
*[name] green_tree [pos] 40.7 0.0 -250.9 [scale] 3.7 3.1 3.7 [rotation] 0 89 3
*[name] green_tree [pos] 49.8 0.0 -246.9 [scale] 3.8 4.9 3.8 [rotation] 0 6 3
*[name] green_tree [pos] 40.7 0.0 -242.9 [scale] 3.0 3.3 3.0 [rotation] 0 18 5
*[name] green_tree [pos] 22.4 0.0 -242.9 [scale] 3.5 3.4 3.5 [rotation] 0 3 1
*[name] green_tree [pos] 44.7 0.0 -240.9 [scale] 4.3 5.3 4.3 [rotation] 0 29 4
*[name] green_tree [pos] 13.2 0.0 -234.8 [scale] 3.6 2.9 3.6 [rotation] 0 25 3
*[name] green_tree [pos] 48.8 0.0 -230.8 [scale] 3.3 3.1 3.3 [rotation] 0 2 1
*[name] flag [pos] 35.6 0.0 -230.8 [scale] 1.0 1.0 1.0 [rotation] 0 0 0
*[name] herring [pos] 31.5 0.0 -230.8 [scale] 1.0 1.0 1.0 [rotation] 0 0 0
*[name] flag [pos] 28.5 0.0 -230.8 [scale] 1.0 1.0 1.0 [rotation] 0 0 0
*[name] herring [pos] 31.5 0.0 -222.8 [scale] 1.0 1.0 1.0 [rotation] 0 0 0
*[name] flag [pos] 36.6 0.0 -220.8 [scale] 1.0 1.0 1.0 [rotation] 0 0 0
*[name] flag [pos] 27.5 0.0 -220.8 [scale] 1.0 1.0 1.0 [rotation] 0 0 0
*[name] green_tree [pos] 18.3 0.0 -220.8 [scale] 4.1 4.3 4.1 [rotation] 0 7 4
*[name] green_tree [pos] 9.2 0.0 -218.8 [scale] 4.2 3.5 4.2 [rotation] 0 66 5
*[name] green_tree [pos] 7.1 0.0 -218.8 [scale] 3.1 3.8 3.1 [rotation] 0 67 -4
*[name] green_tree [pos] 42.7 0.0 -216.8 [scale] 3.7 4.8 3.7 [rotation] 0 4 1
*[name] herring [pos] 30.5 0.0 -214.8 [scale] 1.0 1.0 1.0 [rotation] 0 0 0
*[name] flag [pos] 36.6 0.0 -212.8 [scale] 1.0 1.0 1.0 [rotation] 0 0 0
*[name] flag [pos] 26.4 0.0 -212.8 [scale] 1.0 1.0 1.0 [rotation] 0 0 0
*[name] green_tree [pos] 7.1 0.0 -210.8 [scale] 3.6 3.0 3.6 [rotation] 0 18 4
*[name] flag [pos] 37.6 0.0 -206.7 [scale] 1.0 1.0 1.0 [rotation] 0 0 0
*[name] flag [pos] 24.4 0.0 -206.7 [scale] 1.0 1.0 1.0 [rotation] 0 0 0
*[name] herring [pos] 30.5 0.0 -204.7 [scale] 1.0 1.0 1.0 [rotation] 0 0 0
*[name] green_tree [pos] 46.8 0.0 -200.7 [scale] 4.9 5.2 4.9 [rotation] 0 78 -3
*[name] flag [pos] 37.6 0.0 -200.7 [scale] 1.0 1.0 1.0 [rotation] 0 0 0
*[name] flag [pos] 24.4 0.0 -200.7 [scale] 1.0 1.0 1.0 [rotation] 0 0 0
*[name] flag [pos] 37.6 0.0 -194.7 [scale] 1.0 1.0 1.0 [rotation] 0 0 0
*[name] flag [pos] 24.4 0.0 -194.7 [scale] 1.0 1.0 1.0 [rotation] 0 0 0
*[name] green_tree [pos] 17.3 0.0 -192.7 [scale] 4.1 3.6 4.1 [rotation] 0 2 2
*[name] green_tree [pos] 9.2 0.0 -192.7 [scale] 3.7 3.1 3.7 [rotation] 0 25 4
*[name] green_tree [pos] 49.8 0.0 -190.7 [scale] 4.1 4.0 4.1 [rotation] 0 73 -4
*[name] flag [pos] 37.6 0.0 -188.7 [scale] 1.0 1.0 1.0 [rotation] 0 0 0
*[name] flag [pos] 24.4 0.0 -188.7 [scale] 1.0 1.0 1.0 [rotation] 0 0 0
*[name] green_tree [pos] 45.8 0.0 -182.7 [scale] 3.9 4.2 3.9 [rotation] 0 8 0
*[name] flag [pos] 37.6 0.0 -182.7 [scale] 1.0 1.0 1.0 [rotation] 0 0 0
*[name] flag [pos] 24.4 0.0 -182.7 [scale] 1.0 1.0 1.0 [rotation] 0 0 0
*[name] flag [pos] 37.6 0.0 -176.6 [scale] 1.0 1.0 1.0 [rotation] 0 0 0
*[name] flag [pos] 24.4 0.0 -176.6 [scale] 1.0 1.0 1.0 [rotation] 0 0 0
*[name] green_tree [pos] 46.8 0.0 -172.6 [scale] 3.7 4.5 3.7 [rotation] 0 53 2
*[name] green_tree [pos] 15.3 0.0 -172.6 [scale] 4.6 5.1 4.6 [rotation] 0 29 -4
*[name] flag [pos] 37.6 0.0 -170.6 [scale] 1.0 1.0 1.0 [rotation] 0 0 0
*[name] flag [pos] 24.4 0.0 -170.6 [scale] 1.0 1.0 1.0 [rotation] 0 0 0
*[name] green_tree [pos] 10.2 0.0 -168.6 [scale] 4.4 4.7 4.4 [rotation] 0 1 2
*[name] green_tree [pos] 7.1 0.0 -168.6 [scale] 3.1 3.8 3.1 [rotation] 0 78 1
*[name] green_tree [pos] 48.8 0.0 -166.6 [scale] 3.0 3.8 3.0 [rotation] 0 27 -1
*[name] flag [pos] 37.6 0.0 -164.6 [scale] 1.0 1.0 1.0 [rotation] 0 0 0
*[name] flag [pos] 24.4 0.0 -164.6 [scale] 1.0 1.0 1.0 [rotation] 0 0 0
*[name] flag [pos] 36.6 0.0 -160.6 [scale] 1.0 1.0 1.0 [rotation] 0 0 0
*[name] flag [pos] 24.4 0.0 -160.6 [scale] 1.0 1.0 1.0 [rotation] 0 0 0
*[name] flag [pos] 34.6 0.0 -156.6 [scale] 1.0 1.0 1.0 [rotation] 0 0 0
*[name] flag [pos] 23.4 0.0 -156.6 [scale] 1.0 1.0 1.0 [rotation] 0 0 0
*[name] green_tree [pos] 46.8 0.0 -152.5 [scale] 4.8 5.3 4.8 [rotation] 0 27 -0
*[name] flag [pos] 32.5 0.0 -152.5 [scale] 1.0 1.0 1.0 [rotation] 0 0 0
*[name] flag [pos] 23.4 0.0 -150.5 [scale] 1.0 1.0 1.0 [rotation] 0 0 0
*[name] tree_barren [pos] 9.2 0.0 -150.5 [scale] 5.9 5.9 5.9 [rotation] 0 11 0
*[name] green_tree [pos] 42.7 0.0 -148.5 [scale] 4.2 4.1 4.2 [rotation] 0 61 2
*[name] flag [pos] 31.5 0.0 -148.5 [scale] 1.0 1.0 1.0 [rotation] 0 0 0
*[name] green_tree [pos] 3.1 0.0 -148.5 [scale] 4.8 3.9 4.8 [rotation] 0 46 -0
*[name] green_tree [pos] 38.6 0.0 -144.5 [scale] 4.5 4.3 4.5 [rotation] 0 10 -4
*[name] tree_barren [pos] 16.3 0.0 -142.5 [scale] 4.7 4.7 4.7 [rotation] 0 74 0
*[name] tree_barren [pos] 34.6 0.0 -138.5 [scale] 5.2 5.2 5.2 [rotation] 0 35 0
*[name] tree_barren [pos] 21.4 0.0 -138.5 [scale] 5.0 5.0 5.0 [rotation] 0 56 0
*[name] green_tree [pos] 44.7 0.0 -136.5 [scale] 3.5 3.4 3.5 [rotation] 0 19 -2
*[name] green_tree [pos] 16.3 0.0 -136.5 [scale] 3.5 3.7 3.5 [rotation] 0 59 -4
*[name] tree_barren [pos] 7.1 0.0 -136.5 [scale] 4.2 4.2 4.2 [rotation] 0 86 0
*[name] flag [pos] 31.5 0.0 -132.5 [scale] 1.0 1.0 1.0 [rotation] 0 0 0
*[name] flag [pos] 25.4 0.0 -132.5 [scale] 1.0 1.0 1.0 [rotation] 0 0 0
*[name] green_tree [pos] 36.6 0.0 -130.5 [scale] 4.2 3.4 4.2 [rotation] 0 7 -3
*[name] tree_barren [pos] 19.3 0.0 -128.5 [scale] 4.8 4.8 4.8 [rotation] 0 68 0
*[name] flag [pos] 32.5 0.0 -126.5 [scale] 1.0 1.0 1.0 [rotation] 0 0 0
*[name] herring [pos] 28.5 0.0 -126.5 [scale] 1.0 1.0 1.0 [rotation] 0 0 0
*[name] flag [pos] 24.4 0.0 -126.5 [scale] 1.0 1.0 1.0 [rotation] 0 0 0
*[name] flag [pos] 32.5 0.0 -122.4 [scale] 1.0 1.0 1.0 [rotation] 0 0 0
*[name] flag [pos] 24.4 0.0 -122.4 [scale] 1.0 1.0 1.0 [rotation] 0 0 0
*[name] green_tree [pos] 3.1 0.0 -122.4 [scale] 4.7 4.5 4.7 [rotation] 0 70 -1
*[name] green_tree [pos] 38.6 0.0 -120.4 [scale] 4.5 4.8 4.5 [rotation] 0 60 4
*[name] flag [pos] 33.6 0.0 -118.4 [scale] 1.0 1.0 1.0 [rotation] 0 0 0
*[name] herring [pos] 28.5 0.0 -118.4 [scale] 1.0 1.0 1.0 [rotation] 0 0 0
*[name] flag [pos] 23.4 0.0 -118.4 [scale] 1.0 1.0 1.0 [rotation] 0 0 0
*[name] green_tree [pos] 43.7 0.0 -116.4 [scale] 4.2 3.5 4.2 [rotation] 0 62 -3
*[name] green_tree [pos] 14.2 0.0 -116.4 [scale] 3.8 3.4 3.8 [rotation] 0 74 2
*[name] flag [pos] 34.6 0.0 -114.4 [scale] 1.0 1.0 1.0 [rotation] 0 0 0
*[name] flag [pos] 23.4 0.0 -114.4 [scale] 1.0 1.0 1.0 [rotation] 0 0 0
*[name] tree_barren [pos] 6.1 0.0 -114.4 [scale] 5.0 5.0 5.0 [rotation] 0 3 0
*[name] green_tree [pos] 50.8 0.0 -112.4 [scale] 4.9 5.7 4.9 [rotation] 0 50 1
*[name] tree_barren [pos] 6.1 0.0 -112.4 [scale] 5.8 5.8 5.8 [rotation] 0 58 0
*[name] flag [pos] 34.6 0.0 -110.4 [scale] 1.0 1.0 1.0 [rotation] 0 0 0
*[name] herring [pos] 28.5 0.0 -110.4 [scale] 1.0 1.0 1.0 [rotation] 0 0 0
*[name] flag [pos] 23.4 0.0 -110.4 [scale] 1.0 1.0 1.0 [rotation] 0 0 0
*[name] tree_barren [pos] 13.2 0.0 -108.4 [scale] 5.1 5.1 5.1 [rotation] 0 44 0
*[name] green_tree [pos] 39.7 0.0 -106.4 [scale] 4.4 4.9 4.4 [rotation] 0 61 -4
*[name] flag [pos] 34.6 0.0 -106.4 [scale] 1.0 1.0 1.0 [rotation] 0 0 0
*[name] flag [pos] 23.4 0.0 -106.4 [scale] 1.0 1.0 1.0 [rotation] 0 0 0
*[name] flag [pos] 34.6 0.0 -102.4 [scale] 1.0 1.0 1.0 [rotation] 0 0 0
*[name] herring [pos] 28.5 0.0 -102.4 [scale] 1.0 1.0 1.0 [rotation] 0 0 0
*[name] flag [pos] 23.4 0.0 -102.4 [scale] 1.0 1.0 1.0 [rotation] 0 0 0
*[name] green_tree [pos] 9.2 0.0 -100.4 [scale] 3.8 4.1 3.8 [rotation] 0 33 -3
*[name] flag [pos] 34.6 0.0 -98.4 [scale] 1.0 1.0 1.0 [rotation] 0 0 0
*[name] flag [pos] 23.4 0.0 -98.4 [scale] 1.0 1.0 1.0 [rotation] 0 0 0
*[name] green_tree [pos] 19.3 0.0 -98.4 [scale] 4.8 4.2 4.8 [rotation] 0 64 1
*[name] green_tree [pos] 46.8 0.0 -94.3 [scale] 5.0 4.8 5.0 [rotation] 0 56 2
*[name] flag [pos] 34.6 0.0 -94.3 [scale] 1.0 1.0 1.0 [rotation] 0 0 0
*[name] flag [pos] 23.4 0.0 -94.3 [scale] 1.0 1.0 1.0 [rotation] 0 0 0
*[name] flag [pos] 34.6 0.0 -90.3 [scale] 1.0 1.0 1.0 [rotation] 0 0 0
*[name] flag [pos] 23.4 0.0 -90.3 [scale] 1.0 1.0 1.0 [rotation] 0 0 0
*[name] green_tree [pos] 40.7 0.0 -88.3 [scale] 4.0 3.3 4.0 [rotation] 0 76 -2
*[name] green_tree [pos] 15.3 0.0 -88.3 [scale] 4.5 4.3 4.5 [rotation] 0 34 2
*[name] tree_barren [pos] 11.2 0.0 -88.3 [scale] 4.2 4.2 4.2 [rotation] 0 84 0
*[name] green_tree [pos] 50.8 0.0 -86.3 [scale] 3.6 4.6 3.6 [rotation] 0 52 3
*[name] flag [pos] 34.6 0.0 -86.3 [scale] 1.0 1.0 1.0 [rotation] 0 0 0
*[name] flag [pos] 23.4 0.0 -86.3 [scale] 1.0 1.0 1.0 [rotation] 0 0 0
*[name] green_tree [pos] 4.1 0.0 -84.3 [scale] 3.9 3.6 3.9 [rotation] 0 44 -4
*[name] flag [pos] 34.6 0.0 -82.3 [scale] 1.0 1.0 1.0 [rotation] 0 0 0
*[name] flag [pos] 23.4 0.0 -82.3 [scale] 1.0 1.0 1.0 [rotation] 0 0 0
*[name] tree_barren [pos] 49.8 0.0 -78.3 [scale] 4.7 4.7 4.7 [rotation] 0 79 0
*[name] flag [pos] 34.6 0.0 -78.3 [scale] 1.0 1.0 1.0 [rotation] 0 0 0
*[name] flag [pos] 23.4 0.0 -78.3 [scale] 1.0 1.0 1.0 [rotation] 0 0 0
*[name] flag [pos] 25.4 0.0 -76.3 [scale] 1.0 1.0 1.0 [rotation] 0 0 0
*[name] flag [pos] 34.6 0.0 -74.3 [scale] 1.0 1.0 1.0 [rotation] 0 0 0
*[name] herring [pos] 30.5 0.0 -74.3 [scale] 1.0 1.0 1.0 [rotation] 0 0 0
*[name] green_tree [pos] 11.2 0.0 -74.3 [scale] 4.3 5.0 4.3 [rotation] 0 5 1
*[name] green_tree [pos] 41.7 0.0 -72.3 [scale] 4.6 5.5 4.6 [rotation] 0 15 3
*[name] flag [pos] 27.5 0.0 -72.3 [scale] 1.0 1.0 1.0 [rotation] 0 0 0
*[name] green_tree [pos] 47.8 0.0 -68.2 [scale] 3.2 3.8 3.2 [rotation] 0 44 1
*[name] flag [pos] 33.6 0.0 -68.2 [scale] 1.0 1.0 1.0 [rotation] 0 0 0
*[name] flag [pos] 28.5 0.0 -68.2 [scale] 1.0 1.0 1.0 [rotation] 0 0 0
*[name] tree_barren [pos] 41.7 0.0 -62.2 [scale] 5.7 5.7 5.7 [rotation] 0 29 0
*[name] flag [pos] 33.6 0.0 -62.2 [scale] 1.0 1.0 1.0 [rotation] 0 0 0
*[name] flag [pos] 28.5 0.0 -62.2 [scale] 1.0 1.0 1.0 [rotation] 0 0 0
*[name] green_tree [pos] 22.4 0.0 -62.2 [scale] 4.9 5.3 4.9 [rotation] 0 61 -2
*[name] green_tree [pos] 15.3 0.0 -62.2 [scale] 3.5 4.1 3.5 [rotation] 0 21 0
*[name] green_tree [pos] 6.1 0.0 -62.2 [scale] 4.4 5.4 4.4 [rotation] 0 33 -3
*[name] tree_barren [pos] 47.8 0.0 -60.2 [scale] 4.1 4.1 4.1 [rotation] 0 77 0
*[name] tree_barren [pos] 12.2 0.0 -60.2 [scale] 4.6 4.6 4.6 [rotation] 0 35 0
*[name] green_tree [pos] 44.7 0.0 -54.2 [scale] 4.5 5.7 4.5 [rotation] 0 8 3
*[name] tree_barren [pos] 38.6 0.0 -52.2 [scale] 5.1 5.1 5.1 [rotation] 0 82 0
*[name] herring [pos] 30.5 0.0 -52.2 [scale] 1.0 1.0 1.0 [rotation] 0 0 0
*[name] green_tree [pos] 23.4 0.0 -52.2 [scale] 4.1 4.8 4.1 [rotation] 0 65 1
*[name] tree_barren [pos] 15.3 0.0 -50.2 [scale] 5.1 5.1 5.1 [rotation] 0 19 0
*[name] flag [pos] 33.6 0.0 -48.2 [scale] 1.0 1.0 1.0 [rotation] 0 0 0
*[name] flag [pos] 28.5 0.0 -48.2 [scale] 1.0 1.0 1.0 [rotation] 0 0 0
*[name] green_tree [pos] 48.8 0.0 -46.2 [scale] 3.4 3.4 3.4 [rotation] 0 49 -4
*[name] tree_barren [pos] 46.8 0.0 -42.2 [scale] 5.9 5.9 5.9 [rotation] 0 20 0
*[name] green_tree [pos] 40.7 0.0 -42.2 [scale] 3.9 3.4 3.9 [rotation] 0 88 2
*[name] green_tree [pos] 20.3 0.0 -42.2 [scale] 4.4 5.0 4.4 [rotation] 0 44 -4
*[name] green_tree [pos] 8.1 0.0 -42.2 [scale] 4.7 5.1 4.7 [rotation] 0 82 -3
*[name] flag [pos] 33.6 0.0 -40.1 [scale] 1.0 1.0 1.0 [rotation] 0 0 0
*[name] flag [pos] 28.5 0.0 -40.1 [scale] 1.0 1.0 1.0 [rotation] 0 0 0
*[name] green_tree [pos] 13.2 0.0 -36.1 [scale] 4.9 5.5 4.9 [rotation] 0 14 -5
*[name] green_tree [pos] 22.4 0.0 -34.1 [scale] 3.8 4.5 3.8 [rotation] 0 86 5
*[name] tree_barren [pos] 36.6 0.0 -32.1 [scale] 4.9 4.9 4.9 [rotation] 0 61 0
*[name] herring [pos] 30.5 0.0 -32.1 [scale] 1.0 1.0 1.0 [rotation] 0 0 0
*[name] green_tree [pos] 51.9 0.0 -30.1 [scale] 4.2 5.4 4.2 [rotation] 0 81 3
*[name] green_tree [pos] 38.6 0.0 -30.1 [scale] 3.7 3.8 3.7 [rotation] 0 83 -2
*[name] green_tree [pos] 20.3 0.0 -30.1 [scale] 4.3 4.2 4.3 [rotation] 0 40 1
*[name] tree_barren [pos] 48.8 0.0 -26.1 [scale] 4.1 4.1 4.1 [rotation] 0 12 0
*[name] green_tree [pos] 43.7 0.0 -26.1 [scale] 3.7 3.9 3.7 [rotation] 0 18 -3
*[name] flag [pos] 33.6 0.0 -26.1 [scale] 1.0 1.0 1.0 [rotation] 0 0 0
*[name] flag [pos] 27.5 0.0 -26.1 [scale] 1.0 1.0 1.0 [rotation] 0 0 0
*[name] green_tree [pos] 39.7 0.0 -24.1 [scale] 3.2 2.7 3.2 [rotation] 0 34 -5
*[name] green_tree [pos] 22.4 0.0 -22.1 [scale] 4.5 4.8 4.5 [rotation] 0 6 -3
*[name] tree_barren [pos] 10.2 0.0 -22.1 [scale] 4.5 4.5 4.5 [rotation] 0 2 0
*[name] flag [pos] 35.6 0.0 -18.1 [scale] 1.0 1.0 1.0 [rotation] 0 0 0
*[name] flag [pos] 26.4 0.0 -18.1 [scale] 1.0 1.0 1.0 [rotation] 0 0 0
*[name] green_tree [pos] 7.1 0.0 -18.1 [scale] 3.3 3.8 3.3 [rotation] 0 63 2
*[name] tree_barren [pos] 43.7 0.0 -16.1 [scale] 5.4 5.4 5.4 [rotation] 0 54 0
*[name] green_tree [pos] 16.3 0.0 -16.1 [scale] 4.0 3.3 4.0 [rotation] 0 3 -1
*[name] tree_barren [pos] 49.8 0.0 -12.0 [scale] 4.6 4.6 4.6 [rotation] 0 62 0
*[name] green_tree [pos] 47.8 0.0 -10.0 [scale] 4.6 5.4 4.6 [rotation] 0 29 4
*[name] green_tree [pos] 41.7 0.0 -10.0 [scale] 4.7 5.3 4.7 [rotation] 0 36 -4
*[name] green_tree [pos] 18.3 0.0 -10.0 [scale] 4.7 4.9 4.7 [rotation] 0 17 -3
*[name] flag [pos] 35.6 0.0 -6.0 [scale] 1.0 1.0 1.0 [rotation] 0 0 0
*[name] flag [pos] 26.4 0.0 -6.0 [scale] 1.0 1.0 1.0 [rotation] 0 0 0
*[name] green_tree [pos] 10.2 0.0 -6.0 [scale] 4.0 5.1 4.0 [rotation] 0 68 1

*[name] start [pos] 30 0.0 -4.0 [scale] 5 4 4 [rotation] 0 0 0
*[name] finish [pos] 30 0.0 -520.0 [scale] 5 4 4 [rotation] 0 0 0
