*[name] green_tree [pos] 49.6 0.0 -480.0 [scale] 4.7 5.4 4.7 [rotation] 0 74 -0
*[name] flag [pos] 46.5 0.0 -480.0 [scale] 1.0 1.0 1.0 [rotation] 0 0 0
*[name] green_tree [pos] 45.5 0.0 -480.0 [scale] 4.1 4.5 4.1 [rotation] 0 1 -2
*[name] green_tree [pos] 41.5 0.0 -480.0 [scale] 3.8 4.0 3.8 [rotation] 0 56 3
*[name] flag [pos] 39.4 0.0 -480.0 [scale] 1.0 1.0 1.0 [rotation] 0 0 0
*[name] green_tree [pos] 86.0 0.0 -478.0 [scale] 3.5 3.7 3.5 [rotation] 0 42 3
*[name] green_tree [pos] 52.6 0.0 -478.0 [scale] 4.8 3.9 4.8 [rotation] 0 33 -2
*[name] green_tree [pos] 51.6 0.0 -478.0 [scale] 4.8 5.7 4.8 [rotation] 0 41 -2
*[name] flag [pos] 43.5 0.0 -478.0 [scale] 1.0 1.0 1.0 [rotation] 0 0 0
*[name] flag [pos] 41.5 0.0 -478.0 [scale] 1.0 1.0 1.0 [rotation] 0 0 0
*[name] green_tree [pos] 56.6 0.0 -476.0 [scale] 3.1 4.0 3.1 [rotation] 0 29 1
*[name] green_tree [pos] 53.6 0.0 -476.0 [scale] 4.8 5.5 4.8 [rotation] 0 55 3
*[name] green_tree [pos] 51.6 0.0 -476.0 [scale] 3.8 3.8 3.8 [rotation] 0 20 4
*[name] flag [pos] 50.6 0.0 -476.0 [scale] 1.0 1.0 1.0 [rotation] 0 0 0
*[name] flag [pos] 48.5 0.0 -476.0 [scale] 1.0 1.0 1.0 [rotation] 0 0 0
*[name] green_tree [pos] 37.4 0.0 -476.0 [scale] 3.0 2.8 3.0 [rotation] 0 22 -1
*[name] shrub [pos] 34.4 0.0 -476.0 [scale] 1.6 1.6 1.6 [rotation] 0 78 0
*[name] green_tree [pos] 6.1 0.0 -476.0 [scale] 3.4 4.4 3.4 [rotation] 0 37 2
*[name] shrub [pos] 64.7 0.0 -474.0 [scale] 1.6 1.6 1.6 [rotation] 0 27 0
*[name] green_tree [pos] 54.6 0.0 -474.0 [scale] 4.5 3.8 4.5 [rotation] 0 55 1
*[name] flag [pos] 53.6 0.0 -474.0 [scale] 1.0 1.0 1.0 [rotation] 0 0 0
*[name] flag [pos] 50.6 0.0 -474.0 [scale] 1.0 1.0 1.0 [rotation] 0 0 0
*[name] flag [pos] 40.4 0.0 -474.0 [scale] 1.0 1.0 1.0 [rotation] 0 0 0
*[name] flag [pos] 39.4 0.0 -474.0 [scale] 1.0 1.0 1.0 [rotation] 0 0 0
*[name] green_tree [pos] 75.8 0.0 -472.0 [scale] 4.7 4.0 4.7 [rotation] 0 81 4
*[name] green_tree [pos] 57.6 0.0 -472.0 [scale] 3.1 2.8 3.1 [rotation] 0 45 4
*[name] green_tree [pos] 56.6 0.0 -472.0 [scale] 4.8 4.1 4.8 [rotation] 0 63 -2
*[name] flag [pos] 53.6 0.0 -472.0 [scale] 1.0 1.0 1.0 [rotation] 0 0 0
*[name] flag [pos] 51.6 0.0 -472.0 [scale] 1.0 1.0 1.0 [rotation] 0 0 0
*[name] green_tree [pos] 40.4 0.0 -472.0 [scale] 4.1 5.2 4.1 [rotation] 0 21 1
*[name] flag [pos] 39.4 0.0 -472.0 [scale] 1.0 1.0 1.0 [rotation] 0 0 0
*[name] green_tree [pos] 56.6 0.0 -470.0 [scale] 3.3 3.4 3.3 [rotation] 0 86 4
*[name] flag [pos] 55.6 0.0 -470.0 [scale] 1.0 1.0 1.0 [rotation] 0 0 0
*[name] green_tree [pos] 51.6 0.0 -470.0 [scale] 3.7 3.3 3.7 [rotation] 0 75 3
*[name] flag [pos] 41.5 0.0 -470.0 [scale] 1.0 1.0 1.0 [rotation] 0 0 0
*[name] green_tree [pos] 40.4 0.0 -470.0 [scale] 4.7 5.1 4.7 [rotation] 0 6 1
*[name] green_tree [pos] 38.4 0.0 -470.0 [scale] 4.4 5.0 4.4 [rotation] 0 20 1
*[name] flag [pos] 35.4 0.0 -470.0 [scale] 1.0 1.0 1.0 [rotation] 0 0 0
*[name] green_tree [pos] 30.3 0.0 -470.0 [scale] 4.5 3.9 4.5 [rotation] 0 44 3
*[name] green_tree [pos] 65.7 0.0 -467.9 [scale] 3.7 4.8 3.7 [rotation] 0 64 -2
*[name] green_tree [pos] 57.6 0.0 -467.9 [scale] 3.2 3.2 3.2 [rotation] 0 49 1
*[name] green_tree [pos] 55.6 0.0 -467.9 [scale] 3.6 4.3 3.6 [rotation] 0 18 -0
*[name] green_tree [pos] 53.6 0.0 -467.9 [scale] 3.5 3.1 3.5 [rotation] 0 32 1
*[name] green_tree [pos] 52.6 0.0 -467.9 [scale] 3.7 3.3 3.7 [rotation] 0 32 -3
*[name] flag [pos] 50.6 0.0 -467.9 [scale] 1.0 1.0 1.0 [rotation] 0 0 0
*[name] green_tree [pos] 40.4 0.0 -467.9 [scale] 4.5 4.6 4.5 [rotation] 0 71 -1
*[name] flag [pos] 39.4 0.0 -467.9 [scale] 1.0 1.0 1.0 [rotation] 0 0 0
*[name] flag [pos] 38.4 0.0 -467.9 [scale] 1.0 1.0 1.0 [rotation] 0 0 0
*[name] flag [pos] 34.4 0.0 -467.9 [scale] 1.0 1.0 1.0 [rotation] 0 0 0
*[name] shrub [pos] 70.8 0.0 -465.9 [scale] 0.6 0.6 0.6 [rotation] 0 1 0
*[name] green_tree [pos] 62.7 0.0 -465.9 [scale] 3.0 3.7 3.0 [rotation] 0 12 -0
*[name] green_tree [pos] 59.7 0.0 -465.9 [scale] 4.2 4.4 4.2 [rotation] 0 43 -2
*[name] green_tree [pos] 58.7 0.0 -465.9 [scale] 4.5 4.9 4.5 [rotation] 0 65 -2
*[name] green_tree [pos] 57.6 0.0 -465.9 [scale] 3.5 2.8 3.5 [rotation] 0 5 -1
*[name] flag [pos] 51.6 0.0 -465.9 [scale] 1.0 1.0 1.0 [rotation] 0 0 0
*[name] green_tree [pos] 39.4 0.0 -465.9 [scale] 4.1 3.9 4.1 [rotation] 0 53 4
*[name] green_tree [pos] 38.4 0.0 -465.9 [scale] 4.8 6.1 4.8 [rotation] 0 5 -2
*[name] green_tree [pos] 36.4 0.0 -465.9 [scale] 3.3 3.9 3.3 [rotation] 0 61 4
*[name] green_tree [pos] 35.4 0.0 -465.9 [scale] 3.5 4.2 3.5 [rotation] 0 84 -2
*[name] green_tree [pos] 60.7 0.0 -463.9 [scale] 4.2 3.5 4.2 [rotation] 0 67 -3
*[name] green_tree [pos] 53.6 0.0 -463.9 [scale] 4.1 3.8 4.1 [rotation] 0 47 -2
*[name] green_tree [pos] 37.4 0.0 -463.9 [scale] 4.6 4.3 4.6 [rotation] 0 51 -5
*[name] green_tree [pos] 35.4 0.0 -463.9 [scale] 3.6 4.0 3.6 [rotation] 0 43 3
*[name] green_tree [pos] 34.4 0.0 -463.9 [scale] 4.8 4.0 4.8 [rotation] 0 62 3
*[name] green_tree [pos] 29.3 0.0 -463.9 [scale] 3.0 3.5 3.0 [rotation] 0 8 -4
*[name] green_tree [pos] 28.3 0.0 -463.9 [scale] 4.1 4.9 4.1 [rotation] 0 4 3
*[name] green_tree [pos] 18.2 0.0 -463.9 [scale] 4.1 5.3 4.1 [rotation] 0 7 -4
*[name] green_tree [pos] 68.8 0.0 -461.9 [scale] 3.1 3.7 3.1 [rotation] 0 32 1
*[name] green_tree [pos] 62.7 0.0 -461.9 [scale] 3.1 3.9 3.1 [rotation] 0 79 4
*[name] flag [pos] 54.6 0.0 -461.9 [scale] 1.0 1.0 1.0 [rotation] 0 0 0
*[name] flag [pos] 35.4 0.0 -461.9 [scale] 1.0 1.0 1.0 [rotation] 0 0 0
*[name] green_tree [pos] 33.4 0.0 -461.9 [scale] 3.3 3.3 3.3 [rotation] 0 83 -1
*[name] green_tree [pos] 31.3 0.0 -461.9 [scale] 3.1 3.1 3.1 [rotation] 0 22 5
*[name] green_tree [pos] 13.1 0.0 -461.9 [scale] 3.9 5.0 3.9 [rotation] 0 73 -0
*[name] green_tree [pos] 78.9 0.0 -459.9 [scale] 4.4 5.4 4.4 [rotation] 0 54 -2
*[name] green_tree [pos] 64.7 0.0 -459.9 [scale] 4.3 4.8 4.3 [rotation] 0 7 -3
*[name] green_tree [pos] 32.4 0.0 -459.9 [scale] 4.2 3.7 4.2 [rotation] 0 31 2
*[name] green_tree [pos] 30.3 0.0 -459.9 [scale] 5.0 5.7 5.0 [rotation] 0 23 -5
*[name] green_tree [pos] 29.3 0.0 -459.9 [scale] 4.2 3.6 4.2 [rotation] 0 83 2
*[name] green_tree [pos] 28.3 0.0 -459.9 [scale] 4.1 5.1 4.1 [rotation] 0 12 1
*[name] green_tree [pos] 26.3 0.0 -459.9 [scale] 3.5 3.4 3.5 [rotation] 0 55 2
*[name] green_tree [pos] 25.3 0.0 -459.9 [scale] 3.6 3.7 3.6 [rotation] 0 16 -5
*[name] green_tree [pos] 23.3 0.0 -459.9 [scale] 3.6 4.3 3.6 [rotation] 0 23 5
*[name] green_tree [pos] 13.1 0.0 -459.9 [scale] 3.8 3.7 3.8 [rotation] 0 15 -5
*[name] green_tree [pos] 12.1 0.0 -459.9 [scale] 4.0 4.2 4.0 [rotation] 0 63 -0
*[name] green_tree [pos] 66.7 0.0 -457.9 [scale] 3.4 4.4 3.4 [rotation] 0 46 3
*[name] flag [pos] 34.4 0.0 -457.9 [scale] 1.0 1.0 1.0 [rotation] 0 0 0
*[name] green_tree [pos] 28.3 0.0 -457.9 [scale] 3.2 3.2 3.2 [rotation] 0 45 2
*[name] green_tree [pos] 26.3 0.0 -457.9 [scale] 3.6 4.0 3.6 [rotation] 0 27 0
*[name] green_tree [pos] 67.8 0.0 -455.9 [scale] 3.0 3.8 3.0 [rotation] 0 20 -2
*[name] green_tree [pos] 66.7 0.0 -455.9 [scale] 3.7 3.7 3.7 [rotation] 0 30 1
*[name] green_tree [pos] 27.3 0.0 -455.9 [scale] 3.3 3.7 3.3 [rotation] 0 55 1
*[name] green_tree [pos] 25.3 0.0 -455.9 [scale] 4.8 5.7 4.8 [rotation] 0 56 -1
*[name] shrub [pos] 23.3 0.0 -455.9 [scale] 0.9 0.9 0.9 [rotation] 0 29 0
*[name] green_tree [pos] 20.2 0.0 -455.9 [scale] 4.7 5.0 4.7 [rotation] 0 25 -1
*[name] green_tree [pos] 7.1 0.0 -455.9 [scale] 3.6 3.5 3.6 [rotation] 0 74 3
*[name] green_tree [pos] 69.8 0.0 -453.9 [scale] 3.1 2.6 3.1 [rotation] 0 38 -2
*[name] flag [pos] 53.6 0.0 -453.9 [scale] 1.0 1.0 1.0 [rotation] 0 0 0
*[name] green_tree [pos] 36.4 0.0 -453.9 [scale] 4.3 4.3 4.3 [rotation] 0 21 4
*[name] green_tree [pos] 24.3 0.0 -453.9 [scale] 4.5 4.9 4.5 [rotation] 0 23 -4
*[name] green_tree [pos] 23.3 0.0 -453.9 [scale] 3.4 3.4 3.4 [rotation] 0 62 3
*[name] green_tree [pos] 20.2 0.0 -453.9 [scale] 3.0 3.3 3.0 [rotation] 0 52 1
*[name] green_tree [pos] 18.2 0.0 -453.9 [scale] 3.0 3.7 3.0 [rotation] 0 86 4
*[name] green_tree [pos] 70.8 0.0 -451.9 [scale] 3.7 3.4 3.7 [rotation] 0 25 1
*[name] green_tree [pos] 69.8 0.0 -451.9 [scale] 4.2 3.6 4.2 [rotation] 0 37 1
*[name] green_tree [pos] 68.8 0.0 -451.9 [scale] 3.4 4.2 3.4 [rotation] 0 86 3
*[name] green_tree [pos] 52.6 0.0 -451.9 [scale] 3.5 3.1 3.5 [rotation] 0 62 -5
*[name] flag [pos] 36.4 0.0 -451.9 [scale] 1.0 1.0 1.0 [rotation] 0 0 0
*[name] green_tree [pos] 23.3 0.0 -451.9 [scale] 4.5 5.7 4.5 [rotation] 0 12 4
*[name] green_tree [pos] 20.2 0.0 -451.9 [scale] 3.7 4.5 3.7 [rotation] 0 68 -1
*[name] green_tree [pos] 73.8 0.0 -449.9 [scale] 3.9 3.8 3.9 [rotation] 0 89 -0
*[name] green_tree [pos] 37.4 0.0 -449.9 [scale] 3.4 4.3 3.4 [rotation] 0 31 1
*[name] green_tree [pos] 22.2 0.0 -449.9 [scale] 3.3 3.7 3.3 [rotation] 0 17 3
*[name] green_tree [pos] 86.0 0.0 -447.9 [scale] 4.4 4.9 4.4 [rotation] 0 36 4
*[name] green_tree [pos] 70.8 0.0 -447.9 [scale] 3.8 3.7 3.8 [rotation] 0 70 2
*[name] shrub [pos] 68.8 0.0 -447.9 [scale] 1.3 1.3 1.3 [rotation] 0 42 0
*[name] green_tree [pos] 51.6 0.0 -447.9 [scale] 4.4 4.2 4.4 [rotation] 0 36 3
*[name] green_tree [pos] 20.2 0.0 -447.9 [scale] 3.5 4.1 3.5 [rotation] 0 60 5
*[name] green_tree [pos] 70.8 0.0 -445.9 [scale] 3.3 2.8 3.3 [rotation] 0 30 -4
*[name] flag [pos] 52.6 0.0 -445.9 [scale] 1.0 1.0 1.0 [rotation] 0 0 0
*[name] flag [pos] 38.4 0.0 -445.9 [scale] 1.0 1.0 1.0 [rotation] 0 0 0
*[name] green_tree [pos] 21.2 0.0 -445.9 [scale] 4.1 4.4 4.1 [rotation] 0 6 4
*[name] green_tree [pos] 72.8 0.0 -443.8 [scale] 3.2 2.9 3.2 [rotation] 0 47 -2
*[name] green_tree [pos] 71.8 0.0 -443.8 [scale] 3.0 2.8 3.0 [rotation] 0 78 -1
*[name] green_tree [pos] 51.6 0.0 -443.8 [scale] 3.4 3.2 3.4 [rotation] 0 68 5
*[name] herring [pos] 45.5 0.0 -443.8 [scale] 1.0 1.0 1.0 [rotation] 0 0 0
*[name] green_tree [pos] 19.2 0.0 -443.8 [scale] 4.9 4.7 4.9 [rotation] 0 38 2
*[name] green_tree [pos] 18.2 0.0 -443.8 [scale] 4.1 5.0 4.1 [rotation] 0 47 3
*[name] flag [pos] 73.8 0.0 -441.8 [scale] 1.0 1.0 1.0 [rotation] 0 0 0
*[name] green_tree [pos] 71.8 0.0 -441.8 [scale] 4.2 3.7 4.2 [rotation] 0 71 2
*[name] green_tree [pos] 10.1 0.0 -441.8 [scale] 3.6 3.1 3.6 [rotation] 0 75 4
*[name] green_tree [pos] 82.9 0.0 -439.8 [scale] 4.3 5.4 4.3 [rotation] 0 70 2
*[name] green_tree [pos] 19.2 0.0 -439.8 [scale] 3.3 3.1 3.3 [rotation] 0 1 -3
*[name] green_tree [pos] 17.2 0.0 -439.8 [scale] 4.1 5.1 4.1 [rotation] 0 51 2
*[name] green_tree [pos] 82.9 0.0 -437.8 [scale] 3.3 3.2 3.3 [rotation] 0 63 -4
*[name] green_tree [pos] 73.8 0.0 -437.8 [scale] 4.2 3.6 4.2 [rotation] 0 72 -3
*[name] green_tree [pos] 72.8 0.0 -437.8 [scale] 4.9 4.7 4.9 [rotation] 0 88 0
*[name] green_tree [pos] 50.6 0.0 -437.8 [scale] 4.0 4.8 4.0 [rotation] 0 21 3
*[name] herring [pos] 45.5 0.0 -437.8 [scale] 1.0 1.0 1.0 [rotation] 0 0 0
*[name] flag [pos] 39.4 0.0 -437.8 [scale] 1.0 1.0 1.0 [rotation] 0 0 0
*[name] green_tree [pos] 38.4 0.0 -437.8 [scale] 4.8 4.0 4.8 [rotation] 0 63 0
*[name] green_tree [pos] 17.2 0.0 -437.8 [scale] 4.9 5.1 4.9 [rotation] 0 24 -4
*[name] flag [pos] 51.6 0.0 -435.8 [scale] 1.0 1.0 1.0 [rotation] 0 0 0
*[name] flag [pos] 39.4 0.0 -435.8 [scale] 1.0 1.0 1.0 [rotation] 0 0 0
*[name] green_tree [pos] 18.2 0.0 -435.8 [scale] 4.6 4.3 4.6 [rotation] 0 24 -2
*[name] green_tree [pos] 73.8 0.0 -433.8 [scale] 3.3 4.0 3.3 [rotation] 0 8 -2
*[name] green_tree [pos] 38.4 0.0 -433.8 [scale] 3.3 3.9 3.3 [rotation] 0 40 3
*[name] green_tree [pos] 77.9 0.0 -431.8 [scale] 4.8 4.4 4.8 [rotation] 0 85 3
*[name] green_tree [pos] 50.6 0.0 -431.8 [scale] 4.1 5.2 4.1 [rotation] 0 31 -4
*[name] herring [pos] 45.5 0.0 -431.8 [scale] 1.0 1.0 1.0 [rotation] 0 0 0
*[name] flag [pos] 18.2 0.0 -431.8 [scale] 1.0 1.0 1.0 [rotation] 0 0 0
*[name] green_tree [pos] 74.8 0.0 -429.8 [scale] 4.4 4.8 4.4 [rotation] 0 84 1
*[name] green_tree [pos] 51.6 0.0 -429.8 [scale] 4.3 4.8 4.3 [rotation] 0 10 1
*[name] green_tree [pos] 38.4 0.0 -429.8 [scale] 3.2 3.2 3.2 [rotation] 0 66 4
*[name] green_tree [pos] 18.2 0.0 -429.8 [scale] 4.3 3.5 4.3 [rotation] 0 22 3
*[name] green_tree [pos] 17.2 0.0 -429.8 [scale] 4.7 4.5 4.7 [rotation] 0 11 5
*[name] green_tree [pos] 86.0 0.0 -427.8 [scale] 3.2 3.5 3.2 [rotation] 0 67 -5
*[name] green_tree [pos] 73.8 0.0 -427.8 [scale] 4.6 5.3 4.6 [rotation] 0 76 -1
*[name] flag [pos] 52.6 0.0 -427.8 [scale] 1.0 1.0 1.0 [rotation] 0 0 0
*[name] flag [pos] 39.4 0.0 -427.8 [scale] 1.0 1.0 1.0 [rotation] 0 0 0
*[name] green_tree [pos] 17.2 0.0 -427.8 [scale] 4.2 3.8 4.2 [rotation] 0 43 -2
*[name] green_tree [pos] 53.6 0.0 -423.8 [scale] 4.5 4.5 4.5 [rotation] 0 79 -1
*[name] green_tree [pos] 39.4 0.0 -423.8 [scale] 3.1 4.0 3.1 [rotation] 0 4 -4
*[name] flag [pos] 37.4 0.0 -423.8 [scale] 1.0 1.0 1.0 [rotation] 0 0 0
*[name] flag [pos] 54.6 0.0 -421.8 [scale] 1.0 1.0 1.0 [rotation] 0 0 0
*[name] green_tree [pos] 38.4 0.0 -419.7 [scale] 3.7 4.4 3.7 [rotation] 0 5 -5
*[name] green_tree [pos] 73.8 0.0 -417.7 [scale] 4.6 4.3 4.6 [rotation] 0 75 1
*[name] green_tree [pos] 53.6 0.0 -417.7 [scale] 4.3 5.4 4.3 [rotation] 0 53 2
*[name] flag [pos] 37.4 0.0 -417.7 [scale] 1.0 1.0 1.0 [rotation] 0 0 0
*[name] green_tree [pos] 3.0 0.0 -417.7 [scale] 4.0 3.9 4.0 [rotation] 0 68 -2
*[name] green_tree [pos] 2.0 0.0 -417.7 [scale] 3.0 3.3 3.0 [rotation] 0 62 1
*[name] flag [pos] 73.8 0.0 -415.7 [scale] 1.0 1.0 1.0 [rotation] 0 0 0
*[name] green_tree [pos] 38.4 0.0 -415.7 [scale] 4.6 4.0 4.6 [rotation] 0 82 1
*[name] green_tree [pos] 17.2 0.0 -415.7 [scale] 4.1 4.9 4.1 [rotation] 0 88 1
*[name] green_tree [pos] 2.0 0.0 -415.7 [scale] 4.6 3.7 4.6 [rotation] 0 67 -3
*[name] flag [pos] 54.6 0.0 -413.7 [scale] 1.0 1.0 1.0 [rotation] 0 0 0
*[name] green_tree [pos] 17.2 0.0 -413.7 [scale] 4.6 5.5 4.6 [rotation] 0 16 1
*[name] green_tree [pos] 75.8 0.0 -411.7 [scale] 3.2 2.6 3.2 [rotation] 0 16 2
*[name] green_tree [pos] 54.6 0.0 -411.7 [scale] 4.9 5.8 4.9 [rotation] 0 43 -0
*[name] green_tree [pos] 8.1 0.0 -411.7 [scale] 3.2 2.9 3.2 [rotation] 0 70 -4
*[name] green_tree [pos] 83.9 0.0 -409.7 [scale] 4.7 4.8 4.7 [rotation] 0 64 1
*[name] flag [pos] 38.4 0.0 -409.7 [scale] 1.0 1.0 1.0 [rotation] 0 0 0
*[name] shrub [pos] 12.1 0.0 -409.7 [scale] 1.4 1.4 1.4 [rotation] 0 57 0
*[name] flag [pos] 55.6 0.0 -407.7 [scale] 1.0 1.0 1.0 [rotation] 0 0 0
*[name] green_tree [pos] 88.0 0.0 -405.7 [scale] 3.4 3.0 3.4 [rotation] 0 39 -3
*[name] flag [pos] 55.6 0.0 -405.7 [scale] 1.0 1.0 1.0 [rotation] 0 0 0
*[name] green_tree [pos] 54.6 0.0 -405.7 [scale] 4.5 4.1 4.5 [rotation] 0 16 0
*[name] green_tree [pos] 19.2 0.0 -405.7 [scale] 3.8 4.8 3.8 [rotation] 0 28 1
*[name] green_tree [pos] 88.0 0.0 -403.7 [scale] 4.1 4.1 4.1 [rotation] 0 52 2
*[name] green_tree [pos] 71.8 0.0 -403.7 [scale] 3.3 3.5 3.3 [rotation] 0 44 1
*[name] flag [pos] 41.5 0.0 -403.7 [scale] 1.0 1.0 1.0 [rotation] 0 0 0
*[name] green_tree [pos] 17.2 0.0 -401.7 [scale] 3.0 3.3 3.0 [rotation] 0 77 3
*[name] green_tree [pos] 55.6 0.0 -399.7 [scale] 4.4 5.0 4.4 [rotation] 0 23 -1
*[name] flag [pos] 57.6 0.0 -397.7 [scale] 1.0 1.0 1.0 [rotation] 0 0 0
*[name] flag [pos] 43.5 0.0 -397.7 [scale] 1.0 1.0 1.0 [rotation] 0 0 0
*[name] flag [pos] 18.2 0.0 -397.7 [scale] 1.0 1.0 1.0 [rotation] 0 0 0
*[name] green_tree [pos] 74.8 0.0 -395.6 [scale] 3.6 4.5 3.6 [rotation] 0 3 -0
*[name] herring [pos] 47.5 0.0 -393.6 [scale] 1.0 1.0 1.0 [rotation] 0 0 0
*[name] green_tree [pos] 76.9 0.0 -391.6 [scale] 3.1 3.2 3.1 [rotation] 0 59 3
*[name] green_tree [pos] 42.5 0.0 -391.6 [scale] 4.4 5.3 4.4 [rotation] 0 30 -4
*[name] green_tree [pos] 16.2 0.0 -391.6 [scale] 4.6 5.2 4.6 [rotation] 0 56 -1
*[name] flag [pos] 73.8 0.0 -389.6 [scale] 1.0 1.0 1.0 [rotation] 0 0 0
*[name] flag [pos] 43.5 0.0 -389.6 [scale] 1.0 1.0 1.0 [rotation] 0 0 0
*[name] shrub [pos] 79.9 0.0 -385.6 [scale] 0.6 0.6 0.6 [rotation] 0 17 0
*[name] flag [pos] 57.6 0.0 -385.6 [scale] 1.0 1.0 1.0 [rotation] 0 0 0
*[name] green_tree [pos] 8.1 0.0 -385.6 [scale] 3.2 2.8 3.2 [rotation] 0 66 1
*[name] flag [pos] 57.6 0.0 -383.6 [scale] 1.0 1.0 1.0 [rotation] 0 0 0
*[name] green_tree [pos] 55.6 0.0 -383.6 [scale] 4.6 5.4 4.6 [rotation] 0 14 1
*[name] flag [pos] 41.5 0.0 -383.6 [scale] 1.0 1.0 1.0 [rotation] 0 0 0
*[name] green_tree [pos] 72.8 0.0 -381.6 [scale] 4.0 4.9 4.0 [rotation] 0 30 3
*[name] shrub [pos] 28.3 0.0 -381.6 [scale] 0.9 0.9 0.9 [rotation] 0 58 0
*[name] green_tree [pos] 16.2 0.0 -379.6 [scale] 4.3 4.0 4.3 [rotation] 0 12 2
*[name] green_tree [pos] 81.9 0.0 -377.6 [scale] 4.5 5.3 4.5 [rotation] 0 47 -1
*[name] flag [pos] 39.4 0.0 -377.6 [scale] 1.0 1.0 1.0 [rotation] 0 0 0
*[name] shrub [pos] 23.3 0.0 -375.6 [scale] 1.4 1.4 1.4 [rotation] 0 77 0
*[name] green_tree [pos] 75.8 0.0 -373.6 [scale] 4.0 4.0 4.0 [rotation] 0 45 -4
*[name] flag [pos] 54.6 0.0 -373.6 [scale] 1.0 1.0 1.0 [rotation] 0 0 0
*[name] green_tree [pos] 20.2 0.0 -373.6 [scale] 4.6 4.9 4.6 [rotation] 0 26 4
*[name] green_tree [pos] 17.2 0.0 -373.6 [scale] 4.5 3.6 4.5 [rotation] 0 40 0
*[name] green_tree [pos] 3.0 0.0 -373.6 [scale] 4.5 4.9 4.5 [rotation] 0 17 -2
*[name] green_tree [pos] 71.8 0.0 -371.5 [scale] 3.9 4.1 3.9 [rotation] 0 4 2
*[name] green_tree [pos] 18.2 0.0 -371.5 [scale] 3.3 3.8 3.3 [rotation] 0 85 -2
*[name] flag [pos] 37.4 0.0 -369.5 [scale] 1.0 1.0 1.0 [rotation] 0 0 0
*[name] flag [pos] 53.6 0.0 -365.5 [scale] 1.0 1.0 1.0 [rotation] 0 0 0
*[name] herring [pos] 44.5 0.0 -365.5 [scale] 1.0 1.0 1.0 [rotation] 0 0 0
*[name] green_tree [pos] 10.1 0.0 -363.5 [scale] 3.8 4.3 3.8 [rotation] 0 9 4
*[name] green_tree [pos] 86.0 0.0 -361.5 [scale] 3.2 3.7 3.2 [rotation] 0 69 1
*[name] green_tree [pos] 74.8 0.0 -361.5 [scale] 3.3 3.1 3.3 [rotation] 0 60 4
*[name] green_tree [pos] 37.4 0.0 -361.5 [scale] 4.6 5.9 4.6 [rotation] 0 73 1
*[name] flag [pos] 36.4 0.0 -361.5 [scale] 1.0 1.0 1.0 [rotation] 0 0 0
*[name] green_tree [pos] 22.2 0.0 -361.5 [scale] 4.9 4.6 4.9 [rotation] 0 9 2
*[name] green_tree [pos] 21.2 0.0 -361.5 [scale] 4.7 4.5 4.7 [rotation] 0 90 -2
*[name] green_tree [pos] 18.2 0.0 -361.5 [scale] 4.6 3.8 4.6 [rotation] 0 87 5
*[name] green_tree [pos] 86.0 0.0 -359.5 [scale] 4.5 5.6 4.5 [rotation] 0 27 -4
*[name] flag [pos] 56.6 0.0 -359.5 [scale] 1.0 1.0 1.0 [rotation] 0 0 0
*[name] green_tree [pos] 37.4 0.0 -359.5 [scale] 4.2 4.2 4.2 [rotation] 0 3 2
*[name] green_tree [pos] 18.2 0.0 -359.5 [scale] 3.2 3.9 3.2 [rotation] 0 25 -2
*[name] green_tree [pos] 86.0 0.0 -357.5 [scale] 3.1 4.0 3.1 [rotation] 0 19 4
*[name] flag [pos] 73.8 0.0 -355.5 [scale] 1.0 1.0 1.0 [rotation] 0 0 0
*[name] green_tree [pos] 38.4 0.0 -355.5 [scale] 4.8 3.9 4.8 [rotation] 0 40 4
*[name] flag [pos] 37.4 0.0 -355.5 [scale] 1.0 1.0 1.0 [rotation] 0 0 0
*[name] green_tree [pos] 82.9 0.0 -353.5 [scale] 3.6 3.8 3.6 [rotation] 0 54 -4
*[name] flag [pos] 59.7 0.0 -353.5 [scale] 1.0 1.0 1.0 [rotation] 0 0 0
*[name] flag [pos] 38.4 0.0 -353.5 [scale] 1.0 1.0 1.0 [rotation] 0 0 0
*[name] green_tree [pos] 20.2 0.0 -353.5 [scale] 4.7 5.2 4.7 [rotation] 0 39 2
*[name] green_tree [pos] 71.8 0.0 -351.5 [scale] 4.3 4.3 4.3 [rotation] 0 59 -1
*[name] flag [pos] 59.7 0.0 -351.5 [scale] 1.0 1.0 1.0 [rotation] 0 0 0
*[name] green_tree [pos] 40.4 0.0 -351.5 [scale] 3.6 4.6 3.6 [rotation] 0 47 4
*[name] flag [pos] 18.2 0.0 -351.5 [scale] 1.0 1.0 1.0 [rotation] 0 0 0
*[name] green_tree [pos] 16.2 0.0 -351.5 [scale] 3.7 4.0 3.7 [rotation] 0 56 -0
*[name] shrub [pos] 13.1 0.0 -351.5 [scale] 1.0 1.0 1.0 [rotation] 0 81 0
*[name] green_tree [pos] 66.7 0.0 -349.5 [scale] 4.5 4.5 4.5 [rotation] 0 77 4
*[name] green_tree [pos] 68.8 0.0 -347.4 [scale] 3.6 4.3 3.6 [rotation] 0 87 3
*[name] flag [pos] 40.4 0.0 -347.4 [scale] 1.0 1.0 1.0 [rotation] 0 0 0
*[name] green_tree [pos] 73.8 0.0 -345.4 [scale] 4.3 4.0 4.3 [rotation] 0 27 -3
*[name] green_tree [pos] 43.5 0.0 -345.4 [scale] 3.8 3.3 3.8 [rotation] 0 76 3
*[name] green_tree [pos] 16.2 0.0 -345.4 [scale] 4.6 4.8 4.6 [rotation] 0 21 -0
*[name] green_tree [pos] 75.8 0.0 -343.4 [scale] 4.8 5.1 4.8 [rotation] 0 38 -1
*[name] green_tree [pos] 72.8 0.0 -343.4 [scale] 3.9 4.7 3.9 [rotation] 0 87 -4
*[name] green_tree [pos] 68.8 0.0 -343.4 [scale] 3.5 3.3 3.5 [rotation] 0 89 5
*[name] green_tree [pos] 69.8 0.0 -341.4 [scale] 4.5 5.5 4.5 [rotation] 0 83 -4
*[name] flag [pos] 59.7 0.0 -341.4 [scale] 1.0 1.0 1.0 [rotation] 0 0 0
*[name] flag [pos] 42.5 0.0 -341.4 [scale] 1.0 1.0 1.0 [rotation] 0 0 0
*[name] green_tree [pos] 19.2 0.0 -341.4 [scale] 4.2 5.2 4.2 [rotation] 0 73 -3
*[name] green_tree [pos] 80.9 0.0 -339.4 [scale] 3.3 2.8 3.3 [rotation] 0 43 0
*[name] green_tree [pos] 18.2 0.0 -339.4 [scale] 3.5 3.4 3.5 [rotation] 0 34 -4
*[name] green_tree [pos] 72.8 0.0 -337.4 [scale] 4.6 5.1 4.6 [rotation] 0 48 2
*[name] green_tree [pos] 69.8 0.0 -337.4 [scale] 3.3 4.2 3.3 [rotation] 0 9 1
*[name] flag [pos] 40.4 0.0 -337.4 [scale] 1.0 1.0 1.0 [rotation] 0 0 0
*[name] green_tree [pos] 34.4 0.0 -335.4 [scale] 4.5 3.7 4.5 [rotation] 0 62 5
*[name] green_tree [pos] 71.8 0.0 -333.4 [scale] 3.8 4.3 3.8 [rotation] 0 86 -4
*[name] green_tree [pos] 17.2 0.0 -333.4 [scale] 4.0 5.0 4.0 [rotation] 0 17 -4
*[name] flag [pos] 56.6 0.0 -331.4 [scale] 1.0 1.0 1.0 [rotation] 0 0 0
*[name] green_tree [pos] 20.2 0.0 -331.4 [scale] 4.5 5.9 4.5 [rotation] 0 31 4
*[name] green_tree [pos] 88.0 0.0 -329.4 [scale] 3.2 3.9 3.2 [rotation] 0 41 -1
*[name] flag [pos] 73.8 0.0 -329.4 [scale] 1.0 1.0 1.0 [rotation] 0 0 0
*[name] green_tree [pos] 70.8 0.0 -329.4 [scale] 3.3 4.0 3.3 [rotation] 0 39 5
*[name] flag [pos] 36.4 0.0 -329.4 [scale] 1.0 1.0 1.0 [rotation] 0 0 0
*[name] flag [pos] 33.4 0.0 -329.4 [scale] 1.0 1.0 1.0 [rotation] 0 0 0
*[name] green_tree [pos] 6.1 0.0 -329.4 [scale] 3.9 5.0 3.9 [rotation] 0 58 1
*[name] green_tree [pos] 88.0 0.0 -327.4 [scale] 4.9 5.7 4.9 [rotation] 0 17 2
*[name] green_tree [pos] 19.2 0.0 -327.4 [scale] 4.6 5.7 4.6 [rotation] 0 57 -3
*[name] green_tree [pos] 75.8 0.0 -325.4 [scale] 4.1 4.5 4.1 [rotation] 0 31 -4
*[name] herring [pos] 44.5 0.0 -325.4 [scale] 1.0 1.0 1.0 [rotation] 0 0 0
*[name] flag [pos] 51.6 0.0 -323.3 [scale] 1.0 1.0 1.0 [rotation] 0 0 0
*[name] flag [pos] 29.3 0.0 -323.3 [scale] 1.0 1.0 1.0 [rotation] 0 0 0
*[name] green_tree [pos] 83.9 0.0 -321.3 [scale] 3.9 4.2 3.9 [rotation] 0 15 -3
*[name] herring [pos] 42.5 0.0 -321.3 [scale] 1.0 1.0 1.0 [rotation] 0 0 0
*[name] flag [pos] 26.3 0.0 -321.3 [scale] 1.0 1.0 1.0 [rotation] 0 0 0
*[name] green_tree [pos] 21.2 0.0 -321.3 [scale] 4.1 4.3 4.1 [rotation] 0 13 1
*[name] green_tree [pos] 18.2 0.0 -321.3 [scale] 3.7 4.0 3.7 [rotation] 0 90 -0
*[name] green_tree [pos] 83.9 0.0 -319.3 [scale] 3.9 3.9 3.9 [rotation] 0 38 4
*[name] green_tree [pos] 72.8 0.0 -319.3 [scale] 3.8 3.2 3.8 [rotation] 0 39 -2
*[name] herring [pos] 40.4 0.0 -319.3 [scale] 1.0 1.0 1.0 [rotation] 0 0 0
*[name] green_tree [pos] 18.2 0.0 -319.3 [scale] 4.6 5.2 4.6 [rotation] 0 88 1
*[name] green_tree [pos] 74.8 0.0 -317.3 [scale] 4.0 4.4 4.0 [rotation] 0 77 -5
*[name] flag [pos] 47.5 0.0 -317.3 [scale] 1.0 1.0 1.0 [rotation] 0 0 0
*[name] flag [pos] 18.2 0.0 -317.3 [scale] 1.0 1.0 1.0 [rotation] 0 0 0
*[name] herring [pos] 38.4 0.0 -315.3 [scale] 1.0 1.0 1.0 [rotation] 0 0 0
*[name] flag [pos] 23.3 0.0 -315.3 [scale] 1.0 1.0 1.0 [rotation] 0 0 0
*[name] shrub [pos] 8.1 0.0 -313.3 [scale] 0.8 0.8 0.8 [rotation] 0 18 0
*[name] green_tree [pos] 20.2 0.0 -311.3 [scale] 3.2 3.6 3.2 [rotation] 0 66 -2
*[name] flag [pos] 19.2 0.0 -311.3 [scale] 1.0 1.0 1.0 [rotation] 0 0 0
*[name] green_tree [pos] 83.9 0.0 -307.3 [scale] 4.8 4.5 4.8 [rotation] 0 70 -5
*[name] green_tree [pos] 75.8 0.0 -307.3 [scale] 4.8 4.1 4.8 [rotation] 0 57 4
*[name] green_tree [pos] 58.7 0.0 -307.3 [scale] 4.1 3.4 4.1 [rotation] 0 30 5
*[name] flag [pos] 43.5 0.0 -307.3 [scale] 1.0 1.0 1.0 [rotation] 0 0 0
*[name] green_tree [pos] 18.2 0.0 -307.3 [scale] 4.8 5.6 4.8 [rotation] 0 6 -1
*[name] green_tree [pos] 56.6 0.0 -305.3 [scale] 3.1 3.8 3.1 [rotation] 0 88 -5
*[name] green_tree [pos] 53.6 0.0 -303.3 [scale] 4.0 4.2 4.0 [rotation] 0 57 -1
*[name] green_tree [pos] 52.6 0.0 -303.3 [scale] 4.0 4.9 4.0 [rotation] 0 52 1
*[name] green_tree [pos] 50.6 0.0 -301.3 [scale] 4.0 3.8 4.0 [rotation] 0 80 -1
*[name] green_tree [pos] 49.6 0.0 -301.3 [scale] 4.1 4.7 4.1 [rotation] 0 40 -0
*[name] flag [pos] 39.4 0.0 -301.3 [scale] 1.0 1.0 1.0 [rotation] 0 0 0
*[name] flag [pos] 18.2 0.0 -301.3 [scale] 1.0 1.0 1.0 [rotation] 0 0 0
*[name] green_tree [pos] 12.1 0.0 -301.3 [scale] 4.6 3.8 4.6 [rotation] 0 34 -2
*[name] shrub [pos] 80.9 0.0 -299.2 [scale] 0.7 0.7 0.7 [rotation] 0 64 0
*[name] green_tree [pos] 72.8 0.0 -299.2 [scale] 3.7 3.0 3.7 [rotation] 0 39 -1
*[name] green_tree [pos] 47.5 0.0 -299.2 [scale] 3.8 3.9 3.8 [rotation] 0 26 -1
*[name] green_tree [pos] 46.5 0.0 -299.2 [scale] 4.0 4.8 4.0 [rotation] 0 76 -4
*[name] green_tree [pos] 18.2 0.0 -299.2 [scale] 3.4 3.3 3.4 [rotation] 0 87 3
*[name] green_tree [pos] 91.0 0.0 -297.2 [scale] 5.0 5.2 5.0 [rotation] 0 6 4
*[name] green_tree [pos] 90.0 0.0 -297.2 [scale] 4.8 5.3 4.8 [rotation] 0 50 -2
*[name] green_tree [pos] 45.5 0.0 -297.2 [scale] 3.2 3.1 3.2 [rotation] 0 36 -0
*[name] green_tree [pos] 91.0 0.0 -295.2 [scale] 4.4 4.6 4.4 [rotation] 0 18 -5
*[name] flag [pos] 73.8 0.0 -295.2 [scale] 1.0 1.0 1.0 [rotation] 0 0 0
*[name] green_tree [pos] 42.5 0.0 -295.2 [scale] 4.2 4.6 4.2 [rotation] 0 38 5
*[name] green_tree [pos] 40.4 0.0 -293.2 [scale] 3.2 3.7 3.2 [rotation] 0 32 1
*[name] flag [pos] 36.4 0.0 -293.2 [scale] 1.0 1.0 1.0 [rotation] 0 0 0
*[name] green_tree [pos] 74.8 0.0 -291.2 [scale] 4.0 3.7 4.0 [rotation] 0 64 2
*[name] flag [pos] 16.2 0.0 -291.2 [scale] 1.0 1.0 1.0 [rotation] 0 0 0
*[name] green_tree [pos] 17.2 0.0 -287.2 [scale] 4.2 4.7 4.2 [rotation] 0 41 1
*[name] flag [pos] 35.4 0.0 -285.2 [scale] 1.0 1.0 1.0 [rotation] 0 0 0
*[name] green_tree [pos] 74.8 0.0 -283.2 [scale] 3.3 3.5 3.3 [rotation] 0 40 -5
*[name] green_tree [pos] 37.4 0.0 -283.2 [scale] 3.3 4.3 3.3 [rotation] 0 33 -2
*[name] flag [pos] 17.2 0.0 -283.2 [scale] 1.0 1.0 1.0 [rotation] 0 0 0
*[name] green_tree [pos] 4.0 0.0 -283.2 [scale] 3.7 4.3 3.7 [rotation] 0 69 -5
*[name] green_tree [pos] 72.8 0.0 -281.2 [scale] 3.6 4.6 3.6 [rotation] 0 2 4
*[name] green_tree [pos] 19.2 0.0 -281.2 [scale] 4.2 4.3 4.2 [rotation] 0 76 2
*[name] flag [pos] 40.4 0.0 -279.2 [scale] 1.0 1.0 1.0 [rotation] 0 0 0
*[name] flag [pos] 45.5 0.0 -277.2 [scale] 1.0 1.0 1.0 [rotation] 0 0 0
*[name] flag [pos] 45.5 0.0 -275.1 [scale] 1.0 1.0 1.0 [rotation] 0 0 0
*[name] flag [pos] 20.2 0.0 -275.1 [scale] 1.0 1.0 1.0 [rotation] 0 0 0
*[name] green_tree [pos] 72.8 0.0 -273.1 [scale] 3.3 3.0 3.3 [rotation] 0 26 2
*[name] flag [pos] 73.8 0.0 -271.1 [scale] 1.0 1.0 1.0 [rotation] 0 0 0
*[name] flag [pos] 50.6 0.0 -271.1 [scale] 1.0 1.0 1.0 [rotation] 0 0 0
*[name] green_tree [pos] 18.2 0.0 -271.1 [scale] 3.8 3.1 3.8 [rotation] 0 33 5
*[name] flag [pos] 24.3 0.0 -269.1 [scale] 1.0 1.0 1.0 [rotation] 0 0 0
*[name] green_tree [pos] 83.9 0.0 -267.1 [scale] 4.4 5.3 4.4 [rotation] 0 50 3
*[name] herring [pos] 39.4 0.0 -267.1 [scale] 1.0 1.0 1.0 [rotation] 0 0 0
*[name] flag [pos] 18.2 0.0 -267.1 [scale] 1.0 1.0 1.0 [rotation] 0 0 0
*[name] green_tree [pos] 83.9 0.0 -265.1 [scale] 3.7 3.0 3.7 [rotation] 0 80 0
*[name] flag [pos] 55.6 0.0 -265.1 [scale] 1.0 1.0 1.0 [rotation] 0 0 0
*[name] herring [pos] 42.5 0.0 -265.1 [scale] 1.0 1.0 1.0 [rotation] 0 0 0
*[name] green_tree [pos] 75.8 0.0 -263.1 [scale] 5.0 4.6 5.0 [rotation] 0 70 -2
*[name] green_tree [pos] 72.8 0.0 -263.1 [scale] 3.0 3.2 3.0 [rotation] 0 29 -2
*[name] green_tree [pos] 59.7 0.0 -263.1 [scale] 4.0 3.9 4.0 [rotation] 0 15 -4
*[name] flag [pos] 27.3 0.0 -263.1 [scale] 1.0 1.0 1.0 [rotation] 0 0 0
*[name] green_tree [pos] 19.2 0.0 -263.1 [scale] 4.6 3.7 4.6 [rotation] 0 72 4
*[name] herring [pos] 44.5 0.0 -261.1 [scale] 1.0 1.0 1.0 [rotation] 0 0 0
*[name] herring [pos] 46.5 0.0 -259.1 [scale] 1.0 1.0 1.0 [rotation] 0 0 0
*[name] green_tree [pos] 33.4 0.0 -259.1 [scale] 3.4 2.9 3.4 [rotation] 0 56 1
*[name] flag [pos] 31.3 0.0 -259.1 [scale] 1.0 1.0 1.0 [rotation] 0 0 0
*[name] flag [pos] 61.7 0.0 -257.1 [scale] 1.0 1.0 1.0 [rotation] 0 0 0
*[name] shrub [pos] 35.4 0.0 -257.1 [scale] 0.6 0.6 0.6 [rotation] 0 89 0
*[name] green_tree [pos] 17.2 0.0 -255.1 [scale] 4.3 5.1 4.3 [rotation] 0 74 -3
*[name] green_tree [pos] 74.8 0.0 -253.1 [scale] 4.2 3.8 4.2 [rotation] 0 17 0
*[name] flag [pos] 73.8 0.0 -253.1 [scale] 1.0 1.0 1.0 [rotation] 0 0 0
*[name] green_tree [pos] 72.8 0.0 -253.1 [scale] 4.4 3.9 4.4 [rotation] 0 68 -0
*[name] green_tree [pos] 71.8 0.0 -253.1 [scale] 4.0 4.8 4.0 [rotation] 0 89 3
*[name] green_tree [pos] 66.7 0.0 -253.1 [scale] 3.2 3.3 3.2 [rotation] 0 16 -3
*[name] green_tree [pos] 72.8 0.0 -251.0 [scale] 4.2 5.4 4.2 [rotation] 0 23 -1
*[name] flag [pos] 65.7 0.0 -251.0 [scale] 1.0 1.0 1.0 [rotation] 0 0 0
*[name] shrub [pos] 64.7 0.0 -251.0 [scale] 1.9 1.9 1.9 [rotation] 0 43 0
*[name] shrub [pos] 57.6 0.0 -251.0 [scale] 1.2 1.2 1.2 [rotation] 0 48 0
*[name] green_tree [pos] 36.4 0.0 -251.0 [scale] 3.2 3.5 3.2 [rotation] 0 47 2
*[name] flag [pos] 35.4 0.0 -251.0 [scale] 1.0 1.0 1.0 [rotation] 0 0 0
*[name] green_tree [pos] 81.9 0.0 -249.0 [scale] 3.7 3.6 3.7 [rotation] 0 83 5
*[name] green_tree [pos] 19.2 0.0 -249.0 [scale] 4.0 3.4 4.0 [rotation] 0 42 -3
*[name] green_tree [pos] 81.9 0.0 -247.0 [scale] 3.6 3.3 3.6 [rotation] 0 58 3
*[name] shrub [pos] 31.3 0.0 -247.0 [scale] 2.0 2.0 2.0 [rotation] 0 57 0
*[name] green_tree [pos] 74.8 0.0 -245.0 [scale] 4.2 3.6 4.2 [rotation] 0 12 3
*[name] green_tree [pos] 61.7 0.0 -245.0 [scale] 3.6 4.2 3.6 [rotation] 0 69 1
*[name] flag [pos] 39.4 0.0 -243.0 [scale] 1.0 1.0 1.0 [rotation] 0 0 0
*[name] flag [pos] 18.2 0.0 -243.0 [scale] 1.0 1.0 1.0 [rotation] 0 0 0
*[name] green_tree [pos] 86.0 0.0 -241.0 [scale] 3.2 3.7 3.2 [rotation] 0 5 1
*[name] green_tree [pos] 84.9 0.0 -241.0 [scale] 3.4 3.0 3.4 [rotation] 0 13 2
*[name] shrub [pos] 27.3 0.0 -241.0 [scale] 1.9 1.9 1.9 [rotation] 0 44 0
*[name] green_tree [pos] 17.2 0.0 -241.0 [scale] 3.2 3.9 3.2 [rotation] 0 40 1
*[name] green_tree [pos] 10.1 0.0 -241.0 [scale] 4.9 6.1 4.9 [rotation] 0 71 -3
*[name] green_tree [pos] 44.5 0.0 -239.0 [scale] 3.3 3.3 3.3 [rotation] 0 3 -4
*[name] flag [pos] 43.5 0.0 -239.0 [scale] 1.0 1.0 1.0 [rotation] 0 0 0
*[name] green_tree [pos] 26.3 0.0 -239.0 [scale] 3.1 3.5 3.1 [rotation] 0 19 -3
*[name] flag [pos] 68.8 0.0 -237.0 [scale] 1.0 1.0 1.0 [rotation] 0 0 0
*[name] green_tree [pos] 45.5 0.0 -237.0 [scale] 3.9 4.2 3.9 [rotation] 0 83 -3
*[name] green_tree [pos] 71.8 0.0 -235.0 [scale] 3.2 2.6 3.2 [rotation] 0 82 -3
*[name] flag [pos] 48.5 0.0 -235.0 [scale] 1.0 1.0 1.0 [rotation] 0 0 0
*[name] green_tree [pos] 46.5 0.0 -235.0 [scale] 4.2 3.7 4.2 [rotation] 0 30 3
*[name] green_tree [pos] 74.8 0.0 -233.0 [scale] 4.8 4.4 4.8 [rotation] 0 23 5
*[name] green_tree [pos] 48.5 0.0 -233.0 [scale] 3.2 3.6 3.2 [rotation] 0 51 -5
*[name] green_tree [pos] 19.2 0.0 -231.0 [scale] 4.2 4.1 4.2 [rotation] 0 23 3
*[name] green_tree [pos] 50.6 0.0 -229.0 [scale] 4.6 4.3 4.6 [rotation] 0 80 3
*[name] green_tree [pos] 25.3 0.0 -229.0 [scale] 4.9 4.2 4.9 [rotation] 0 4 -1
*[name] green_tree [pos] 19.2 0.0 -229.0 [scale] 4.3 5.5 4.3 [rotation] 0 56 3
*[name] flag [pos] 73.8 0.0 -226.9 [scale] 1.0 1.0 1.0 [rotation] 0 0 0
*[name] flag [pos] 68.8 0.0 -226.9 [scale] 1.0 1.0 1.0 [rotation] 0 0 0
*[name] green_tree [pos] 17.2 0.0 -226.9 [scale] 3.0 3.2 3.0 [rotation] 0 82 1
*[name] green_tree [pos] 51.6 0.0 -224.9 [scale] 4.4 4.0 4.4 [rotation] 0 35 1
*[name] flag [pos] 50.6 0.0 -224.9 [scale] 1.0 1.0 1.0 [rotation] 0 0 0
*[name] green_tree [pos] 21.2 0.0 -224.9 [scale] 4.0 4.5 4.0 [rotation] 0 47 1
*[name] green_tree [pos] 72.8 0.0 -220.9 [scale] 3.7 3.1 3.7 [rotation] 0 53 5
*[name] green_tree [pos] 7.1 0.0 -220.9 [scale] 3.9 4.7 3.9 [rotation] 0 64 -3
*[name] flag [pos] 48.5 0.0 -218.9 [scale] 1.0 1.0 1.0 [rotation] 0 0 0
*[name] green_tree [pos] 19.2 0.0 -218.9 [scale] 3.3 3.6 3.3 [rotation] 0 5 -4
*[name] green_tree [pos] 81.9 0.0 -216.9 [scale] 4.4 3.8 4.4 [rotation] 0 44 -1
*[name] green_tree [pos] 74.8 0.0 -216.9 [scale] 3.1 2.7 3.1 [rotation] 0 10 -4
*[name] flag [pos] 68.8 0.0 -216.9 [scale] 1.0 1.0 1.0 [rotation] 0 0 0
*[name] green_tree [pos] 81.9 0.0 -214.9 [scale] 4.3 3.5 4.3 [rotation] 0 62 -2
*[name] flag [pos] 18.2 0.0 -214.9 [scale] 1.0 1.0 1.0 [rotation] 0 0 0
*[name] green_tree [pos] 17.2 0.0 -212.9 [scale] 3.5 3.0 3.5 [rotation] 0 79 3
*[name] green_tree [pos] 72.8 0.0 -210.9 [scale] 4.4 4.5 4.4 [rotation] 0 29 -4
*[name] green_tree [pos] 47.5 0.0 -210.9 [scale] 4.0 5.0 4.0 [rotation] 0 2 4
*[name] green_tree [pos] 37.4 0.0 -210.9 [scale] 4.5 5.3 4.5 [rotation] 0 11 4
*[name] green_tree [pos] 22.2 0.0 -210.9 [scale] 3.7 3.3 3.7 [rotation] 0 89 -4
*[name] flag [pos] 45.5 0.0 -208.9 [scale] 1.0 1.0 1.0 [rotation] 0 0 0
*[name] green_tree [pos] 45.5 0.0 -206.9 [scale] 3.6 3.7 3.6 [rotation] 0 38 -1
*[name] green_tree [pos] 67.8 0.0 -204.9 [scale] 4.2 4.4 4.2 [rotation] 0 38 -3
*[name] flag [pos] 64.7 0.0 -204.9 [scale] 1.0 1.0 1.0 [rotation] 0 0 0
*[name] green_tree [pos] 18.2 0.0 -204.9 [scale] 4.1 3.5 4.1 [rotation] 0 51 3
*[name] green_tree [pos] 13.1 0.0 -204.9 [scale] 3.4 3.5 3.4 [rotation] 0 53 4
*[name] green_tree [pos] 74.8 0.0 -202.8 [scale] 4.7 5.9 4.7 [rotation] 0 88 -2
*[name] flag [pos] 39.4 0.0 -202.8 [scale] 1.0 1.0 1.0 [rotation] 0 0 0
*[name] herring [pos] 47.5 0.0 -200.8 [scale] 1.0 1.0 1.0 [rotation] 0 0 0
*[name] green_tree [pos] 19.2 0.0 -198.8 [scale] 4.7 3.7 4.7 [rotation] 0 23 1
*[name] green_tree [pos] 86.0 0.0 -196.8 [scale] 4.5 4.4 4.5 [rotation] 0 44 -4
*[name] green_tree [pos] 84.9 0.0 -196.8 [scale] 4.1 4.3 4.1 [rotation] 0 14 3
*[name] green_tree [pos] 61.7 0.0 -196.8 [scale] 4.9 5.3 4.9 [rotation] 0 18 0
*[name] flag [pos] 60.7 0.0 -196.8 [scale] 1.0 1.0 1.0 [rotation] 0 0 0
*[name] herring [pos] 45.5 0.0 -196.8 [scale] 1.0 1.0 1.0 [rotation] 0 0 0
*[name] flag [pos] 35.4 0.0 -196.8 [scale] 1.0 1.0 1.0 [rotation] 0 0 0
*[name] green_tree [pos] 69.8 0.0 -194.8 [scale] 3.2 3.6 3.2 [rotation] 0 69 2
*[name] green_tree [pos] 68.8 0.0 -194.8 [scale] 4.5 4.3 4.5 [rotation] 0 43 4
*[name] flag [pos] 73.8 0.0 -192.8 [scale] 1.0 1.0 1.0 [rotation] 0 0 0
*[name] shrub [pos] 64.7 0.0 -192.8 [scale] 1.7 1.7 1.7 [rotation] 0 5 0
*[name] herring [pos] 43.5 0.0 -192.8 [scale] 1.0 1.0 1.0 [rotation] 0 0 0
*[name] green_tree [pos] 75.8 0.0 -190.8 [scale] 4.7 5.2 4.7 [rotation] 0 87 3
*[name] flag [pos] 56.6 0.0 -190.8 [scale] 1.0 1.0 1.0 [rotation] 0 0 0
*[name] herring [pos] 41.5 0.0 -190.8 [scale] 1.0 1.0 1.0 [rotation] 0 0 0
*[name] flag [pos] 18.2 0.0 -190.8 [scale] 1.0 1.0 1.0 [rotation] 0 0 0
*[name] green_tree [pos] 66.7 0.0 -188.8 [scale] 4.9 5.9 4.9 [rotation] 0 75 -3
*[name] flag [pos] 30.3 0.0 -188.8 [scale] 1.0 1.0 1.0 [rotation] 0 0 0
*[name] shrub [pos] 71.8 0.0 -186.8 [scale] 1.1 1.1 1.1 [rotation] 0 53 0
*[name] green_tree [pos] 16.2 0.0 -186.8 [scale] 4.2 5.2 4.2 [rotation] 0 61 -4
*[name] green_tree [pos] 75.8 0.0 -184.8 [scale] 3.7 4.5 3.7 [rotation] 0 89 -2
*[name] green_tree [pos] 72.8 0.0 -184.8 [scale] 3.8 3.4 3.8 [rotation] 0 76 0
*[name] flag [pos] 27.3 0.0 -184.8 [scale] 1.0 1.0 1.0 [rotation] 0 0 0
*[name] green_tree [pos] 8.1 0.0 -184.8 [scale] 4.6 5.1 4.6 [rotation] 0 15 0
*[name] flag [pos] 52.6 0.0 -182.8 [scale] 1.0 1.0 1.0 [rotation] 0 0 0
*[name] green_tree [pos] 25.3 0.0 -180.8 [scale] 4.9 5.5 4.9 [rotation] 0 43 2
*[name] green_tree [pos] 20.2 0.0 -180.8 [scale] 4.4 4.2 4.4 [rotation] 0 30 2
*[name] green_tree [pos] 77.9 0.0 -178.7 [scale] 3.3 3.1 3.3 [rotation] 0 42 5
*[name] green_tree [pos] 74.8 0.0 -178.7 [scale] 4.0 4.9 4.0 [rotation] 0 52 -4
*[name] green_tree [pos] 72.8 0.0 -178.7 [scale] 4.5 4.2 4.5 [rotation] 0 20 -4
*[name] flag [pos] 22.2 0.0 -178.7 [scale] 1.0 1.0 1.0 [rotation] 0 0 0
*[name] green_tree [pos] 81.9 0.0 -176.7 [scale] 3.2 2.9 3.2 [rotation] 0 36 0
*[name] green_tree [pos] 72.8 0.0 -176.7 [scale] 3.8 3.5 3.8 [rotation] 0 3 -3
*[name] flag [pos] 49.6 0.0 -176.7 [scale] 1.0 1.0 1.0 [rotation] 0 0 0
*[name] green_tree [pos] 18.2 0.0 -176.7 [scale] 4.7 4.2 4.7 [rotation] 0 69 3
*[name] green_tree [pos] 81.9 0.0 -174.7 [scale] 4.7 4.3 4.7 [rotation] 0 44 0
*[name] green_tree [pos] 75.8 0.0 -174.7 [scale] 4.1 5.0 4.1 [rotation] 0 20 2
*[name] green_tree [pos] 74.8 0.0 -172.7 [scale] 3.2 3.7 3.2 [rotation] 0 64 1
*[name] flag [pos] 45.5 0.0 -170.7 [scale] 1.0 1.0 1.0 [rotation] 0 0 0
*[name] flag [pos] 17.2 0.0 -170.7 [scale] 1.0 1.0 1.0 [rotation] 0 0 0
*[name] green_tree [pos] 76.9 0.0 -168.7 [scale] 4.1 3.9 4.1 [rotation] 0 61 -2
*[name] green_tree [pos] 75.8 0.0 -168.7 [scale] 4.1 5.1 4.1 [rotation] 0 34 1
*[name] green_tree [pos] 74.8 0.0 -166.7 [scale] 3.2 3.8 3.2 [rotation] 0 15 0
*[name] flag [pos] 39.4 0.0 -166.7 [scale] 1.0 1.0 1.0 [rotation] 0 0 0
*[name] green_tree [pos] 75.8 0.0 -164.7 [scale] 3.0 2.7 3.0 [rotation] 0 67 4
*[name] green_tree [pos] 43.5 0.0 -164.7 [scale] 3.8 4.0 3.8 [rotation] 0 57 -3
*[name] green_tree [pos] 40.4 0.0 -162.7 [scale] 4.5 3.9 4.5 [rotation] 0 71 -2
*[name] green_tree [pos] 18.2 0.0 -162.7 [scale] 4.9 3.9 4.9 [rotation] 0 1 -4
*[name] green_tree [pos] 73.8 0.0 -160.7 [scale] 4.4 5.1 4.4 [rotation] 0 59 -3
*[name] flag [pos] 33.4 0.0 -158.7 [scale] 1.0 1.0 1.0 [rotation] 0 0 0
*[name] flag [pos] 16.2 0.0 -158.7 [scale] 1.0 1.0 1.0 [rotation] 0 0 0
*[name] shrub [pos] 78.9 0.0 -156.7 [scale] 0.5 0.5 0.5 [rotation] 0 30 0
*[name] green_tree [pos] 75.8 0.0 -156.7 [scale] 4.0 4.4 4.0 [rotation] 0 21 4
*[name] green_tree [pos] 73.8 0.0 -156.7 [scale] 3.4 3.3 3.4 [rotation] 0 60 -1
*[name] green_tree [pos] 35.4 0.0 -156.7 [scale] 4.7 5.4 4.7 [rotation] 0 50 1
*[name] green_tree [pos] 39.4 0.0 -154.6 [scale] 4.1 5.2 4.1 [rotation] 0 10 -3
*[name] flag [pos] 32.4 0.0 -154.6 [scale] 1.0 1.0 1.0 [rotation] 0 0 0
*[name] green_tree [pos] 83.9 0.0 -152.6 [scale] 3.4 4.2 3.4 [rotation] 0 25 5
*[name] green_tree [pos] 83.9 0.0 -150.6 [scale] 3.3 3.0 3.3 [rotation] 0 89 -3
*[name] shrub [pos] 74.8 0.0 -150.6 [scale] 0.9 0.9 0.9 [rotation] 0 62 0
*[name] green_tree [pos] 70.8 0.0 -150.6 [scale] 4.8 6.0 4.8 [rotation] 0 83 4
*[name] green_tree [pos] 19.2 0.0 -150.6 [scale] 3.5 3.6 3.5 [rotation] 0 41 -0
*[name] flag [pos] 18.2 0.0 -150.6 [scale] 1.0 1.0 1.0 [rotation] 0 0 0
*[name] green_tree [pos] 72.8 0.0 -148.6 [scale] 3.7 4.2 3.7 [rotation] 0 75 -5
*[name] green_tree [pos] 34.4 0.0 -148.6 [scale] 3.0 3.5 3.0 [rotation] 0 62 1
*[name] flag [pos] 33.4 0.0 -148.6 [scale] 1.0 1.0 1.0 [rotation] 0 0 0
*[name] green_tree [pos] 10.1 0.0 -148.6 [scale] 3.6 3.3 3.6 [rotation] 0 48 -1
*[name] flag [pos] 73.8 0.0 -146.6 [scale] 1.0 1.0 1.0 [rotation] 0 0 0
*[name] green_tree [pos] 75.8 0.0 -142.6 [scale] 3.8 4.4 3.8 [rotation] 0 25 2
*[name] green_tree [pos] 36.4 0.0 -142.6 [scale] 4.4 4.5 4.4 [rotation] 0 80 2
*[name] flag [pos] 19.2 0.0 -142.6 [scale] 1.0 1.0 1.0 [rotation] 0 0 0
*[name] green_tree [pos] 18.2 0.0 -142.6 [scale] 4.2 3.7 4.2 [rotation] 0 34 -0
*[name] green_tree [pos] 73.8 0.0 -138.6 [scale] 3.2 3.0 3.2 [rotation] 0 36 -2
*[name] green_tree [pos] 62.7 0.0 -138.6 [scale] 4.5 5.5 4.5 [rotation] 0 75 -4
*[name] green_tree [pos] 61.7 0.0 -138.6 [scale] 4.0 4.6 4.0 [rotation] 0 12 0
*[name] flag [pos] 38.4 0.0 -138.6 [scale] 1.0 1.0 1.0 [rotation] 0 0 0
*[name] green_tree [pos] 81.9 0.0 -136.6 [scale] 3.7 4.5 3.7 [rotation] 0 11 2
*[name] green_tree [pos] 75.8 0.0 -134.6 [scale] 3.1 3.5 3.1 [rotation] 0 11 -1
*[name] flag [pos] 42.5 0.0 -134.6 [scale] 1.0 1.0 1.0 [rotation] 0 0 0
*[name] flag [pos] 22.2 0.0 -134.6 [scale] 1.0 1.0 1.0 [rotation] 0 0 0
*[name] green_tree [pos] 19.2 0.0 -134.6 [scale] 3.8 3.8 3.8 [rotation] 0 8 -4
*[name] green_tree [pos] 58.7 0.0 -132.6 [scale] 4.7 6.0 4.7 [rotation] 0 71 -1
*[name] green_tree [pos] 73.8 0.0 -130.5 [scale] 3.3 2.9 3.3 [rotation] 0 84 -3
*[name] flag [pos] 73.8 0.0 -128.5 [scale] 1.0 1.0 1.0 [rotation] 0 0 0
*[name] green_tree [pos] 69.8 0.0 -128.5 [scale] 4.0 3.8 4.0 [rotation] 0 52 -3
*[name] flag [pos] 46.5 0.0 -128.5 [scale] 1.0 1.0 1.0 [rotation] 0 0 0
*[name] flag [pos] 24.3 0.0 -128.5 [scale] 1.0 1.0 1.0 [rotation] 0 0 0
*[name] flag [pos] 18.2 0.0 -128.5 [scale] 1.0 1.0 1.0 [rotation] 0 0 0
*[name] green_tree [pos] 8.1 0.0 -128.5 [scale] 3.4 3.4 3.4 [rotation] 0 32 2
*[name] green_tree [pos] 84.9 0.0 -124.5 [scale] 3.1 3.3 3.1 [rotation] 0 21 -1
*[name] green_tree [pos] 83.9 0.0 -124.5 [scale] 3.6 3.5 3.6 [rotation] 0 12 -1
*[name] flag [pos] 48.5 0.0 -124.5 [scale] 1.0 1.0 1.0 [rotation] 0 0 0
*[name] green_tree [pos] 23.3 0.0 -124.5 [scale] 3.0 2.8 3.0 [rotation] 0 70 -1
*[name] green_tree [pos] 74.8 0.0 -122.5 [scale] 4.3 5.3 4.3 [rotation] 0 43 -0
*[name] flag [pos] 27.3 0.0 -122.5 [scale] 1.0 1.0 1.0 [rotation] 0 0 0
*[name] green_tree [pos] 18.2 0.0 -122.5 [scale] 4.7 4.4 4.7 [rotation] 0 84 5
*[name] green_tree [pos] 77.9 0.0 -120.5 [scale] 3.9 4.8 3.9 [rotation] 0 20 4
*[name] green_tree [pos] 70.8 0.0 -120.5 [scale] 3.4 4.1 3.4 [rotation] 0 14 -1
*[name] flag [pos] 50.6 0.0 -120.5 [scale] 1.0 1.0 1.0 [rotation] 0 0 0
*[name] flag [pos] 29.3 0.0 -120.5 [scale] 1.0 1.0 1.0 [rotation] 0 0 0
*[name] green_tree [pos] 20.2 0.0 -118.5 [scale] 3.4 3.6 3.4 [rotation] 0 9 -2
*[name] shrub [pos] 15.2 0.0 -118.5 [scale] 2.0 2.0 2.0 [rotation] 0 30 0
*[name] green_tree [pos] 53.6 0.0 -116.5 [scale] 4.4 4.2 4.4 [rotation] 0 62 4
*[name] flag [pos] 31.3 0.0 -116.5 [scale] 1.0 1.0 1.0 [rotation] 0 0 0
*[name] flag [pos] 54.6 0.0 -112.5 [scale] 1.0 1.0 1.0 [rotation] 0 0 0
*[name] green_tree [pos] 80.9 0.0 -110.5 [scale] 4.3 4.9 4.3 [rotation] 0 11 -1
*[name] green_tree [pos] 72.8 0.0 -110.5 [scale] 3.2 3.7 3.2 [rotation] 0 27 1
*[name] flag [pos] 34.4 0.0 -110.5 [scale] 1.0 1.0 1.0 [rotation] 0 0 0
*[name] green_tree [pos] 22.2 0.0 -110.5 [scale] 3.5 3.1 3.5 [rotation] 0 74 -3
*[name] green_tree [pos] 12.1 0.0 -110.5 [scale] 3.3 3.0 3.3 [rotation] 0 8 -1
*[name] green_tree [pos] 55.6 0.0 -108.5 [scale] 3.3 3.2 3.3 [rotation] 0 14 -2
*[name] green_tree [pos] 22.2 0.0 -108.5 [scale] 4.4 4.3 4.4 [rotation] 0 75 3
*[name] green_tree [pos] 17.2 0.0 -108.5 [scale] 4.3 5.2 4.3 [rotation] 0 12 -1
*[name] green_tree [pos] 37.4 0.0 -106.4 [scale] 3.2 3.9 3.2 [rotation] 0 20 3
*[name] green_tree [pos] 34.4 0.0 -106.4 [scale] 4.0 3.9 4.0 [rotation] 0 17 1
*[name] flag [pos] 58.7 0.0 -104.4 [scale] 1.0 1.0 1.0 [rotation] 0 0 0
*[name] herring [pos] 49.6 0.0 -104.4 [scale] 1.0 1.0 1.0 [rotation] 0 0 0
*[name] flag [pos] 38.4 0.0 -104.4 [scale] 1.0 1.0 1.0 [rotation] 0 0 0
*[name] flag [pos] 18.2 0.0 -104.4 [scale] 1.0 1.0 1.0 [rotation] 0 0 0
*[name] herring [pos] 50.6 0.0 -102.4 [scale] 1.0 1.0 1.0 [rotation] 0 0 0
*[name] green_tree [pos] 20.2 0.0 -102.4 [scale] 3.2 3.4 3.2 [rotation] 0 12 -1
*[name] green_tree [pos] 86.0 0.0 -100.4 [scale] 4.3 5.4 4.3 [rotation] 0 54 3
*[name] herring [pos] 51.6 0.0 -100.4 [scale] 1.0 1.0 1.0 [rotation] 0 0 0
*[name] green_tree [pos] 39.4 0.0 -100.4 [scale] 3.4 3.9 3.4 [rotation] 0 12 -1
*[name] green_tree [pos] 61.7 0.0 -98.4 [scale] 5.0 4.7 5.0 [rotation] 0 62 2
*[name] herring [pos] 52.6 0.0 -98.4 [scale] 1.0 1.0 1.0 [rotation] 0 0 0
*[name] flag [pos] 40.4 0.0 -98.4 [scale] 1.0 1.0 1.0 [rotation] 0 0 0
*[name] green_tree [pos] 26.3 0.0 -98.4 [scale] 4.3 4.6 4.3 [rotation] 0 43 -2
*[name] flag [pos] 64.7 0.0 -96.4 [scale] 1.0 1.0 1.0 [rotation] 0 0 0
*[name] green_tree [pos] 41.5 0.0 -96.4 [scale] 3.7 4.1 3.7 [rotation] 0 59 -0
*[name] green_tree [pos] 34.4 0.0 -96.4 [scale] 3.8 4.7 3.8 [rotation] 0 20 4
*[name] shrub [pos] 78.9 0.0 -94.4 [scale] 0.8 0.8 0.8 [rotation] 0 38 0
*[name] green_tree [pos] 77.9 0.0 -94.4 [scale] 4.0 3.9 4.0 [rotation] 0 81 1
*[name] flag [pos] 42.5 0.0 -94.4 [scale] 1.0 1.0 1.0 [rotation] 0 0 0
*[name] green_tree [pos] 18.2 0.0 -94.4 [scale] 4.4 4.7 4.4 [rotation] 0 52 -2
*[name] green_tree [pos] 74.8 0.0 -92.4 [scale] 3.6 4.3 3.6 [rotation] 0 1 -1
*[name] green_tree [pos] 66.7 0.0 -92.4 [scale] 3.3 4.3 3.3 [rotation] 0 66 3
*[name] green_tree [pos] 43.5 0.0 -92.4 [scale] 4.3 4.3 4.3 [rotation] 0 33 -3
*[name] green_tree [pos] 41.5 0.0 -92.4 [scale] 4.4 5.0 4.4 [rotation] 0 68 -2
*[name] flag [pos] 44.5 0.0 -90.4 [scale] 1.0 1.0 1.0 [rotation] 0 0 0
*[name] green_tree [pos] 36.4 0.0 -90.4 [scale] 3.3 3.0 3.3 [rotation] 0 19 -1
*[name] green_tree [pos] 20.2 0.0 -90.4 [scale] 3.2 3.2 3.2 [rotation] 0 74 1
*[name] flag [pos] 73.8 0.0 -88.4 [scale] 1.0 1.0 1.0 [rotation] 0 0 0
*[name] green_tree [pos] 45.5 0.0 -88.4 [scale] 4.5 5.2 4.5 [rotation] 0 21 -0
*[name] green_tree [pos] 44.5 0.0 -88.4 [scale] 3.5 4.2 3.5 [rotation] 0 70 1
*[name] green_tree [pos] 36.4 0.0 -88.4 [scale] 4.2 5.0 4.2 [rotation] 0 2 2
*[name] flag [pos] 68.8 0.0 -86.4 [scale] 1.0 1.0 1.0 [rotation] 0 0 0
*[name] green_tree [pos] 46.5 0.0 -86.4 [scale] 4.6 5.4 4.6 [rotation] 0 52 -1
*[name] green_tree [pos] 70.8 0.0 -84.4 [scale] 3.3 4.2 3.3 [rotation] 0 54 3
*[name] flag [pos] 18.2 0.0 -84.4 [scale] 1.0 1.0 1.0 [rotation] 0 0 0
*[name] green_tree [pos] 83.9 0.0 -82.3 [scale] 4.3 4.2 4.3 [rotation] 0 14 3
*[name] flag [pos] 50.6 0.0 -82.3 [scale] 1.0 1.0 1.0 [rotation] 0 0 0
*[name] green_tree [pos] 48.5 0.0 -82.3 [scale] 4.1 4.0 4.1 [rotation] 0 21 1
*[name] green_tree [pos] 46.5 0.0 -82.3 [scale] 4.6 3.8 4.6 [rotation] 0 21 0
*[name] flag [pos] 69.8 0.0 -80.3 [scale] 1.0 1.0 1.0 [rotation] 0 0 0
*[name] green_tree [pos] 42.5 0.0 -80.3 [scale] 4.6 4.7 4.6 [rotation] 0 89 -5
*[name] green_tree [pos] 16.2 0.0 -80.3 [scale] 3.5 4.2 3.5 [rotation] 0 56 4
*[name] green_tree [pos] 4.0 0.0 -80.3 [scale] 4.1 4.6 4.1 [rotation] 0 53 -2
*[name] green_tree [pos] 75.8 0.0 -78.3 [scale] 3.8 3.4 3.8 [rotation] 0 70 0
*[name] green_tree [pos] 73.8 0.0 -78.3 [scale] 3.2 3.2 3.2 [rotation] 0 33 3
*[name] green_tree [pos] 52.6 0.0 -78.3 [scale] 4.5 4.8 4.5 [rotation] 0 55 -2
*[name] green_tree [pos] 50.6 0.0 -78.3 [scale] 4.8 5.9 4.8 [rotation] 0 82 2
*[name] green_tree [pos] 54.6 0.0 -76.3 [scale] 4.8 4.2 4.8 [rotation] 0 19 2
*[name] flag [pos] 53.6 0.0 -76.3 [scale] 1.0 1.0 1.0 [rotation] 0 0 0
*[name] green_tree [pos] 20.2 0.0 -76.3 [scale] 4.2 3.8 4.2 [rotation] 0 65 4
*[name] green_tree [pos] 75.8 0.0 -74.3 [scale] 5.0 4.8 5.0 [rotation] 0 65 0
*[name] green_tree [pos] 48.5 0.0 -74.3 [scale] 5.0 4.7 5.0 [rotation] 0 77 -1
*[name] shrub [pos] 40.4 0.0 -74.3 [scale] 1.2 1.2 1.2 [rotation] 0 57 0
*[name] green_tree [pos] 75.8 0.0 -72.3 [scale] 4.8 5.3 4.8 [rotation] 0 2 -2
*[name] green_tree [pos] 53.6 0.0 -72.3 [scale] 3.8 4.4 3.8 [rotation] 0 72 5
*[name] green_tree [pos] 44.5 0.0 -72.3 [scale] 3.1 3.5 3.1 [rotation] 0 76 4
*[name] green_tree [pos] 18.2 0.0 -72.3 [scale] 3.8 4.4 3.8 [rotation] 0 7 1
*[name] flag [pos] 69.8 0.0 -70.3 [scale] 1.0 1.0 1.0 [rotation] 0 0 0
*[name] shrub [pos] 12.1 0.0 -70.3 [scale] 1.2 1.2 1.2 [rotation] 0 61 0
*[name] shrub [pos] 75.8 0.0 -68.3 [scale] 1.7 1.7 1.7 [rotation] 0 14 0
*[name] green_tree [pos] 73.8 0.0 -68.3 [scale] 4.1 4.9 4.1 [rotation] 0 45 -2
*[name] green_tree [pos] 71.8 0.0 -68.3 [scale] 3.6 3.8 3.6 [rotation] 0 51 -3
*[name] green_tree [pos] 53.6 0.0 -68.3 [scale] 4.7 3.9 4.7 [rotation] 0 73 3
*[name] flag [pos] 52.6 0.0 -68.3 [scale] 1.0 1.0 1.0 [rotation] 0 0 0
*[name] shrub [pos] 43.5 0.0 -68.3 [scale] 1.5 1.5 1.5 [rotation] 0 75 0
*[name] green_tree [pos] 73.8 0.0 -66.3 [scale] 3.1 2.5 3.1 [rotation] 0 53 3
*[name] green_tree [pos] 38.4 0.0 -66.3 [scale] 3.1 3.4 3.1 [rotation] 0 49 4
*[name] green_tree [pos] 87.0 0.0 -64.3 [scale] 4.1 5.2 4.1 [rotation] 0 58 1
*[name] flag [pos] 66.7 0.0 -64.3 [scale] 1.0 1.0 1.0 [rotation] 0 0 0
*[name] green_tree [pos] 52.6 0.0 -64.3 [scale] 4.0 3.4 4.0 [rotation] 0 28 -2
*[name] flag [pos] 49.6 0.0 -64.3 [scale] 1.0 1.0 1.0 [rotation] 0 0 0
*[name] green_tree [pos] 38.4 0.0 -64.3 [scale] 3.5 4.2 3.5 [rotation] 0 9 2
*[name] green_tree [pos] 19.2 0.0 -64.3 [scale] 3.2 3.2 3.2 [rotation] 0 19 2
*[name] flag [pos] 18.2 0.0 -64.3 [scale] 1.0 1.0 1.0 [rotation] 0 0 0
*[name] green_tree [pos] 10.1 0.0 -64.3 [scale] 4.2 3.5 4.2 [rotation] 0 64 -1
*[name] flag [pos] 73.8 0.0 -62.3 [scale] 1.0 1.0 1.0 [rotation] 0 0 0
*[name] green_tree [pos] 50.6 0.0 -62.3 [scale] 4.6 4.5 4.6 [rotation] 0 21 4
*[name] shrub [pos] 15.2 0.0 -62.3 [scale] 1.1 1.1 1.1 [rotation] 0 74 0
*[name] green_tree [pos] 74.8 0.0 -60.3 [scale] 4.4 4.5 4.4 [rotation] 0 40 -3
*[name] green_tree [pos] 49.6 0.0 -60.3 [scale] 3.6 2.9 3.6 [rotation] 0 14 5
*[name] flag [pos] 64.7 0.0 -58.2 [scale] 1.0 1.0 1.0 [rotation] 0 0 0
*[name] green_tree [pos] 44.5 0.0 -58.2 [scale] 4.3 4.9 4.3 [rotation] 0 3 5
*[name] green_tree [pos] 43.5 0.0 -58.2 [scale] 5.0 4.6 5.0 [rotation] 0 72 -4
*[name] green_tree [pos] 20.2 0.0 -58.2 [scale] 5.0 6.2 5.0 [rotation] 0 46 -3
*[name] green_tree [pos] 48.5 0.0 -56.2 [scale] 4.1 3.5 4.1 [rotation] 0 23 -2
*[name] green_tree [pos] 18.2 0.0 -56.2 [scale] 4.0 3.3 4.0 [rotation] 0 57 2
*[name] green_tree [pos] 14.2 0.0 -56.2 [scale] 4.9 3.9 4.9 [rotation] 0 50 1
*[name] green_tree [pos] 83.9 0.0 -54.2 [scale] 3.9 5.1 3.9 [rotation] 0 78 3
*[name] flag [pos] 63.7 0.0 -54.2 [scale] 1.0 1.0 1.0 [rotation] 0 0 0
*[name] flag [pos] 45.5 0.0 -54.2 [scale] 1.0 1.0 1.0 [rotation] 0 0 0
*[name] green_tree [pos] 46.5 0.0 -52.2 [scale] 3.0 2.4 3.0 [rotation] 0 65 1
*[name] flag [pos] 62.7 0.0 -50.2 [scale] 1.0 1.0 1.0 [rotation] 0 0 0
*[name] herring [pos] 53.6 0.0 -50.2 [scale] 1.0 1.0 1.0 [rotation] 0 0 0
*[name] green_tree [pos] 9.1 0.0 -50.2 [scale] 4.4 5.2 4.4 [rotation] 0 54 2
*[name] green_tree [pos] 45.5 0.0 -48.2 [scale] 3.0 3.0 3.0 [rotation] 0 70 -5
*[name] flag [pos] 44.5 0.0 -48.2 [scale] 1.0 1.0 1.0 [rotation] 0 0 0
*[name] green_tree [pos] 19.2 0.0 -48.2 [scale] 3.6 3.4 3.6 [rotation] 0 19 4
*[name] green_tree [pos] 74.8 0.0 -46.2 [scale] 3.8 3.9 3.8 [rotation] 0 12 4
*[name] green_tree [pos] 37.4 0.0 -46.2 [scale] 4.1 4.8 4.1 [rotation] 0 55 -0
*[name] green_tree [pos] 88.0 0.0 -44.2 [scale] 4.6 4.0 4.6 [rotation] 0 9 -3
*[name] flag [pos] 60.7 0.0 -44.2 [scale] 1.0 1.0 1.0 [rotation] 0 0 0
*[name] green_tree [pos] 44.5 0.0 -44.2 [scale] 3.3 4.3 3.3 [rotation] 0 2 -3
*[name] herring [pos] 50.6 0.0 -42.2 [scale] 1.0 1.0 1.0 [rotation] 0 0 0
*[name] flag [pos] 43.5 0.0 -42.2 [scale] 1.0 1.0 1.0 [rotation] 0 0 0
*[name] green_tree [pos] 44.5 0.0 -40.2 [scale] 5.0 5.8 5.0 [rotation] 0 73 2
*[name] flag [pos] 18.2 0.0 -40.2 [scale] 1.0 1.0 1.0 [rotation] 0 0 0
*[name] flag [pos] 73.8 0.0 -38.2 [scale] 1.0 1.0 1.0 [rotation] 0 0 0
*[name] green_tree [pos] 42.5 0.0 -38.2 [scale] 4.0 4.0 4.0 [rotation] 0 34 0
*[name] green_tree [pos] 21.2 0.0 -38.2 [scale] 4.6 4.1 4.6 [rotation] 0 48 -4
*[name] green_tree [pos] 58.7 0.0 -36.2 [scale] 3.9 4.5 3.9 [rotation] 0 88 3
*[name] herring [pos] 49.6 0.0 -36.2 [scale] 1.0 1.0 1.0 [rotation] 0 0 0
*[name] flag [pos] 57.6 0.0 -34.1 [scale] 1.0 1.0 1.0 [rotation] 0 0 0
*[name] flag [pos] 41.5 0.0 -34.1 [scale] 1.0 1.0 1.0 [rotation] 0 0 0
*[name] green_tree [pos] 41.5 0.0 -32.1 [scale] 3.4 2.9 3.4 [rotation] 0 63 2
*[name] green_tree [pos] 18.2 0.0 -32.1 [scale] 4.8 4.5 4.8 [rotation] 0 19 2
*[name] green_tree [pos] 41.5 0.0 -30.1 [scale] 3.9 3.8 3.9 [rotation] 0 83 1
*[name] flag [pos] 73.8 0.0 -28.1 [scale] 1.0 1.0 1.0 [rotation] 0 0 0
*[name] green_tree [pos] 55.6 0.0 -28.1 [scale] 3.6 4.5 3.6 [rotation] 0 72 -2
*[name] flag [pos] 54.6 0.0 -28.1 [scale] 1.0 1.0 1.0 [rotation] 0 0 0
*[name] flag [pos] 40.4 0.0 -28.1 [scale] 1.0 1.0 1.0 [rotation] 0 0 0
*[name] green_tree [pos] 56.6 0.0 -26.1 [scale] 4.4 4.8 4.4 [rotation] 0 86 -3
*[name] green_tree [pos] 40.4 0.0 -26.1 [scale] 3.1 3.0 3.1 [rotation] 0 63 4
*[name] green_tree [pos] 20.2 0.0 -26.1 [scale] 4.0 3.6 4.0 [rotation] 0 87 4
*[name] green_tree [pos] 82.9 0.0 -24.1 [scale] 4.9 6.3 4.9 [rotation] 0 66 -3
*[name] green_tree [pos] 77.9 0.0 -24.1 [scale] 3.1 3.2 3.1 [rotation] 0 82 4
*[name] green_tree [pos] 11.1 0.0 -24.1 [scale] 4.5 3.9 4.5 [rotation] 0 56 -3
*[name] green_tree [pos] 6.1 0.0 -24.1 [scale] 3.9 4.2 3.9 [rotation] 0 76 2
*[name] green_tree [pos] 41.5 0.0 -22.1 [scale] 3.9 4.4 3.9 [rotation] 0 89 -3
*[name] green_tree [pos] 40.4 0.0 -22.1 [scale] 3.5 4.5 3.5 [rotation] 0 30 -2
*[name] green_tree [pos] 19.2 0.0 -20.1 [scale] 3.5 2.9 3.5 [rotation] 0 14 3
*[name] green_tree [pos] 15.2 0.0 -20.1 [scale] 3.5 3.0 3.5 [rotation] 0 61 -3
*[name] flag [pos] 53.6 0.0 -18.1 [scale] 1.0 1.0 1.0 [rotation] 0 0 0
*[name] flag [pos] 18.2 0.0 -18.1 [scale] 1.0 1.0 1.0 [rotation] 0 0 0
*[name] green_tree [pos] 17.2 0.0 -18.1 [scale] 3.2 3.2 3.2 [rotation] 0 36 -4
*[name] green_tree [pos] 15.2 0.0 -18.1 [scale] 4.7 4.5 4.7 [rotation] 0 9 1
*[name] green_tree [pos] 60.7 0.0 -16.1 [scale] 3.9 4.5 3.9 [rotation] 0 71 4
*[name] shrub [pos] 42.5 0.0 -16.1 [scale] 0.9 0.9 0.9 [rotation] 0 57 0
*[name] flag [pos] 40.4 0.0 -16.1 [scale] 1.0 1.0 1.0 [rotation] 0 0 0
*[name] green_tree [pos] 76.9 0.0 -12.1 [scale] 4.2 4.9 4.2 [rotation] 0 26 1
*[name] flag [pos] 52.6 0.0 -12.1 [scale] 1.0 1.0 1.0 [rotation] 0 0 0
*[name] green_tree [pos] 41.5 0.0 -12.1 [scale] 4.8 5.1 4.8 [rotation] 0 48 -3
*[name] green_tree [pos] 15.2 0.0 -12.1 [scale] 4.7 5.7 4.7 [rotation] 0 23 -5
*[name] green_tree [pos] 60.7 0.0 -10.0 [scale] 4.1 4.4 4.1 [rotation] 0 13 -3
*[name] green_tree [pos] 13.1 0.0 -10.0 [scale] 4.5 4.1 4.5 [rotation] 0 58 -4
*[name] flag [pos] 51.6 0.0 -8.0 [scale] 1.0 1.0 1.0 [rotation] 0 0 0
*[name] flag [pos] 41.5 0.0 -8.0 [scale] 1.0 1.0 1.0 [rotation] 0 0 0
*[name] green_tree [pos] 5.1 0.0 -8.0 [scale] 3.7 3.9 3.7 [rotation] 0 40 -0

*[name] finish [pos] 45 0.0 -450.0 [scale] 5 4 4 [rotation] 0 0 0
*[name] start [pos] 45 0.0 -4.0 [scale] 5 4 4 [rotation] 0 0 0
